12:28:40 **** Build of configuration Debug for project String ****
make all 
Building file: ../src/String.cpp
Invoking: GCC C++ Compiler
g++ -O0 -g3 -Wall -c -fmessage-length=0 -MMD -MP -MF"src/String.d" -MT"src/String.o" -o "src/String.o" "../src/String.cpp"
Finished building: ../src/String.cpp
 
Building target: String
Invoking: GCC C++ Linker
g++  -o "String"  ./src/String.o   
Finished building target: String
 
12:28:42 **** Build of configuration Debug for project Vector ****
make all 
Building file: ../src/Vector.cpp
Invoking: GCC C++ Compiler
g++ -O0 -g3 -Wall -c -fmessage-length=0 -MMD -MP -MF"src/Vector.d" -MT"src/Vector.o" -o "src/Vector.o" "../src/Vector.cpp"
Finished building: ../src/Vector.cpp
 
Building target: Vector
Invoking: GCC C++ Linker
g++  -o "Vector"  ./src/Vector.o   
Finished building target: Vector
 
12:28:50 **** Incremental Build of configuration Debug for project String ****
make all 
make: Nothing to be done for 'all'.
12:29:17 **** Incremental Build of configuration Debug for project String ****
make all 
Building file: ../src/String.cpp
Invoking: GCC C++ Compiler
g++ -O0 -g3 -Wall -c -fmessage-length=0 -MMD -MP -MF"src/String.d" -MT"src/String.o" -o "src/String.o" "../src/String.cpp"
Finished building: ../src/String.cpp
 
Building target: String
Invoking: GCC C++ Linker
g++  -o "String"  ./src/String.o   
Finished building target: String
 
12:34:23 **** Incremental Build of configuration Debug for project String ****
make all 
Building file: ../src/String.cpp
Invoking: GCC C++ Compiler
g++ -O0 -g3 -Wall -c -fmessage-length=0 -MMD -MP -MF"src/String.d" -MT"src/String.o" -o "src/String.o" "../src/String.cpp"
Finished building: ../src/String.cpp
 
Building target: String
Invoking: GCC C++ Linker
g++  -o "String"  ./src/String.o   
Finished building target: String
 
12:35:41 **** Incremental Build of configuration Debug for project String ****
make all 
Building file: ../src/String.cpp
Invoking: GCC C++ Compiler
g++ -O0 -g3 -Wall -c -fmessage-length=0 -MMD -MP -MF"src/String.d" -MT"src/String.o" -o "src/String.o" "../src/String.cpp"
Finished building: ../src/String.cpp
 
Building target: String
Invoking: GCC C++ Linker
g++  -o "String"  ./src/String.o   
Finished building target: String
 
12:35:55 **** Incremental Build of configuration Debug for project String ****
make all 
make: Nothing to be done for 'all'.
13:05:32 **** Incremental Build of configuration Debug for project String ****
make all 
Building file: ../src/String.cpp
Invoking: GCC C++ Compiler
g++ -O0 -g3 -Wall -c -fmessage-length=0 -MMD -MP -MF"src/String.d" -MT"src/String.o" -o "src/String.o" "../src/String.cpp"
Finished building: ../src/String.cpp
 
Building target: String
Invoking: GCC C++ Linker
g++  -o "String"  ./src/String.o   
Finished building target: String
 
13:08:06 **** Incremental Build of configuration Debug for project String ****
make all 
Building file: ../src/String.cpp
Invoking: GCC C++ Compiler
g++ -O0 -g3 -Wall -c -fmessage-length=0 -MMD -MP -MF"src/String.d" -MT"src/String.o" -o "src/String.o" "../src/String.cpp"
Finished building: ../src/String.cpp
 
Building target: String
Invoking: GCC C++ Linker
g++  -o "String"  ./src/String.o   
Finished building target: String
 
13:10:59 **** Incremental Build of configuration Debug for project String ****
make all 
Building file: ../src/String.cpp
Invoking: GCC C++ Compiler
g++ -O0 -g3 -Wall -c -fmessage-length=0 -MMD -MP -MF"src/String.d" -MT"src/String.o" -o "src/String.o" "../src/String.cpp"
Finished building: ../src/String.cpp
 
Building target: String
Invoking: GCC C++ Linker
g++  -o "String"  ./src/String.o   
Finished building target: String
 
13:11:22 **** Incremental Build of configuration Debug for project String ****
make all 
Building file: ../src/String.cpp
Invoking: GCC C++ Compiler
g++ -O0 -g3 -Wall -c -fmessage-length=0 -MMD -MP -MF"src/String.d" -MT"src/String.o" -o "src/String.o" "../src/String.cpp"
Finished building: ../src/String.cpp
 
Building target: String
Invoking: GCC C++ Linker
g++  -o "String"  ./src/String.o   
Finished building target: String
 
13:11:35 **** Incremental Build of configuration Debug for project String ****
make all 
Building file: ../src/String.cpp
Invoking: GCC C++ Compiler
g++ -O0 -g3 -Wall -c -fmessage-length=0 -MMD -MP -MF"src/String.d" -MT"src/String.o" -o "src/String.o" "../src/String.cpp"
Finished building: ../src/String.cpp
 
Building target: String
Invoking: GCC C++ Linker
g++  -o "String"  ./src/String.o   
Finished building target: String
 
13:19:46 **** Incremental Build of configuration Debug for project String ****
make all 
Building file: ../src/String.cpp
Invoking: GCC C++ Compiler
g++ -O0 -g3 -Wall -c -fmessage-length=0 -MMD -MP -MF"src/String.d" -MT"src/String.o" -o "src/String.o" "../src/String.cpp"
../src/String.cpp: In function ‘int main()’:
../src/String.cpp:41:7: error: no match for ‘operator<<’ (operand types are ‘std::ostream {aka std::basic_ostream<char>}’ and ‘__gnu_cxx::__normal_iterator<char*, std::__cxx11::basic_string<char> >’)
   cout<<it<<endl;
   ~~~~^~~~
In file included from /usr/include/c++/7/iostream:39:0,
                 from ../src/String.cpp:9:
/usr/include/c++/7/ostream:108:7: note: candidate: std::basic_ostream<_CharT, _Traits>::__ostream_type& std::basic_ostream<_CharT, _Traits>::operator<<(std::basic_ostream<_CharT, _Traits>::__ostream_type& (*)(std::basic_ostream<_CharT, _Traits>::__ostream_type&)) [with _CharT = char; _Traits = std::char_traits<char>; std::basic_ostream<_CharT, _Traits>::__ostream_type = std::basic_ostream<char>]
       operator<<(__ostream_type& (*__pf)(__ostream_type&))
       ^~~~~~~~
/usr/include/c++/7/ostream:108:7: note:   no known conversion for argument 1 from ‘__gnu_cxx::__normal_iterator<char*, std::__cxx11::basic_string<char> >’ to ‘std::basic_ostream<char>::__ostream_type& (*)(std::basic_ostream<char>::__ostream_type&) {aka std::basic_ostream<char>& (*)(std::basic_ostream<char>&)}’
src/subdir.mk:18: recipe for target 'src/String.o' failed
/usr/include/c++/7/ostream:117:7: note: candidate: std::basic_ostream<_CharT, _Traits>::__ostream_type& std::basic_ostream<_CharT, _Traits>::operator<<(std::basic_ostream<_CharT, _Traits>::__ios_type& (*)(std::basic_ostream<_CharT, _Traits>::__ios_type&)) [with _CharT = char; _Traits = std::char_traits<char>; std::basic_ostream<_CharT, _Traits>::__ostream_type = std::basic_ostream<char>; std::basic_ostream<_CharT, _Traits>::__ios_type = std::basic_ios<char>]
       operator<<(__ios_type& (*__pf)(__ios_type&))
       ^~~~~~~~
/usr/include/c++/7/ostream:117:7: note:   no known conversion for argument 1 from ‘__gnu_cxx::__normal_iterator<char*, std::__cxx11::basic_string<char> >’ to ‘std::basic_ostream<char>::__ios_type& (*)(std::basic_ostream<char>::__ios_type&) {aka std::basic_ios<char>& (*)(std::basic_ios<char>&)}’
/usr/include/c++/7/ostream:127:7: note: candidate: std::basic_ostream<_CharT, _Traits>::__ostream_type& std::basic_ostream<_CharT, _Traits>::operator<<(std::ios_base& (*)(std::ios_base&)) [with _CharT = char; _Traits = std::char_traits<char>; std::basic_ostream<_CharT, _Traits>::__ostream_type = std::basic_ostream<char>]
       operator<<(ios_base& (*__pf) (ios_base&))
       ^~~~~~~~
/usr/include/c++/7/ostream:127:7: note:   no known conversion for argument 1 from ‘__gnu_cxx::__normal_iterator<char*, std::__cxx11::basic_string<char> >’ to ‘std::ios_base& (*)(std::ios_base&)’
/usr/include/c++/7/ostream:166:7: note: candidate: std::basic_ostream<_CharT, _Traits>::__ostream_type& std::basic_ostream<_CharT, _Traits>::operator<<(long int) [with _CharT = char; _Traits = std::char_traits<char>; std::basic_ostream<_CharT, _Traits>::__ostream_type = std::basic_ostream<char>]
       operator<<(long __n)
       ^~~~~~~~
/usr/include/c++/7/ostream:166:7: note:   no known conversion for argument 1 from ‘__gnu_cxx::__normal_iterator<char*, std::__cxx11::basic_string<char> >’ to ‘long int’
/usr/include/c++/7/ostream:170:7: note: candidate: std::basic_ostream<_CharT, _Traits>::__ostream_type& std::basic_ostream<_CharT, _Traits>::operator<<(long unsigned int) [with _CharT = char; _Traits = std::char_traits<char>; std::basic_ostream<_CharT, _Traits>::__ostream_type = std::basic_ostream<char>]
       operator<<(unsigned long __n)
       ^~~~~~~~
/usr/include/c++/7/ostream:170:7: note:   no known conversion for argument 1 from ‘__gnu_cxx::__normal_iterator<char*, std::__cxx11::basic_string<char> >’ to ‘long unsigned int’
/usr/include/c++/7/ostream:174:7: note: candidate: std::basic_ostream<_CharT, _Traits>::__ostream_type& std::basic_ostream<_CharT, _Traits>::operator<<(bool) [with _CharT = char; _Traits = std::char_traits<char>; std::basic_ostream<_CharT, _Traits>::__ostream_type = std::basic_ostream<char>]
       operator<<(bool __n)
       ^~~~~~~~
/usr/include/c++/7/ostream:174:7: note:   no known conversion for argument 1 from ‘__gnu_cxx::__normal_iterator<char*, std::__cxx11::basic_string<char> >’ to ‘bool’
In file included from /usr/include/c++/7/ostream:693:0,
                 from /usr/include/c++/7/iostream:39,
                 from ../src/String.cpp:9:
/usr/include/c++/7/bits/ostream.tcc:91:5: note: candidate: std::basic_ostream<_CharT, _Traits>& std::basic_ostream<_CharT, _Traits>::operator<<(short int) [with _CharT = char; _Traits = std::char_traits<char>]
     basic_ostream<_CharT, _Traits>::
     ^~~~~~~~~~~~~~~~~~~~~~~~~~~~~~
/usr/include/c++/7/bits/ostream.tcc:91:5: note:   no known conversion for argument 1 from ‘__gnu_cxx::__normal_iterator<char*, std::__cxx11::basic_string<char> >’ to ‘short int’
In file included from /usr/include/c++/7/iostream:39:0,
                 from ../src/String.cpp:9:
/usr/include/c++/7/ostream:181:7: note: candidate: std::basic_ostream<_CharT, _Traits>::__ostream_type& std::basic_ostream<_CharT, _Traits>::operator<<(short unsigned int) [with _CharT = char; _Traits = std::char_traits<char>; std::basic_ostream<_CharT, _Traits>::__ostream_type = std::basic_ostream<char>]
       operator<<(unsigned short __n)
       ^~~~~~~~
/usr/include/c++/7/ostream:181:7: note:   no known conversion for argument 1 from ‘__gnu_cxx::__normal_iterator<char*, std::__cxx11::basic_string<char> >’ to ‘short unsigned int’
In file included from /usr/include/c++/7/ostream:693:0,
                 from /usr/include/c++/7/iostream:39,
                 from ../src/String.cpp:9:
/usr/include/c++/7/bits/ostream.tcc:105:5: note: candidate: std::basic_ostream<_CharT, _Traits>& std::basic_ostream<_CharT, _Traits>::operator<<(int) [with _CharT = char; _Traits = std::char_traits<char>]
     basic_ostream<_CharT, _Traits>::
     ^~~~~~~~~~~~~~~~~~~~~~~~~~~~~~
/usr/include/c++/7/bits/ostream.tcc:105:5: note:   no known conversion for argument 1 from ‘__gnu_cxx::__normal_iterator<char*, std::__cxx11::basic_string<char> >’ to ‘int’
In file included from /usr/include/c++/7/iostream:39:0,
                 from ../src/String.cpp:9:
/usr/include/c++/7/ostream:192:7: note: candidate: std::basic_ostream<_CharT, _Traits>::__ostream_type& std::basic_ostream<_CharT, _Traits>::operator<<(unsigned int) [with _CharT = char; _Traits = std::char_traits<char>; std::basic_ostream<_CharT, _Traits>::__ostream_type = std::basic_ostream<char>]
       operator<<(unsigned int __n)
       ^~~~~~~~
/usr/include/c++/7/ostream:192:7: note:   no known conversion for argument 1 from ‘__gnu_cxx::__normal_iterator<char*, std::__cxx11::basic_string<char> >’ to ‘unsigned int’
/usr/include/c++/7/ostream:201:7: note: candidate: std::basic_ostream<_CharT, _Traits>::__ostream_type& std::basic_ostream<_CharT, _Traits>::operator<<(long long int) [with _CharT = char; _Traits = std::char_traits<char>; std::basic_ostream<_CharT, _Traits>::__ostream_type = std::basic_ostream<char>]
       operator<<(long long __n)
       ^~~~~~~~
/usr/include/c++/7/ostream:201:7: note:   no known conversion for argument 1 from ‘__gnu_cxx::__normal_iterator<char*, std::__cxx11::basic_string<char> >’ to ‘long long int’
/usr/include/c++/7/ostream:205:7: note: candidate: std::basic_ostream<_CharT, _Traits>::__ostream_type& std::basic_ostream<_CharT, _Traits>::operator<<(long long unsigned int) [with _CharT = char; _Traits = std::char_traits<char>; std::basic_ostream<_CharT, _Traits>::__ostream_type = std::basic_ostream<char>]
       operator<<(unsigned long long __n)
       ^~~~~~~~
/usr/include/c++/7/ostream:205:7: note:   no known conversion for argument 1 from ‘__gnu_cxx::__normal_iterator<char*, std::__cxx11::basic_string<char> >’ to ‘long long unsigned int’
/usr/include/c++/7/ostream:220:7: note: candidate: std::basic_ostream<_CharT, _Traits>::__ostream_type& std::basic_ostream<_CharT, _Traits>::operator<<(double) [with _CharT = char; _Traits = std::char_traits<char>; std::basic_ostream<_CharT, _Traits>::__ostream_type = std::basic_ostream<char>]
       operator<<(double __f)
       ^~~~~~~~
/usr/include/c++/7/ostream:220:7: note:   no known conversion for argument 1 from ‘__gnu_cxx::__normal_iterator<char*, std::__cxx11::basic_string<char> >’ to ‘double’
/usr/include/c++/7/ostream:224:7: note: candidate: std::basic_ostream<_CharT, _Traits>::__ostream_type& std::basic_ostream<_CharT, _Traits>::operator<<(float) [with _CharT = char; _Traits = std::char_traits<char>; std::basic_ostream<_CharT, _Traits>::__ostream_type = std::basic_ostream<char>]
       operator<<(float __f)
       ^~~~~~~~
/usr/include/c++/7/ostream:224:7: note:   no known conversion for argument 1 from ‘__gnu_cxx::__normal_iterator<char*, std::__cxx11::basic_string<char> >’ to ‘float’
/usr/include/c++/7/ostream:232:7: note: candidate: std::basic_ostream<_CharT, _Traits>::__ostream_type& std::basic_ostream<_CharT, _Traits>::operator<<(long double) [with _CharT = char; _Traits = std::char_traits<char>; std::basic_ostream<_CharT, _Traits>::__ostream_type = std::basic_ostream<char>]
       operator<<(long double __f)
       ^~~~~~~~
/usr/include/c++/7/ostream:232:7: note:   no known conversion for argument 1 from ‘__gnu_cxx::__normal_iterator<char*, std::__cxx11::basic_string<char> >’ to ‘long double’
/usr/include/c++/7/ostream:245:7: note: candidate: std::basic_ostream<_CharT, _Traits>::__ostream_type& std::basic_ostream<_CharT, _Traits>::operator<<(const void*) [with _CharT = char; _Traits = std::char_traits<char>; std::basic_ostream<_CharT, _Traits>::__ostream_type = std::basic_ostream<char>]
       operator<<(const void* __p)
       ^~~~~~~~
/usr/include/c++/7/ostream:245:7: note:   no known conversion for argument 1 from ‘__gnu_cxx::__normal_iterator<char*, std::__cxx11::basic_string<char> >’ to ‘const void*’
In file included from /usr/include/c++/7/ostream:693:0,
                 from /usr/include/c++/7/iostream:39,
                 from ../src/String.cpp:9:
/usr/include/c++/7/bits/ostream.tcc:119:5: note: candidate: std::basic_ostream<_CharT, _Traits>& std::basic_ostream<_CharT, _Traits>::operator<<(std::basic_ostream<_CharT, _Traits>::__streambuf_type*) [with _CharT = char; _Traits = std::char_traits<char>; std::basic_ostream<_CharT, _Traits>::__streambuf_type = std::basic_streambuf<char>]
     basic_ostream<_CharT, _Traits>::
     ^~~~~~~~~~~~~~~~~~~~~~~~~~~~~~
/usr/include/c++/7/bits/ostream.tcc:119:5: note:   no known conversion for argument 1 from ‘__gnu_cxx::__normal_iterator<char*, std::__cxx11::basic_string<char> >’ to ‘std::basic_ostream<char>::__streambuf_type* {aka std::basic_streambuf<char>*}’
In file included from /usr/include/c++/7/string:52:0,
                 from /usr/include/c++/7/bits/locale_classes.h:40,
                 from /usr/include/c++/7/bits/ios_base.h:41,
                 from /usr/include/c++/7/ios:42,
                 from /usr/include/c++/7/ostream:38,
                 from /usr/include/c++/7/iostream:39,
                 from ../src/String.cpp:9:
/usr/include/c++/7/bits/basic_string.h:6284:5: note: candidate: template<class _CharT, class _Traits, class _Alloc> std::basic_ostream<_CharT, _Traits>& std::operator<<(std::basic_ostream<_CharT, _Traits>&, const std::__cxx11::basic_string<_CharT, _Traits, _Alloc>&)
     operator<<(basic_ostream<_CharT, _Traits>& __os,
     ^~~~~~~~
/usr/include/c++/7/bits/basic_string.h:6284:5: note:   template argument deduction/substitution failed:
../src/String.cpp:41:9: note:   ‘__gnu_cxx::__normal_iterator<char*, std::__cxx11::basic_string<char> >’ is not derived from ‘const std::__cxx11::basic_string<_CharT, _Traits, _Alloc>’
   cout<<it<<endl;
         ^~
In file included from /usr/include/c++/7/bits/ios_base.h:46:0,
                 from /usr/include/c++/7/ios:42,
                 from /usr/include/c++/7/ostream:38,
                 from /usr/include/c++/7/iostream:39,
                 from ../src/String.cpp:9:
/usr/include/c++/7/system_error:217:5: note: candidate: template<class _CharT, class _Traits> std::basic_ostream<_CharT, _Traits>& std::operator<<(std::basic_ostream<_CharT, _Traits>&, const std::error_code&)
     operator<<(basic_ostream<_CharT, _Traits>& __os, const error_code& __e)
     ^~~~~~~~
/usr/include/c++/7/system_error:217:5: note:   template argument deduction/substitution failed:
../src/String.cpp:41:9: note:   cannot convert ‘it’ (type ‘__gnu_cxx::__normal_iterator<char*, std::__cxx11::basic_string<char> >’) to type ‘const std::error_code&’
   cout<<it<<endl;
         ^~
In file included from /usr/include/c++/7/iostream:39:0,
                 from ../src/String.cpp:9:
/usr/include/c++/7/ostream:497:5: note: candidate: template<class _CharT, class _Traits> std::basic_ostream<_CharT, _Traits>& std::operator<<(std::basic_ostream<_CharT, _Traits>&, _CharT)
     operator<<(basic_ostream<_CharT, _Traits>& __out, _CharT __c)
     ^~~~~~~~
/usr/include/c++/7/ostream:497:5: note:   template argument deduction/substitution failed:
../src/String.cpp:41:9: note:   deduced conflicting types for parameter ‘_CharT’ (‘char’ and ‘__gnu_cxx::__normal_iterator<char*, std::__cxx11::basic_string<char> >’)
   cout<<it<<endl;
         ^~
In file included from /usr/include/c++/7/iostream:39:0,
                 from ../src/String.cpp:9:
/usr/include/c++/7/ostream:502:5: note: candidate: template<class _CharT, class _Traits> std::basic_ostream<_CharT, _Traits>& std::operator<<(std::basic_ostream<_CharT, _Traits>&, char)
     operator<<(basic_ostream<_CharT, _Traits>& __out, char __c)
     ^~~~~~~~
/usr/include/c++/7/ostream:502:5: note:   template argument deduction/substitution failed:
../src/String.cpp:41:9: note:   cannot convert ‘it’ (type ‘__gnu_cxx::__normal_iterator<char*, std::__cxx11::basic_string<char> >’) to type ‘char’
   cout<<it<<endl;
         ^~
In file included from /usr/include/c++/7/iostream:39:0,
                 from ../src/String.cpp:9:
/usr/include/c++/7/ostream:508:5: note: candidate: template<class _Traits> std::basic_ostream<char, _Traits>& std::operator<<(std::basic_ostream<char, _Traits>&, char)
     operator<<(basic_ostream<char, _Traits>& __out, char __c)
     ^~~~~~~~
/usr/include/c++/7/ostream:508:5: note:   template argument deduction/substitution failed:
../src/String.cpp:41:9: note:   cannot convert ‘it’ (type ‘__gnu_cxx::__normal_iterator<char*, std::__cxx11::basic_string<char> >’) to type ‘char’
   cout<<it<<endl;
         ^~
In file included from /usr/include/c++/7/iostream:39:0,
                 from ../src/String.cpp:9:
/usr/include/c++/7/ostream:514:5: note: candidate: template<class _Traits> std::basic_ostream<char, _Traits>& std::operator<<(std::basic_ostream<char, _Traits>&, signed char)
     operator<<(basic_ostream<char, _Traits>& __out, signed char __c)
     ^~~~~~~~
/usr/include/c++/7/ostream:514:5: note:   template argument deduction/substitution failed:
../src/String.cpp:41:9: note:   cannot convert ‘it’ (type ‘__gnu_cxx::__normal_iterator<char*, std::__cxx11::basic_string<char> >’) to type ‘signed char’
   cout<<it<<endl;
         ^~
In file included from /usr/include/c++/7/iostream:39:0,
                 from ../src/String.cpp:9:
/usr/include/c++/7/ostream:519:5: note: candidate: template<class _Traits> std::basic_ostream<char, _Traits>& std::operator<<(std::basic_ostream<char, _Traits>&, unsigned char)
     operator<<(basic_ostream<char, _Traits>& __out, unsigned char __c)
     ^~~~~~~~
/usr/include/c++/7/ostream:519:5: note:   template argument deduction/substitution failed:
../src/String.cpp:41:9: note:   cannot convert ‘it’ (type ‘__gnu_cxx::__normal_iterator<char*, std::__cxx11::basic_string<char> >’) to type ‘unsigned char’
   cout<<it<<endl;
         ^~
In file included from /usr/include/c++/7/iostream:39:0,
                 from ../src/String.cpp:9:
/usr/include/c++/7/ostream:539:5: note: candidate: template<class _CharT, class _Traits> std::basic_ostream<_CharT, _Traits>& std::operator<<(std::basic_ostream<_CharT, _Traits>&, const _CharT*)
     operator<<(basic_ostream<_CharT, _Traits>& __out, const _CharT* __s)
     ^~~~~~~~
/usr/include/c++/7/ostream:539:5: note:   template argument deduction/substitution failed:
../src/String.cpp:41:9: note:   mismatched types ‘const _CharT*’ and ‘__gnu_cxx::__normal_iterator<char*, std::__cxx11::basic_string<char> >’
   cout<<it<<endl;
         ^~
In file included from /usr/include/c++/7/ostream:693:0,
                 from /usr/include/c++/7/iostream:39,
                 from ../src/String.cpp:9:
/usr/include/c++/7/bits/ostream.tcc:321:5: note: candidate: template<class _CharT, class _Traits> std::basic_ostream<_CharT, _Traits>& std::operator<<(std::basic_ostream<_CharT, _Traits>&, const char*)
     operator<<(basic_ostream<_CharT, _Traits>& __out, const char* __s)
     ^~~~~~~~
/usr/include/c++/7/bits/ostream.tcc:321:5: note:   template argument deduction/substitution failed:
../src/String.cpp:41:9: note:   cannot convert ‘it’ (type ‘__gnu_cxx::__normal_iterator<char*, std::__cxx11::basic_string<char> >’) to type ‘const char*’
   cout<<it<<endl;
         ^~
In file included from /usr/include/c++/7/iostream:39:0,
                 from ../src/String.cpp:9:
/usr/include/c++/7/ostream:556:5: note: candidate: template<class _Traits> std::basic_ostream<char, _Traits>& std::operator<<(std::basic_ostream<char, _Traits>&, const char*)
     operator<<(basic_ostream<char, _Traits>& __out, const char* __s)
     ^~~~~~~~
/usr/include/c++/7/ostream:556:5: note:   template argument deduction/substitution failed:
../src/String.cpp:41:9: note:   cannot convert ‘it’ (type ‘__gnu_cxx::__normal_iterator<char*, std::__cxx11::basic_string<char> >’) to type ‘const char*’
   cout<<it<<endl;
         ^~
In file included from /usr/include/c++/7/iostream:39:0,
                 from ../src/String.cpp:9:
/usr/include/c++/7/ostream:569:5: note: candidate: template<class _Traits> std::basic_ostream<char, _Traits>& std::operator<<(std::basic_ostream<char, _Traits>&, const signed char*)
     operator<<(basic_ostream<char, _Traits>& __out, const signed char* __s)
     ^~~~~~~~
/usr/include/c++/7/ostream:569:5: note:   template argument deduction/substitution failed:
../src/String.cpp:41:9: note:   cannot convert ‘it’ (type ‘__gnu_cxx::__normal_iterator<char*, std::__cxx11::basic_string<char> >’) to type ‘const signed char*’
   cout<<it<<endl;
         ^~
In file included from /usr/include/c++/7/iostream:39:0,
                 from ../src/String.cpp:9:
/usr/include/c++/7/ostream:574:5: note: candidate: template<class _Traits> std::basic_ostream<char, _Traits>& std::operator<<(std::basic_ostream<char, _Traits>&, const unsigned char*)
     operator<<(basic_ostream<char, _Traits>& __out, const unsigned char* __s)
     ^~~~~~~~
/usr/include/c++/7/ostream:574:5: note:   template argument deduction/substitution failed:
../src/String.cpp:41:9: note:   cannot convert ‘it’ (type ‘__gnu_cxx::__normal_iterator<char*, std::__cxx11::basic_string<char> >’) to type ‘const unsigned char*’
   cout<<it<<endl;
         ^~
In file included from /usr/include/c++/7/iostream:39:0,
                 from ../src/String.cpp:9:
/usr/include/c++/7/ostream:682:5: note: candidate: template<class _Ostream, class _Tp> typename std::enable_if<std::__and_<std::__not_<std::is_lvalue_reference<_Tp> >, std::__is_convertible_to_basic_ostream<_Ostream>, std::__is_insertable<typename std::__is_convertible_to_basic_ostream<_Tp>::__ostream_type, const _Tp&, void> >::value, typename std::__is_convertible_to_basic_ostream<_Tp>::__ostream_type>::type std::operator<<(_Ostream&&, const _Tp&)
     operator<<(_Ostream&& __os, const _Tp& __x)
     ^~~~~~~~
/usr/include/c++/7/ostream:682:5: note:   template argument deduction/substitution failed:
/usr/include/c++/7/ostream: In substitution of ‘template<class _Ostream, class _Tp> typename std::enable_if<std::__and_<std::__not_<std::is_lvalue_reference<_Tp> >, std::__is_convertible_to_basic_ostream<_Ostream>, std::__is_insertable<typename std::__is_convertible_to_basic_ostream<_Tp>::__ostream_type, const _Tp&, void> >::value, typename std::__is_convertible_to_basic_ostream<_Tp>::__ostream_type>::type std::operator<<(_Ostream&&, const _Tp&) [with _Ostream = std::basic_ostream<char>&; _Tp = __gnu_cxx::__normal_iterator<char*, std::__cxx11::basic_string<char> >]’:
../src/String.cpp:41:9:   required from here
/usr/include/c++/7/ostream:682:5: error: no type named ‘type’ in ‘struct std::enable_if<false, std::basic_ostream<char>&>’
make: *** [src/String.o] Error 1
"make all" terminated with exit code 2. Build might be incomplete.
13:20:00 **** Incremental Build of configuration Debug for project String ****
make all 
Building file: ../src/String.cpp
Invoking: GCC C++ Compiler
g++ -O0 -g3 -Wall -c -fmessage-length=0 -MMD -MP -MF"src/String.d" -MT"src/String.o" -o "src/String.o" "../src/String.cpp"
Finished building: ../src/String.cpp
 
Building target: String
Invoking: GCC C++ Linker
g++  -o "String"  ./src/String.o   
Finished building target: String
 
13:20:54 **** Incremental Build of configuration Debug for project String ****
make all 
Building file: ../src/String.cpp
Invoking: GCC C++ Compiler
g++ -O0 -g3 -Wall -c -fmessage-length=0 -MMD -MP -MF"src/String.d" -MT"src/String.o" -o "src/String.o" "../src/String.cpp"
Finished building: ../src/String.cpp
 
Building target: String
Invoking: GCC C++ Linker
g++  -o "String"  ./src/String.o   
Finished building target: String
 
13:21:31 **** Incremental Build of configuration Debug for project String ****
make all 
Building file: ../src/String.cpp
Invoking: GCC C++ Compiler
g++ -O0 -g3 -Wall -c -fmessage-length=0 -MMD -MP -MF"src/String.d" -MT"src/String.o" -o "src/String.o" "../src/String.cpp"
Finished building: ../src/String.cpp
 
Building target: String
Invoking: GCC C++ Linker
g++  -o "String"  ./src/String.o   
Finished building target: String
 
13:21:57 **** Incremental Build of configuration Debug for project String ****
make all 
Building file: ../src/String.cpp
Invoking: GCC C++ Compiler
g++ -O0 -g3 -Wall -c -fmessage-length=0 -MMD -MP -MF"src/String.d" -MT"src/String.o" -o "src/String.o" "../src/String.cpp"
Finished building: ../src/String.cpp
 
Building target: String
Invoking: GCC C++ Linker
g++  -o "String"  ./src/String.o   
Finished building target: String
 
13:24:06 **** Incremental Build of configuration Debug for project String ****
make all 
Building file: ../src/String.cpp
Invoking: GCC C++ Compiler
g++ -O0 -g3 -Wall -c -fmessage-length=0 -MMD -MP -MF"src/String.d" -MT"src/String.o" -o "src/String.o" "../src/String.cpp"
Finished building: ../src/String.cpp
 
Building target: String
Invoking: GCC C++ Linker
g++  -o "String"  ./src/String.o   
Finished building target: String
 
13:41:47 **** Incremental Build of configuration Debug for project String ****
make all 
Building file: ../src/String.cpp
Invoking: GCC C++ Compiler
g++ -O0 -g3 -Wall -c -fmessage-length=0 -MMD -MP -MF"src/String.d" -MT"src/String.o" -o "src/String.o" "../src/String.cpp"
Finished building: ../src/String.cpp
 
Building target: String
Invoking: GCC C++ Linker
g++  -o "String"  ./src/String.o   
Finished building target: String
 
13:50:07 **** Incremental Build of configuration Debug for project String ****
make all 
Building file: ../src/String.cpp
Invoking: GCC C++ Compiler
g++ -O0 -g3 -Wall -c -fmessage-length=0 -MMD -MP -MF"src/String.d" -MT"src/String.o" -o "src/String.o" "../src/String.cpp"
Finished building: ../src/String.cpp
 
Building target: String
Invoking: GCC C++ Linker
g++  -o "String"  ./src/String.o   
Finished building target: String
 
13:54:28 **** Incremental Build of configuration Debug for project String ****
make all 
Building file: ../src/String.cpp
Invoking: GCC C++ Compiler
g++ -O0 -g3 -Wall -c -fmessage-length=0 -MMD -MP -MF"src/String.d" -MT"src/String.o" -o "src/String.o" "../src/String.cpp"
Finished building: ../src/String.cpp
 
Building target: String
Invoking: GCC C++ Linker
g++  -o "String"  ./src/String.o   
Finished building target: String
 
13:55:08 **** Incremental Build of configuration Debug for project String ****
make all 
Building file: ../src/String.cpp
Invoking: GCC C++ Compiler
g++ -O0 -g3 -Wall -c -fmessage-length=0 -MMD -MP -MF"src/String.d" -MT"src/String.o" -o "src/String.o" "../src/String.cpp"
../src/String.cpp: In function ‘int main()’:
../src/String.cpp:67:9: error: redeclaration of ‘std::__cxx11::string str’
  string str="abcd";
         ^~~
../src/String.cpp:63:9: note: ‘std::__cxx11::string str’ previously declared here
  string str="abcd";
         ^~~
make: *** [src/String.o] Error 1
src/subdir.mk:18: recipe for target 'src/String.o' failed
"make all" terminated with exit code 2. Build might be incomplete.
13:56:19 **** Incremental Build of configuration Debug for project String ****
make all 
Building file: ../src/String.cpp
Invoking: GCC C++ Compiler
g++ -O0 -g3 -Wall -c -fmessage-length=0 -MMD -MP -MF"src/String.d" -MT"src/String.o" -o "src/String.o" "../src/String.cpp"
Finished building: ../src/String.cpp
 
Building target: String
Invoking: GCC C++ Linker
g++  -o "String"  ./src/String.o   
Finished building target: String
 
13:58:00 **** Incremental Build of configuration Debug for project String ****
make all 
Building file: ../src/String.cpp
Invoking: GCC C++ Compiler
g++ -O0 -g3 -Wall -c -fmessage-length=0 -MMD -MP -MF"src/String.d" -MT"src/String.o" -o "src/String.o" "../src/String.cpp"
Finished building: ../src/String.cpp
 
Building target: String
Invoking: GCC C++ Linker
g++  -o "String"  ./src/String.o   
Finished building target: String
 
14:15:42 **** Incremental Build of configuration Debug for project String ****
make all 
Building file: ../src/String.cpp
Invoking: GCC C++ Compiler
g++ -O0 -g3 -Wall -c -fmessage-length=0 -MMD -MP -MF"src/String.d" -MT"src/String.o" -o "src/String.o" "../src/String.cpp"
Finished building: ../src/String.cpp
 
Building target: String
Invoking: GCC C++ Linker
g++  -o "String"  ./src/String.o   
Finished building target: String
 
14:16:36 **** Incremental Build of configuration Debug for project String ****
make all 
Building file: ../src/String.cpp
Invoking: GCC C++ Compiler
g++ -O0 -g3 -Wall -c -fmessage-length=0 -MMD -MP -MF"src/String.d" -MT"src/String.o" -o "src/String.o" "../src/String.cpp"
Finished building: ../src/String.cpp
 
Building target: String
Invoking: GCC C++ Linker
g++  -o "String"  ./src/String.o   
Finished building target: String
 
14:17:13 **** Incremental Build of configuration Debug for project String ****
make all 
Building file: ../src/String.cpp
Invoking: GCC C++ Compiler
g++ -O0 -g3 -Wall -c -fmessage-length=0 -MMD -MP -MF"src/String.d" -MT"src/String.o" -o "src/String.o" "../src/String.cpp"
Finished building: ../src/String.cpp
 
Building target: String
Invoking: GCC C++ Linker
g++  -o "String"  ./src/String.o   
Finished building target: String
 
14:19:20 **** Incremental Build of configuration Debug for project String ****
make all 
Building file: ../src/String.cpp
Invoking: GCC C++ Compiler
g++ -O0 -g3 -Wall -c -fmessage-length=0 -MMD -MP -MF"src/String.d" -MT"src/String.o" -o "src/String.o" "../src/String.cpp"
Finished building: ../src/String.cpp
 
Building target: String
Invoking: GCC C++ Linker
g++  -o "String"  ./src/String.o   
Finished building target: String
 
14:19:33 **** Incremental Build of configuration Debug for project String ****
make all 
Building file: ../src/String.cpp
Invoking: GCC C++ Compiler
g++ -O0 -g3 -Wall -c -fmessage-length=0 -MMD -MP -MF"src/String.d" -MT"src/String.o" -o "src/String.o" "../src/String.cpp"
Finished building: ../src/String.cpp
 
Building target: String
Invoking: GCC C++ Linker
g++  -o "String"  ./src/String.o   
Finished building target: String
 
14:20:36 **** Incremental Build of configuration Debug for project String ****
make all 
Building file: ../src/String.cpp
Invoking: GCC C++ Compiler
g++ -O0 -g3 -Wall -c -fmessage-length=0 -MMD -MP -MF"src/String.d" -MT"src/String.o" -o "src/String.o" "../src/String.cpp"
Finished building: ../src/String.cpp
 
Building target: String
Invoking: GCC C++ Linker
g++  -o "String"  ./src/String.o   
Finished building target: String
 
14:20:49 **** Incremental Build of configuration Debug for project String ****
make all 
Building file: ../src/String.cpp
Invoking: GCC C++ Compiler
g++ -O0 -g3 -Wall -c -fmessage-length=0 -MMD -MP -MF"src/String.d" -MT"src/String.o" -o "src/String.o" "../src/String.cpp"
Finished building: ../src/String.cpp
 
Building target: String
Invoking: GCC C++ Linker
g++  -o "String"  ./src/String.o   
Finished building target: String
 
14:21:00 **** Incremental Build of configuration Debug for project String ****
make all 
make: Nothing to be done for 'all'.
14:22:11 **** Incremental Build of configuration Debug for project String ****
make all 
Building file: ../src/String.cpp
Invoking: GCC C++ Compiler
g++ -O0 -g3 -Wall -c -fmessage-length=0 -MMD -MP -MF"src/String.d" -MT"src/String.o" -o "src/String.o" "../src/String.cpp"
../src/String.cpp: In function ‘int main()’:
../src/String.cpp:92:9: error: redeclaration of ‘std::__cxx11::string str1’
  string str1="abcde";
         ^~~~
../src/String.cpp:88:9: note: ‘std::__cxx11::string str1’ previously declared here
  string str1="abcde";
         ^~~~
make: *** [src/String.o] Error 1
src/subdir.mk:18: recipe for target 'src/String.o' failed
"make all" terminated with exit code 2. Build might be incomplete.
14:22:30 **** Incremental Build of configuration Debug for project String ****
make all 
Building file: ../src/String.cpp
Invoking: GCC C++ Compiler
g++ -O0 -g3 -Wall -c -fmessage-length=0 -MMD -MP -MF"src/String.d" -MT"src/String.o" -o "src/String.o" "../src/String.cpp"
Finished building: ../src/String.cpp
 
Building target: String
Invoking: GCC C++ Linker
g++  -o "String"  ./src/String.o   
Finished building target: String
 
14:23:06 **** Incremental Build of configuration Debug for project String ****
make all 
Building file: ../src/String.cpp
Invoking: GCC C++ Compiler
g++ -O0 -g3 -Wall -c -fmessage-length=0 -MMD -MP -MF"src/String.d" -MT"src/String.o" -o "src/String.o" "../src/String.cpp"
Finished building: ../src/String.cpp
 
Building target: String
Invoking: GCC C++ Linker
g++  -o "String"  ./src/String.o   
Finished building target: String
 
14:23:15 **** Incremental Build of configuration Debug for project String ****
make all 
Building file: ../src/String.cpp
Invoking: GCC C++ Compiler
g++ -O0 -g3 -Wall -c -fmessage-length=0 -MMD -MP -MF"src/String.d" -MT"src/String.o" -o "src/String.o" "../src/String.cpp"
Finished building: ../src/String.cpp
 
Building target: String
Invoking: GCC C++ Linker
g++  -o "String"  ./src/String.o   
Finished building target: String
 
14:23:30 **** Incremental Build of configuration Debug for project String ****
make all 
Building file: ../src/String.cpp
Invoking: GCC C++ Compiler
g++ -O0 -g3 -Wall -c -fmessage-length=0 -MMD -MP -MF"src/String.d" -MT"src/String.o" -o "src/String.o" "../src/String.cpp"
Finished building: ../src/String.cpp
 
Building target: String
Invoking: GCC C++ Linker
g++  -o "String"  ./src/String.o   
Finished building target: String
 
14:37:01 **** Build of configuration Debug for project Pair ****
make all 
Building file: ../src/Pair.cpp
Invoking: GCC C++ Compiler
g++ -O0 -g3 -Wall -c -fmessage-length=0 -MMD -MP -MF"src/Pair.d" -MT"src/Pair.o" -o "src/Pair.o" "../src/Pair.cpp"
../src/Pair.cpp: In function ‘int main()’:
../src/Pair.cpp:16:7: error: no match for ‘operator<<’ (operand types are ‘std::ostream {aka std::basic_ostream<char>}’ and ‘std::pair<std::__cxx11::basic_string<char>, int>’)
   cout<<pair<<endl;
   ~~~~^~~~~~
In file included from /usr/include/c++/7/iostream:39:0,
                 from ../src/Pair.cpp:9:
/usr/include/c++/7/ostream:108:7: note: candidate: std::basic_ostream<_CharT, _Traits>::__ostream_type& std::basic_ostream<_CharT, _Traits>::operator<<(std::basic_ostream<_CharT, _Traits>::__ostream_type& (*)(std::basic_ostream<_CharT, _Traits>::__ostream_type&)) [with _CharT = char; _Traits = std::char_traits<char>; std::basic_ostream<_CharT, _Traits>::__ostream_type = std::basic_ostream<char>]
       operator<<(__ostream_type& (*__pf)(__ostream_type&))
       ^~~~~~~~
/usr/include/c++/7/ostream:108:7: note:   no known conversion for argument 1 from ‘std::pair<std::__cxx11::basic_string<char>, int>’ to ‘std::basic_ostream<char>::__ostream_type& (*)(std::basic_ostream<char>::__ostream_type&) {aka std::basic_ostream<char>& (*)(std::basic_ostream<char>&)}’
/usr/include/c++/7/ostream:117:7: note: candidate: std::basic_ostream<_CharT, _Traits>::__ostream_type& std::basic_ostream<_CharT, _Traits>::operator<<(std::basic_ostream<_CharT, _Traits>::__ios_type& (*)(std::basic_ostream<_CharT, _Traits>::__ios_type&)) [with _CharT = char; _Traits = std::char_traits<char>; std::basic_ostream<_CharT, _Traits>::__ostream_type = std::basic_ostream<char>; std::basic_ostream<_CharT, _Traits>::__ios_type = std::basic_ios<char>]
       operator<<(__ios_type& (*__pf)(__ios_type&))
       ^~~~~~~~
/usr/include/c++/7/ostream:117:7: note:   no known conversion for argument 1 from ‘std::pair<std::__cxx11::basic_string<char>, int>’ to ‘std::basic_ostream<char>::__ios_type& (*)(std::basic_ostream<char>::__ios_type&) {aka std::basic_ios<char>& (*)(std::basic_ios<char>&)}’
/usr/include/c++/7/ostream:127:7: note: candidate: std::basic_ostream<_CharT, _Traits>::__ostream_type& std::basic_ostream<_CharT, _Traits>::operator<<(std::ios_base& (*)(std::ios_base&)) [with _CharT = char; _Traits = std::char_traits<char>; std::basic_ostream<_CharT, _Traits>::__ostream_type = std::basic_ostream<char>]
       operator<<(ios_base& (*__pf) (ios_base&))
       ^~~~~~~~
/usr/include/c++/7/ostream:127:7: note:   no known conversion for argument 1 from ‘std::pair<std::__cxx11::basic_string<char>, int>’ to ‘std::ios_base& (*)(std::ios_base&)’
/usr/include/c++/7/ostream:166:7: note: candidate: std::basic_ostream<_CharT, _Traits>::__ostream_type& std::basic_ostream<_CharT, _Traits>::operator<<(long int) [with _CharT = char; _Traits = std::char_traits<char>; std::basic_ostream<_CharT, _Traits>::__ostream_type = std::basic_ostream<char>]
       operator<<(long __n)
       ^~~~~~~~
/usr/include/c++/7/ostream:166:7: note:   no known conversion for argument 1 from ‘std::pair<std::__cxx11::basic_string<char>, int>’ to ‘long int’
/usr/include/c++/7/ostream:170:7: note: candidate: std::basic_ostream<_CharT, _Traits>::__ostream_type& std::basic_ostream<_CharT, _Traits>::operator<<(long unsigned int) [with _CharT = char; _Traits = std::char_traits<char>; std::basic_ostream<_CharT, _Traits>::__ostream_type = std::basic_ostream<char>]
       operator<<(unsigned long __n)
       ^~~~~~~~
/usr/include/c++/7/ostream:170:7: note:   no known conversion for argument 1 from ‘std::pair<std::__cxx11::basic_string<char>, int>’ to ‘long unsigned int’
/usr/include/c++/7/ostream:174:7: note: candidate: std::basic_ostream<_CharT, _Traits>::__ostream_type& std::basic_ostream<_CharT, _Traits>::operator<<(bool) [with _CharT = char; _Traits = std::char_traits<char>; std::basic_ostream<_CharT, _Traits>::__ostream_type = std::basic_ostream<char>]
       operator<<(bool __n)
       ^~~~~~~~
/usr/include/c++/7/ostream:174:7: note:   no known conversion for argument 1 from ‘std::pair<std::__cxx11::basic_string<char>, int>’ to ‘bool’
In file included from /usr/include/c++/7/ostream:693:0,
                 from /usr/include/c++/7/iostream:39,
                 from ../src/Pair.cpp:9:
/usr/include/c++/7/bits/ostream.tcc:91:5: note: candidate: std::basic_ostream<_CharT, _Traits>& std::basic_ostream<_CharT, _Traits>::operator<<(short int) [with _CharT = char; _Traits = std::char_traits<char>]
     basic_ostream<_CharT, _Traits>::
     ^~~~~~~~~~~~~~~~~~~~~~~~~~~~~~
/usr/include/c++/7/bits/ostream.tcc:91:5: note:   no known conversion for argument 1 from ‘std::pair<std::__cxx11::basic_string<char>, int>’ to ‘short int’
In file included from /usr/include/c++/7/iostream:39:0,
                 from ../src/Pair.cpp:9:
/usr/include/c++/7/ostream:181:7: note: candidate: std::basic_ostream<_CharT, _Traits>::__ostream_type& std::basic_ostream<_CharT, _Traits>::operator<<(short unsigned int) [with _CharT = char; _Traits = std::char_traits<char>; std::basic_ostream<_CharT, _Traits>::__ostream_type = std::basic_ostream<char>]
       operator<<(unsigned short __n)
       ^~~~~~~~
/usr/include/c++/7/ostream:181:7: note:   no known conversion for argument 1 from ‘std::pair<std::__cxx11::basic_string<char>, int>’ to ‘short unsigned int’
In file included from /usr/include/c++/7/ostream:693:0,
                 from /usr/include/c++/7/iostream:39,
                 from ../src/Pair.cpp:9:
/usr/include/c++/7/bits/ostream.tcc:105:5: note: candidate: std::basic_ostream<_CharT, _Traits>& std::basic_ostream<_CharT, _Traits>::operator<<(int) [with _CharT = char; _Traits = std::char_traits<char>]
     basic_ostream<_CharT, _Traits>::
     ^~~~~~~~~~~~~~~~~~~~~~~~~~~~~~
/usr/include/c++/7/bits/ostream.tcc:105:5: note:   no known conversion for argument 1 from ‘std::pair<std::__cxx11::basic_string<char>, int>’ to ‘int’
In file included from /usr/include/c++/7/iostream:39:0,
                 from ../src/Pair.cpp:9:
/usr/include/c++/7/ostream:192:7: note: candidate: std::basic_ostream<_CharT, _Traits>::__ostream_type& std::basic_ostream<_CharT, _Traits>::operator<<(unsigned int) [with _CharT = char; _Traits = std::char_traits<char>; std::basic_ostream<_CharT, _Traits>::__ostream_type = std::basic_ostream<char>]
       operator<<(unsigned int __n)
       ^~~~~~~~
/usr/include/c++/7/ostream:192:7: note:   no known conversion for argument 1 from ‘std::pair<std::__cxx11::basic_string<char>, int>’ to ‘unsigned int’
/usr/include/c++/7/ostream:201:7: note: candidate: std::basic_ostream<_CharT, _Traits>::__ostream_type& std::basic_ostream<_CharT, _Traits>::operator<<(long long int) [with _CharT = char; _Traits = std::char_traits<char>; std::basic_ostream<_CharT, _Traits>::__ostream_type = std::basic_ostream<char>]
       operator<<(long long __n)
       ^~~~~~~~
/usr/include/c++/7/ostream:201:7: note:   no known conversion for argument 1 from ‘std::pair<std::__cxx11::basic_string<char>, int>’ to ‘long long int’
/usr/include/c++/7/ostream:205:7: note: candidate: std::basic_ostream<_CharT, _Traits>::__ostream_type& std::basic_ostream<_CharT, _Traits>::operator<<(long long unsigned int) [with _CharT = char; _Traits = std::char_traits<char>; std::basic_ostream<_CharT, _Traits>::__ostream_type = std::basic_ostream<char>]
       operator<<(unsigned long long __n)
       ^~~~~~~~
/usr/include/c++/7/ostream:205:7: note:   no known conversion for argument 1 from ‘std::pair<std::__cxx11::basic_string<char>, int>’ to ‘long long unsigned int’
/usr/include/c++/7/ostream:220:7: note: candidate: std::basic_ostream<_CharT, _Traits>::__ostream_type& std::basic_ostream<_CharT, _Traits>::operator<<(double) [with _CharT = char; _Traits = std::char_traits<char>; std::basic_ostream<_CharT, _Traits>::__ostream_type = std::basic_ostream<char>]
       operator<<(double __f)
       ^~~~~~~~
/usr/include/c++/7/ostream:220:7: note:   no known conversion for argument 1 from ‘std::pair<std::__cxx11::basic_string<char>, int>’ to ‘double’
/usr/include/c++/7/ostream:224:7: note: candidate: std::basic_ostream<_CharT, _Traits>::__ostream_type& std::basic_ostream<_CharT, _Traits>::operator<<(float) [with _CharT = char; _Traits = std::char_traits<char>; std::basic_ostream<_CharT, _Traits>::__ostream_type = std::basic_ostream<char>]
       operator<<(float __f)
       ^~~~~~~~
/usr/include/c++/7/ostream:224:7: note:   no known conversion for argument 1 from ‘std::pair<std::__cxx11::basic_string<char>, int>’ to ‘float’
/usr/include/c++/7/ostream:232:7: note: candidate: std::basic_ostream<_CharT, _Traits>::__ostream_type& std::basic_ostream<_CharT, _Traits>::operator<<(long double) [with _CharT = char; _Traits = std::char_traits<char>; std::basic_ostream<_CharT, _Traits>::__ostream_type = std::basic_ostream<char>]
       operator<<(long double __f)
       ^~~~~~~~
/usr/include/c++/7/ostream:232:7: note:   no known conversion for argument 1 from ‘std::pair<std::__cxx11::basic_string<char>, int>’ to ‘long double’
/usr/include/c++/7/ostream:245:7: note: candidate: std::basic_ostream<_CharT, _Traits>::__ostream_type& std::basic_ostream<_CharT, _Traits>::operator<<(const void*) [with _CharT = char; _Traits = std::char_traits<char>; std::basic_ostream<_CharT, _Traits>::__ostream_type = std::basic_ostream<char>]
       operator<<(const void* __p)
       ^~~~~~~~
/usr/include/c++/7/ostream:245:7: note:   no known conversion for argument 1 from ‘std::pair<std::__cxx11::basic_string<char>, int>’ to ‘const void*’
In file included from /usr/include/c++/7/ostream:693:0,
                 from /usr/include/c++/7/iostream:39,
                 from ../src/Pair.cpp:9:
/usr/include/c++/7/bits/ostream.tcc:119:5: note: candidate: std::basic_ostream<_CharT, _Traits>& std::basic_ostream<_CharT, _Traits>::operator<<(std::basic_ostream<_CharT, _Traits>::__streambuf_type*) [with _CharT = char; _Traits = std::char_traits<char>; std::basic_ostream<_CharT, _Traits>::__streambuf_type = std::basic_streambuf<char>]
     basic_ostream<_CharT, _Traits>::
     ^~~~~~~~~~~~~~~~~~~~~~~~~~~~~~
/usr/include/c++/7/bits/ostream.tcc:119:5: note:   no known conversion for argument 1 from ‘std::pair<std::__cxx11::basic_string<char>, int>’ to ‘std::basic_ostream<char>::__streambuf_type* {aka std::basic_streambuf<char>*}’
In file included from /usr/include/c++/7/string:52:0,
                 from /usr/include/c++/7/bits/locale_classes.h:40,
                 from /usr/include/c++/7/bits/ios_base.h:41,
                 from /usr/include/c++/7/ios:42,
                 from /usr/include/c++/7/ostream:38,
                 from /usr/include/c++/7/iostream:39,
                 from ../src/Pair.cpp:9:
/usr/include/c++/7/bits/basic_string.h:6284:5: note: candidate: template<class _CharT, class _Traits, class _Alloc> std::basic_ostream<_CharT, _Traits>& std::operator<<(std::basic_ostream<_CharT, _Traits>&, const std::__cxx11::basic_string<_CharT, _Traits, _Alloc>&)
     operator<<(basic_ostream<_CharT, _Traits>& __os,
     ^~~~~~~~
/usr/include/c++/7/bits/basic_string.h:6284:5: note:   template argument deduction/substitution failed:
../src/Pair.cpp:16:9: note:   ‘std::pair<std::__cxx11::basic_string<char>, int>’ is not derived from ‘const std::__cxx11::basic_string<_CharT, _Traits, _Alloc>’
   cout<<pair<<endl;
         ^~~~
In file included from /usr/include/c++/7/bits/ios_base.h:46:0,
                 from /usr/include/c++/7/ios:42,
                 from /usr/include/c++/7/ostream:38,
                 from /usr/include/c++/7/iostream:39,
                 from ../src/Pair.cpp:9:
/usr/include/c++/7/system_error:217:5: note: candidate: template<class _CharT, class _Traits> std::basic_ostream<_CharT, _Traits>& std::operator<<(std::basic_ostream<_CharT, _Traits>&, const std::error_code&)
     operator<<(basic_ostream<_CharT, _Traits>& __os, const error_code& __e)
     ^~~~~~~~
/usr/include/c++/7/system_error:217:5: note:   template argument deduction/substitution failed:
../src/Pair.cpp:16:9: note:   cannot convert ‘pair’ (type ‘std::pair<std::__cxx11::basic_string<char>, int>’) to type ‘const std::error_code&’
   cout<<pair<<endl;
         ^~~~
In file included from /usr/include/c++/7/iostream:39:0,
                 from ../src/Pair.cpp:9:
/usr/include/c++/7/ostream:497:5: note: candidate: template<class _CharT, class _Traits> std::basic_ostream<_CharT, _Traits>& std::operator<<(std::basic_ostream<_CharT, _Traits>&, _CharT)
     operator<<(basic_ostream<_CharT, _Traits>& __out, _CharT __c)
     ^~~~~~~~
/usr/include/c++/7/ostream:497:5: note:   template argument deduction/substitution failed:
../src/Pair.cpp:16:9: note:   deduced conflicting types for parameter ‘_CharT’ (‘char’ and ‘std::pair<std::__cxx11::basic_string<char>, int>’)
   cout<<pair<<endl;
         ^~~~
In file included from /usr/include/c++/7/iostream:39:0,
                 from ../src/Pair.cpp:9:
/usr/include/c++/7/ostream:502:5: note: candidate: template<class _CharT, class _Traits> std::basic_ostream<_CharT, _Traits>& std::operator<<(std::basic_ostream<_CharT, _Traits>&, char)
     operator<<(basic_ostream<_CharT, _Traits>& __out, char __c)
     ^~~~~~~~
/usr/include/c++/7/ostream:502:5: note:   template argument deduction/substitution failed:
../src/Pair.cpp:16:9: note:   cannot convert ‘pair’ (type ‘std::pair<std::__cxx11::basic_string<char>, int>’) to type ‘char’
   cout<<pair<<endl;
         ^~~~
In file included from /usr/include/c++/7/iostream:39:0,
                 from ../src/Pair.cpp:9:
/usr/include/c++/7/ostream:508:5: note: candidate: template<class _Traits> std::basic_ostream<char, _Traits>& std::operator<<(std::basic_ostream<char, _Traits>&, char)
     operator<<(basic_ostream<char, _Traits>& __out, char __c)
     ^~~~~~~~
/usr/include/c++/7/ostream:508:5: note:   template argument deduction/substitution failed:
../src/Pair.cpp:16:9: note:   cannot convert ‘pair’ (type ‘std::pair<std::__cxx11::basic_string<char>, int>’) to type ‘char’
   cout<<pair<<endl;
         ^~~~
In file included from /usr/include/c++/7/iostream:39:0,
                 from ../src/Pair.cpp:9:
/usr/include/c++/7/ostream:514:5: note: candidate: template<class _Traits> std::basic_ostream<char, _Traits>& std::operator<<(std::basic_ostream<char, _Traits>&, signed char)
     operator<<(basic_ostream<char, _Traits>& __out, signed char __c)
     ^~~~~~~~
/usr/include/c++/7/ostream:514:5: note:   template argument deduction/substitution failed:
../src/Pair.cpp:16:9: note:   cannot convert ‘pair’ (type ‘std::pair<std::__cxx11::basic_string<char>, int>’) to type ‘signed char’
   cout<<pair<<endl;
         ^~~~
In file included from /usr/include/c++/7/iostream:39:0,
                 from ../src/Pair.cpp:9:
/usr/include/c++/7/ostream:519:5: note: candidate: template<class _Traits> std::basic_ostream<char, _Traits>& std::operator<<(std::basic_ostream<char, _Traits>&, unsigned char)
     operator<<(basic_ostream<char, _Traits>& __out, unsigned char __c)
     ^~~~~~~~
/usr/include/c++/7/ostream:519:5: note:   template argument deduction/substitution failed:
src/subdir.mk:18: recipe for target 'src/Pair.o' failed
../src/Pair.cpp:16:9: note:   cannot convert ‘pair’ (type ‘std::pair<std::__cxx11::basic_string<char>, int>’) to type ‘unsigned char’
   cout<<pair<<endl;
         ^~~~
In file included from /usr/include/c++/7/iostream:39:0,
                 from ../src/Pair.cpp:9:
/usr/include/c++/7/ostream:539:5: note: candidate: template<class _CharT, class _Traits> std::basic_ostream<_CharT, _Traits>& std::operator<<(std::basic_ostream<_CharT, _Traits>&, const _CharT*)
     operator<<(basic_ostream<_CharT, _Traits>& __out, const _CharT* __s)
     ^~~~~~~~
/usr/include/c++/7/ostream:539:5: note:   template argument deduction/substitution failed:
../src/Pair.cpp:16:9: note:   mismatched types ‘const _CharT*’ and ‘std::pair<std::__cxx11::basic_string<char>, int>’
   cout<<pair<<endl;
         ^~~~
In file included from /usr/include/c++/7/ostream:693:0,
                 from /usr/include/c++/7/iostream:39,
                 from ../src/Pair.cpp:9:
/usr/include/c++/7/bits/ostream.tcc:321:5: note: candidate: template<class _CharT, class _Traits> std::basic_ostream<_CharT, _Traits>& std::operator<<(std::basic_ostream<_CharT, _Traits>&, const char*)
     operator<<(basic_ostream<_CharT, _Traits>& __out, const char* __s)
     ^~~~~~~~
/usr/include/c++/7/bits/ostream.tcc:321:5: note:   template argument deduction/substitution failed:
../src/Pair.cpp:16:9: note:   cannot convert ‘pair’ (type ‘std::pair<std::__cxx11::basic_string<char>, int>’) to type ‘const char*’
   cout<<pair<<endl;
         ^~~~
In file included from /usr/include/c++/7/iostream:39:0,
                 from ../src/Pair.cpp:9:
/usr/include/c++/7/ostream:556:5: note: candidate: template<class _Traits> std::basic_ostream<char, _Traits>& std::operator<<(std::basic_ostream<char, _Traits>&, const char*)
     operator<<(basic_ostream<char, _Traits>& __out, const char* __s)
     ^~~~~~~~
/usr/include/c++/7/ostream:556:5: note:   template argument deduction/substitution failed:
../src/Pair.cpp:16:9: note:   cannot convert ‘pair’ (type ‘std::pair<std::__cxx11::basic_string<char>, int>’) to type ‘const char*’
   cout<<pair<<endl;
         ^~~~
In file included from /usr/include/c++/7/iostream:39:0,
                 from ../src/Pair.cpp:9:
/usr/include/c++/7/ostream:569:5: note: candidate: template<class _Traits> std::basic_ostream<char, _Traits>& std::operator<<(std::basic_ostream<char, _Traits>&, const signed char*)
     operator<<(basic_ostream<char, _Traits>& __out, const signed char* __s)
     ^~~~~~~~
/usr/include/c++/7/ostream:569:5: note:   template argument deduction/substitution failed:
../src/Pair.cpp:16:9: note:   cannot convert ‘pair’ (type ‘std::pair<std::__cxx11::basic_string<char>, int>’) to type ‘const signed char*’
   cout<<pair<<endl;
         ^~~~
In file included from /usr/include/c++/7/iostream:39:0,
                 from ../src/Pair.cpp:9:
/usr/include/c++/7/ostream:574:5: note: candidate: template<class _Traits> std::basic_ostream<char, _Traits>& std::operator<<(std::basic_ostream<char, _Traits>&, const unsigned char*)
     operator<<(basic_ostream<char, _Traits>& __out, const unsigned char* __s)
     ^~~~~~~~
/usr/include/c++/7/ostream:574:5: note:   template argument deduction/substitution failed:
../src/Pair.cpp:16:9: note:   cannot convert ‘pair’ (type ‘std::pair<std::__cxx11::basic_string<char>, int>’) to type ‘const unsigned char*’
   cout<<pair<<endl;
         ^~~~
In file included from /usr/include/c++/7/iostream:39:0,
                 from ../src/Pair.cpp:9:
/usr/include/c++/7/ostream:682:5: note: candidate: template<class _Ostream, class _Tp> typename std::enable_if<std::__and_<std::__not_<std::is_lvalue_reference<_Tp> >, std::__is_convertible_to_basic_ostream<_Ostream>, std::__is_insertable<typename std::__is_convertible_to_basic_ostream<_Tp>::__ostream_type, const _Tp&, void> >::value, typename std::__is_convertible_to_basic_ostream<_Tp>::__ostream_type>::type std::operator<<(_Ostream&&, const _Tp&)
     operator<<(_Ostream&& __os, const _Tp& __x)
     ^~~~~~~~
/usr/include/c++/7/ostream:682:5: note:   template argument deduction/substitution failed:
/usr/include/c++/7/ostream: In substitution of ‘template<class _Ostream, class _Tp> typename std::enable_if<std::__and_<std::__not_<std::is_lvalue_reference<_Tp> >, std::__is_convertible_to_basic_ostream<_Ostream>, std::__is_insertable<typename std::__is_convertible_to_basic_ostream<_Tp>::__ostream_type, const _Tp&, void> >::value, typename std::__is_convertible_to_basic_ostream<_Tp>::__ostream_type>::type std::operator<<(_Ostream&&, const _Tp&) [with _Ostream = std::basic_ostream<char>&; _Tp = std::pair<std::__cxx11::basic_string<char>, int>]’:
../src/Pair.cpp:16:9:   required from here
/usr/include/c++/7/ostream:682:5: error: no type named ‘type’ in ‘struct std::enable_if<false, std::basic_ostream<char>&>’
make: *** [src/Pair.o] Error 1
"make all" terminated with exit code 2. Build might be incomplete.
14:37:02 **** Incremental Build of configuration Debug for project String ****
make all 
Building file: ../src/String.cpp
Invoking: GCC C++ Compiler
g++ -O0 -g3 -Wall -c -fmessage-length=0 -MMD -MP -MF"src/String.d" -MT"src/String.o" -o "src/String.o" "../src/String.cpp"
Finished building: ../src/String.cpp
 
Building target: String
Invoking: GCC C++ Linker
g++  -o "String"  ./src/String.o   
Finished building target: String
 
14:37:03 **** Incremental Build of configuration Debug for project Vector ****
make all 
make: Nothing to be done for 'all'.
14:37:27 **** Incremental Build of configuration Debug for project Pair ****
make all 
Building file: ../src/Pair.cpp
Invoking: GCC C++ Compiler
g++ -O0 -g3 -Wall -c -fmessage-length=0 -MMD -MP -MF"src/Pair.d" -MT"src/Pair.o" -o "src/Pair.o" "../src/Pair.cpp"
Finished building: ../src/Pair.cpp
 
Building target: Pair
Invoking: GCC C++ Linker
g++  -o "Pair"  ./src/Pair.o   
Finished building target: Pair
 
14:37:28 **** Incremental Build of configuration Debug for project String ****
make all 
make: Nothing to be done for 'all'.
14:37:28 **** Incremental Build of configuration Debug for project Vector ****
make all 
make: Nothing to be done for 'all'.
14:37:33 **** Incremental Build of configuration Debug for project Pair ****
make all 
make: Nothing to be done for 'all'.
14:37:52 **** Incremental Build of configuration Debug for project Pair ****
make all 
Building file: ../src/Pair.cpp
Invoking: GCC C++ Compiler
g++ -O0 -g3 -Wall -c -fmessage-length=0 -MMD -MP -MF"src/Pair.d" -MT"src/Pair.o" -o "src/Pair.o" "../src/Pair.cpp"
Finished building: ../src/Pair.cpp
 
Building target: Pair
Invoking: GCC C++ Linker
g++  -o "Pair"  ./src/Pair.o   
Finished building target: Pair
 
14:38:48 **** Incremental Build of configuration Debug for project Pair ****
make all 
Building file: ../src/Pair.cpp
Invoking: GCC C++ Compiler
g++ -O0 -g3 -Wall -c -fmessage-length=0 -MMD -MP -MF"src/Pair.d" -MT"src/Pair.o" -o "src/Pair.o" "../src/Pair.cpp"
Finished building: ../src/Pair.cpp
 
Building target: Pair
Invoking: GCC C++ Linker
g++  -o "Pair"  ./src/Pair.o   
Finished building target: Pair
 
14:39:21 **** Incremental Build of configuration Debug for project Pair ****
make all 
Building file: ../src/Pair.cpp
Invoking: GCC C++ Compiler
g++ -O0 -g3 -Wall -c -fmessage-length=0 -MMD -MP -MF"src/Pair.d" -MT"src/Pair.o" -o "src/Pair.o" "../src/Pair.cpp"
Finished building: ../src/Pair.cpp
 
Building target: Pair
Invoking: GCC C++ Linker
g++  -o "Pair"  ./src/Pair.o   
Finished building target: Pair
 
14:39:56 **** Incremental Build of configuration Debug for project Pair ****
make all 
Building file: ../src/Pair.cpp
Invoking: GCC C++ Compiler
g++ -O0 -g3 -Wall -c -fmessage-length=0 -MMD -MP -MF"src/Pair.d" -MT"src/Pair.o" -o "src/Pair.o" "../src/Pair.cpp"
Finished building: ../src/Pair.cpp
 
Building target: Pair
Invoking: GCC C++ Linker
g++  -o "Pair"  ./src/Pair.o   
Finished building target: Pair
 
17:26:35 **** Incremental Build of configuration Debug for project Pair ****
make all 
Building file: ../src/Pair.cpp
Invoking: GCC C++ Compiler
g++ -O0 -g3 -Wall -c -fmessage-length=0 -MMD -MP -MF"src/Pair.d" -MT"src/Pair.o" -o "src/Pair.o" "../src/Pair.cpp"
Finished building: ../src/Pair.cpp
 
Building target: Pair
Invoking: GCC C++ Linker
g++  -o "Pair"  ./src/Pair.o   
Finished building target: Pair
 
17:27:00 **** Incremental Build of configuration Debug for project Pair ****
make all 
Building file: ../src/Pair.cpp
Invoking: GCC C++ Compiler
g++ -O0 -g3 -Wall -c -fmessage-length=0 -MMD -MP -MF"src/Pair.d" -MT"src/Pair.o" -o "src/Pair.o" "../src/Pair.cpp"
../src/Pair.cpp: In function ‘int main()’:
../src/Pair.cpp:31:15: error: expected primary-expression before ‘,’ token
   pair<string ,int> pair1;
               ^
../src/Pair.cpp:31:16: error: expected primary-expression before ‘int’
   pair<string ,int> pair1;
                ^~~
make: *** [src/Pair.o] Error 1
src/subdir.mk:18: recipe for target 'src/Pair.o' failed
"make all" terminated with exit code 2. Build might be incomplete.
17:27:00 **** Incremental Build of configuration Debug for project String ****
make all 
make: Nothing to be done for 'all'.
17:27:00 **** Incremental Build of configuration Debug for project Vector ****
make all 
make: Nothing to be done for 'all'.
17:30:12 **** Incremental Build of configuration Debug for project Pair ****
make all 
Building file: ../src/Pair.cpp
Invoking: GCC C++ Compiler
g++ -O0 -g3 -Wall -c -fmessage-length=0 -MMD -MP -MF"src/Pair.d" -MT"src/Pair.o" -o "src/Pair.o" "../src/Pair.cpp"
Finished building: ../src/Pair.cpp
 
Building target: Pair
Invoking: GCC C++ Linker
g++  -o "Pair"  ./src/Pair.o   
Finished building target: Pair
 
17:34:14 **** Incremental Build of configuration Debug for project Pair ****
make all 
Building file: ../src/Pair.cpp
Invoking: GCC C++ Compiler
g++ -O0 -g3 -Wall -c -fmessage-length=0 -MMD -MP -MF"src/Pair.d" -MT"src/Pair.o" -o "src/Pair.o" "../src/Pair.cpp"
Finished building: ../src/Pair.cpp
 
Building target: Pair
Invoking: GCC C++ Linker
g++  -o "Pair"  ./src/Pair.o   
Finished building target: Pair
 
17:34:59 **** Incremental Build of configuration Debug for project Pair ****
make all 
Building file: ../src/Pair.cpp
Invoking: GCC C++ Compiler
g++ -O0 -g3 -Wall -c -fmessage-length=0 -MMD -MP -MF"src/Pair.d" -MT"src/Pair.o" -o "src/Pair.o" "../src/Pair.cpp"
Finished building: ../src/Pair.cpp
 
Building target: Pair
Invoking: GCC C++ Linker
g++  -o "Pair"  ./src/Pair.o   
Finished building target: Pair
 
17:39:20 **** Incremental Build of configuration Debug for project Pair ****
make all 
Building file: ../src/Pair.cpp
Invoking: GCC C++ Compiler
g++ -O0 -g3 -Wall -c -fmessage-length=0 -MMD -MP -MF"src/Pair.d" -MT"src/Pair.o" -o "src/Pair.o" "../src/Pair.cpp"
Finished building: ../src/Pair.cpp
 
Building target: Pair
Invoking: GCC C++ Linker
g++  -o "Pair"  ./src/Pair.o   
Finished building target: Pair
 
17:39:31 **** Incremental Build of configuration Debug for project Pair ****
make all 
Building file: ../src/Pair.cpp
Invoking: GCC C++ Compiler
g++ -O0 -g3 -Wall -c -fmessage-length=0 -MMD -MP -MF"src/Pair.d" -MT"src/Pair.o" -o "src/Pair.o" "../src/Pair.cpp"
Finished building: ../src/Pair.cpp
 
Building target: Pair
Invoking: GCC C++ Linker
g++  -o "Pair"  ./src/Pair.o   
Finished building target: Pair
 
17:39:49 **** Incremental Build of configuration Debug for project Pair ****
make all 
Building file: ../src/Pair.cpp
Invoking: GCC C++ Compiler
g++ -O0 -g3 -Wall -c -fmessage-length=0 -MMD -MP -MF"src/Pair.d" -MT"src/Pair.o" -o "src/Pair.o" "../src/Pair.cpp"
Finished building: ../src/Pair.cpp
 
Building target: Pair
Invoking: GCC C++ Linker
g++  -o "Pair"  ./src/Pair.o   
Finished building target: Pair
 
17:40:02 **** Incremental Build of configuration Debug for project Pair ****
make all 
Building file: ../src/Pair.cpp
Invoking: GCC C++ Compiler
g++ -O0 -g3 -Wall -c -fmessage-length=0 -MMD -MP -MF"src/Pair.d" -MT"src/Pair.o" -o "src/Pair.o" "../src/Pair.cpp"
Finished building: ../src/Pair.cpp
 
Building target: Pair
Invoking: GCC C++ Linker
g++  -o "Pair"  ./src/Pair.o   
Finished building target: Pair
 
17:40:14 **** Incremental Build of configuration Debug for project Pair ****
make all 
Building file: ../src/Pair.cpp
Invoking: GCC C++ Compiler
g++ -O0 -g3 -Wall -c -fmessage-length=0 -MMD -MP -MF"src/Pair.d" -MT"src/Pair.o" -o "src/Pair.o" "../src/Pair.cpp"
Finished building: ../src/Pair.cpp
 
Building target: Pair
Invoking: GCC C++ Linker
g++  -o "Pair"  ./src/Pair.o   
Finished building target: Pair
 
17:50:05 **** Incremental Build of configuration Debug for project Vector ****
make all 
Building file: ../src/Vector.cpp
Invoking: GCC C++ Compiler
g++ -O0 -g3 -Wall -c -fmessage-length=0 -MMD -MP -MF"src/Vector.d" -MT"src/Vector.o" -o "src/Vector.o" "../src/Vector.cpp"
Finished building: ../src/Vector.cpp
 
Building target: Vector
Invoking: GCC C++ Linker
g++  -o "Vector"  ./src/Vector.o   
Finished building target: Vector
 
17:51:04 **** Incremental Build of configuration Debug for project Vector ****
make all 
Building file: ../src/Vector.cpp
Invoking: GCC C++ Compiler
g++ -O0 -g3 -Wall -c -fmessage-length=0 -MMD -MP -MF"src/Vector.d" -MT"src/Vector.o" -o "src/Vector.o" "../src/Vector.cpp"
Finished building: ../src/Vector.cpp
 
Building target: Vector
Invoking: GCC C++ Linker
g++  -o "Vector"  ./src/Vector.o   
Finished building target: Vector
 
17:51:50 **** Incremental Build of configuration Debug for project Vector ****
make all 
Building file: ../src/Vector.cpp
Invoking: GCC C++ Compiler
g++ -O0 -g3 -Wall -c -fmessage-length=0 -MMD -MP -MF"src/Vector.d" -MT"src/Vector.o" -o "src/Vector.o" "../src/Vector.cpp"
Finished building: ../src/Vector.cpp
 
Building target: Vector
Invoking: GCC C++ Linker
g++  -o "Vector"  ./src/Vector.o   
Finished building target: Vector
 
17:52:22 **** Incremental Build of configuration Debug for project Vector ****
make all 
Building file: ../src/Vector.cpp
Invoking: GCC C++ Compiler
g++ -O0 -g3 -Wall -c -fmessage-length=0 -MMD -MP -MF"src/Vector.d" -MT"src/Vector.o" -o "src/Vector.o" "../src/Vector.cpp"
Finished building: ../src/Vector.cpp
 
Building target: Vector
Invoking: GCC C++ Linker
g++  -o "Vector"  ./src/Vector.o   
Finished building target: Vector
 
17:55:51 **** Incremental Build of configuration Debug for project Vector ****
make all 
Building file: ../src/Vector.cpp
Invoking: GCC C++ Compiler
g++ -O0 -g3 -Wall -c -fmessage-length=0 -MMD -MP -MF"src/Vector.d" -MT"src/Vector.o" -o "src/Vector.o" "../src/Vector.cpp"
../src/Vector.cpp: In function ‘int main()’:
../src/Vector.cpp:37:8: error: ‘template<class _Tp, class _Alloc> class std::vector’ used without template parameters
   std::vector::iterator it;
        ^~~~~~
../src/Vector.cpp:39:7: error: ‘it’ was not declared in this scope
   for(it=listofstring1.begin();it !=listofstring1.end();it++){
       ^~
../src/Vector.cpp:39:7: note: suggested alternative: ‘int’
   for(it=listofstring1.begin();it !=listofstring1.end();it++){
       ^~
       int
src/subdir.mk:18: recipe for target 'src/Vector.o' failed
make: *** [src/Vector.o] Error 1
"make all" terminated with exit code 2. Build might be incomplete.
17:55:58 **** Incremental Build of configuration Debug for project Vector ****
make all 
Building file: ../src/Vector.cpp
Invoking: GCC C++ Compiler
g++ -O0 -g3 -Wall -c -fmessage-length=0 -MMD -MP -MF"src/Vector.d" -MT"src/Vector.o" -o "src/Vector.o" "../src/Vector.cpp"
../src/Vector.cpp: In function ‘int main()’:
../src/Vector.cpp:37:8: error: ‘template<class _Tp, class _Alloc> class std::vector’ used without template parameters
   std::vector::iterator it;
        ^~~~~~
../src/Vector.cpp:39:7: error: ‘it’ was not declared in this scope
   for(it=listofstring1.begin();it !=listofstring1.end();it++){
       ^~
../src/Vector.cpp:39:7: note: suggested alternative: ‘int’
   for(it=listofstring1.begin();it !=listofstring1.end();it++){
       ^~
       int
src/subdir.mk:18: recipe for target 'src/Vector.o' failed
make: *** [src/Vector.o] Error 1
"make all" terminated with exit code 2. Build might be incomplete.
17:56:51 **** Incremental Build of configuration Debug for project Vector ****
make all 
Building file: ../src/Vector.cpp
Invoking: GCC C++ Compiler
g++ -O0 -g3 -Wall -c -fmessage-length=0 -MMD -MP -MF"src/Vector.d" -MT"src/Vector.o" -o "src/Vector.o" "../src/Vector.cpp"
../src/Vector.cpp: In function ‘int main()’:
../src/Vector.cpp:37:8: error: ‘template<class _Tp, class _Alloc> class std::vector’ used without template parameters
   std::vector::iterator it;
        ^~~~~~
make: *** [src/Vector.o] Error 1
src/subdir.mk:18: recipe for target 'src/Vector.o' failed
"make all" terminated with exit code 2. Build might be incomplete.
17:57:03 **** Incremental Build of configuration Debug for project Vector ****
make all 
Building file: ../src/Vector.cpp
Invoking: GCC C++ Compiler
g++ -O0 -g3 -Wall -c -fmessage-length=0 -MMD -MP -MF"src/Vector.d" -MT"src/Vector.o" -o "src/Vector.o" "../src/Vector.cpp"
Finished building: ../src/Vector.cpp
 
Building target: Vector
Invoking: GCC C++ Linker
g++  -o "Vector"  ./src/Vector.o   
Finished building target: Vector
 
17:57:29 **** Incremental Build of configuration Debug for project Vector ****
make all 
Building file: ../src/Vector.cpp
Invoking: GCC C++ Compiler
g++ -O0 -g3 -Wall -c -fmessage-length=0 -MMD -MP -MF"src/Vector.d" -MT"src/Vector.o" -o "src/Vector.o" "../src/Vector.cpp"
../src/Vector.cpp: In function ‘int main()’:
../src/Vector.cpp:38:8: error: ‘template<class _Tp, class _Alloc> class std::vector’ used without template parameters
   std::vector::iterator it;
        ^~~~~~
../src/Vector.cpp:39:8: error: ‘it’ was not declared in this scope
   for( it=listofstring1.begin();it !=listofstring1.end();it++){
        ^~
../src/Vector.cpp:39:8: note: suggested alternative: ‘int’
   for( it=listofstring1.begin();it !=listofstring1.end();it++){
        ^~
        int
make: *** [src/Vector.o] Error 1
src/subdir.mk:18: recipe for target 'src/Vector.o' failed
"make all" terminated with exit code 2. Build might be incomplete.
17:57:50 **** Incremental Build of configuration Debug for project Vector ****
make all 
Building file: ../src/Vector.cpp
Invoking: GCC C++ Compiler
g++ -O0 -g3 -Wall -c -fmessage-length=0 -MMD -MP -MF"src/Vector.d" -MT"src/Vector.o" -o "src/Vector.o" "../src/Vector.cpp"
Finished building: ../src/Vector.cpp
 
Building target: Vector
Invoking: GCC C++ Linker
g++  -o "Vector"  ./src/Vector.o   
Finished building target: Vector
 
17:58:10 **** Incremental Build of configuration Debug for project Vector ****
make all 
Building file: ../src/Vector.cpp
Invoking: GCC C++ Compiler
g++ -O0 -g3 -Wall -c -fmessage-length=0 -MMD -MP -MF"src/Vector.d" -MT"src/Vector.o" -o "src/Vector.o" "../src/Vector.cpp"
Finished building: ../src/Vector.cpp
 
Building target: Vector
Invoking: GCC C++ Linker
g++  -o "Vector"  ./src/Vector.o   
Finished building target: Vector
 
18:01:59 **** Incremental Build of configuration Debug for project Vector ****
make all 
Building file: ../src/Vector.cpp
Invoking: GCC C++ Compiler
g++ -O0 -g3 -Wall -c -fmessage-length=0 -MMD -MP -MF"src/Vector.d" -MT"src/Vector.o" -o "src/Vector.o" "../src/Vector.cpp"
../src/Vector.cpp: In function ‘int main()’:
../src/Vector.cpp:60:7: error: expected ‘;’ before ‘num’
       num--;
       ^~~
src/subdir.mk:18: recipe for target 'src/Vector.o' failed
make: *** [src/Vector.o] Error 1
"make all" terminated with exit code 2. Build might be incomplete.
18:02:08 **** Incremental Build of configuration Debug for project Vector ****
make all 
Building file: ../src/Vector.cpp
Invoking: GCC C++ Compiler
g++ -O0 -g3 -Wall -c -fmessage-length=0 -MMD -MP -MF"src/Vector.d" -MT"src/Vector.o" -o "src/Vector.o" "../src/Vector.cpp"
Finished building: ../src/Vector.cpp
 
Building target: Vector
Invoking: GCC C++ Linker
g++  -o "Vector"  ./src/Vector.o   
Finished building target: Vector
 
18:03:13 **** Incremental Build of configuration Debug for project Vector ****
make all 
Building file: ../src/Vector.cpp
Invoking: GCC C++ Compiler
g++ -O0 -g3 -Wall -c -fmessage-length=0 -MMD -MP -MF"src/Vector.d" -MT"src/Vector.o" -o "src/Vector.o" "../src/Vector.cpp"
Finished building: ../src/Vector.cpp
 
Building target: Vector
Invoking: GCC C++ Linker
g++  -o "Vector"  ./src/Vector.o   
Finished building target: Vector
 
18:04:24 **** Incremental Build of configuration Debug for project Vector ****
make all 
Building file: ../src/Vector.cpp
Invoking: GCC C++ Compiler
g++ -O0 -g3 -Wall -c -fmessage-length=0 -MMD -MP -MF"src/Vector.d" -MT"src/Vector.o" -o "src/Vector.o" "../src/Vector.cpp"
Finished building: ../src/Vector.cpp
 
Building target: Vector
Invoking: GCC C++ Linker
g++  -o "Vector"  ./src/Vector.o   
Finished building target: Vector
 
18:05:07 **** Incremental Build of configuration Debug for project Vector ****
make all 
Building file: ../src/Vector.cpp
Invoking: GCC C++ Compiler
g++ -O0 -g3 -Wall -c -fmessage-length=0 -MMD -MP -MF"src/Vector.d" -MT"src/Vector.o" -o "src/Vector.o" "../src/Vector.cpp"
../src/Vector.cpp: In function ‘int main()’:
../src/Vector.cpp:59:7: error: expected ‘;’ before ‘vectorList’
       vectorList.push_back(str);
       ^~~~~~~~~~
src/subdir.mk:18: recipe for target 'src/Vector.o' failed
make: *** [src/Vector.o] Error 1
"make all" terminated with exit code 2. Build might be incomplete.
18:05:16 **** Incremental Build of configuration Debug for project Vector ****
make all 
Building file: ../src/Vector.cpp
Invoking: GCC C++ Compiler
g++ -O0 -g3 -Wall -c -fmessage-length=0 -MMD -MP -MF"src/Vector.d" -MT"src/Vector.o" -o "src/Vector.o" "../src/Vector.cpp"
Finished building: ../src/Vector.cpp
 
Building target: Vector
Invoking: GCC C++ Linker
g++  -o "Vector"  ./src/Vector.o   
Finished building target: Vector
 
18:06:00 **** Incremental Build of configuration Debug for project Vector ****
make all 
Building file: ../src/Vector.cpp
Invoking: GCC C++ Compiler
g++ -O0 -g3 -Wall -c -fmessage-length=0 -MMD -MP -MF"src/Vector.d" -MT"src/Vector.o" -o "src/Vector.o" "../src/Vector.cpp"
Finished building: ../src/Vector.cpp
 
Building target: Vector
Invoking: GCC C++ Linker
g++  -o "Vector"  ./src/Vector.o   
Finished building target: Vector
 
18:06:30 **** Incremental Build of configuration Debug for project Vector ****
make all 
Building file: ../src/Vector.cpp
Invoking: GCC C++ Compiler
g++ -O0 -g3 -Wall -c -fmessage-length=0 -MMD -MP -MF"src/Vector.d" -MT"src/Vector.o" -o "src/Vector.o" "../src/Vector.cpp"
Finished building: ../src/Vector.cpp
 
Building target: Vector
Invoking: GCC C++ Linker
g++  -o "Vector"  ./src/Vector.o   
Finished building target: Vector
 
18:06:43 **** Incremental Build of configuration Debug for project Vector ****
make all 
Building file: ../src/Vector.cpp
Invoking: GCC C++ Compiler
g++ -O0 -g3 -Wall -c -fmessage-length=0 -MMD -MP -MF"src/Vector.d" -MT"src/Vector.o" -o "src/Vector.o" "../src/Vector.cpp"
Finished building: ../src/Vector.cpp
 
Building target: Vector
Invoking: GCC C++ Linker
g++  -o "Vector"  ./src/Vector.o   
Finished building target: Vector
 
18:07:14 **** Incremental Build of configuration Debug for project Vector ****
make all 
Building file: ../src/Vector.cpp
Invoking: GCC C++ Compiler
g++ -O0 -g3 -Wall -c -fmessage-length=0 -MMD -MP -MF"src/Vector.d" -MT"src/Vector.o" -o "src/Vector.o" "../src/Vector.cpp"
Finished building: ../src/Vector.cpp
 
Building target: Vector
Invoking: GCC C++ Linker
g++  -o "Vector"  ./src/Vector.o   
Finished building target: Vector
 
18:08:03 **** Incremental Build of configuration Debug for project Vector ****
make all 
Building file: ../src/Vector.cpp
Invoking: GCC C++ Compiler
g++ -O0 -g3 -Wall -c -fmessage-length=0 -MMD -MP -MF"src/Vector.d" -MT"src/Vector.o" -o "src/Vector.o" "../src/Vector.cpp"
Finished building: ../src/Vector.cpp
 
Building target: Vector
Invoking: GCC C++ Linker
g++  -o "Vector"  ./src/Vector.o   
Finished building target: Vector
 
18:09:34 **** Incremental Build of configuration Debug for project Vector ****
make all 
Building file: ../src/Vector.cpp
Invoking: GCC C++ Compiler
g++ -O0 -g3 -Wall -c -fmessage-length=0 -MMD -MP -MF"src/Vector.d" -MT"src/Vector.o" -o "src/Vector.o" "../src/Vector.cpp"
Finished building: ../src/Vector.cpp
 
Building target: Vector
Invoking: GCC C++ Linker
g++  -o "Vector"  ./src/Vector.o   
Finished building target: Vector
 
18:12:52 **** Incremental Build of configuration Debug for project Vector ****
make all 
Building file: ../src/Vector.cpp
Invoking: GCC C++ Compiler
g++ -O0 -g3 -Wall -c -fmessage-length=0 -MMD -MP -MF"src/Vector.d" -MT"src/Vector.o" -o "src/Vector.o" "../src/Vector.cpp"
../src/Vector.cpp: In function ‘int main()’:
../src/Vector.cpp:74:17: warning: comparison between signed and unsigned integer expressions [-Wsign-compare]
   for(auto i=0;i<=vect.size();i++)
                ~^~~~~~~~~~~~~
Finished building: ../src/Vector.cpp
 
Building target: Vector
Invoking: GCC C++ Linker
g++  -o "Vector"  ./src/Vector.o   
Finished building target: Vector
 
18:13:09 **** Incremental Build of configuration Debug for project Vector ****
make all 
Building file: ../src/Vector.cpp
Invoking: GCC C++ Compiler
g++ -O0 -g3 -Wall -c -fmessage-length=0 -MMD -MP -MF"src/Vector.d" -MT"src/Vector.o" -o "src/Vector.o" "../src/Vector.cpp"
../src/Vector.cpp: In function ‘int main()’:
../src/Vector.cpp:74:17: warning: comparison between signed and unsigned integer expressions [-Wsign-compare]
   for(auto i=0;i<=vect.size();i++)
                ~^~~~~~~~~~~~~
../src/Vector.cpp:77:17: warning: comparison between signed and unsigned integer expressions [-Wsign-compare]
   for(auto i=0;i<=vect.size();i++)
                ~^~~~~~~~~~~~~
Finished building: ../src/Vector.cpp
 
Building target: Vector
Invoking: GCC C++ Linker
g++  -o "Vector"  ./src/Vector.o   
Finished building target: Vector
 
18:13:20 **** Incremental Build of configuration Debug for project Vector ****
make all 
Building file: ../src/Vector.cpp
Invoking: GCC C++ Compiler
g++ -O0 -g3 -Wall -c -fmessage-length=0 -MMD -MP -MF"src/Vector.d" -MT"src/Vector.o" -o "src/Vector.o" "../src/Vector.cpp"
../src/Vector.cpp: In function ‘int main()’:
../src/Vector.cpp:77:17: warning: comparison between signed and unsigned integer expressions [-Wsign-compare]
   for(auto i=0;i<=vect.size();i++)
                ~^~~~~~~~~~~~~
Finished building: ../src/Vector.cpp
 
Building target: Vector
Invoking: GCC C++ Linker
g++  -o "Vector"  ./src/Vector.o   
Finished building target: Vector
 
18:13:44 **** Incremental Build of configuration Debug for project Vector ****
make all 
Building file: ../src/Vector.cpp
Invoking: GCC C++ Compiler
g++ -O0 -g3 -Wall -c -fmessage-length=0 -MMD -MP -MF"src/Vector.d" -MT"src/Vector.o" -o "src/Vector.o" "../src/Vector.cpp"
../src/Vector.cpp: In function ‘int main()’:
../src/Vector.cpp:77:17: warning: comparison between signed and unsigned integer expressions [-Wsign-compare]
   for(auto i=0;i<vect.size();i++)
                ~^~~~~~~~~~~~
Finished building: ../src/Vector.cpp
 
Building target: Vector
Invoking: GCC C++ Linker
g++  -o "Vector"  ./src/Vector.o   
Finished building target: Vector
 
18:13:53 **** Incremental Build of configuration Debug for project Vector ****
make all 
Building file: ../src/Vector.cpp
Invoking: GCC C++ Compiler
g++ -O0 -g3 -Wall -c -fmessage-length=0 -MMD -MP -MF"src/Vector.d" -MT"src/Vector.o" -o "src/Vector.o" "../src/Vector.cpp"
../src/Vector.cpp: In function ‘int main()’:
../src/Vector.cpp:74:17: warning: comparison between signed and unsigned integer expressions [-Wsign-compare]
   for(auto i=0;i<=vect.size();i++)
                ~^~~~~~~~~~~~~
../src/Vector.cpp:77:17: warning: comparison between signed and unsigned integer expressions [-Wsign-compare]
   for(auto i=0;i<vect.size();i++)
                ~^~~~~~~~~~~~
Finished building: ../src/Vector.cpp
 
Building target: Vector
Invoking: GCC C++ Linker
g++  -o "Vector"  ./src/Vector.o   
Finished building target: Vector
 
18:14:00 **** Incremental Build of configuration Debug for project Vector ****
make all 
Building file: ../src/Vector.cpp
Invoking: GCC C++ Compiler
g++ -O0 -g3 -Wall -c -fmessage-length=0 -MMD -MP -MF"src/Vector.d" -MT"src/Vector.o" -o "src/Vector.o" "../src/Vector.cpp"
../src/Vector.cpp: In function ‘int main()’:
../src/Vector.cpp:74:17: warning: comparison between signed and unsigned integer expressions [-Wsign-compare]
   for(auto i=0;i<=vect.size();i++)
                ~^~~~~~~~~~~~~
Finished building: ../src/Vector.cpp
 
Building target: Vector
Invoking: GCC C++ Linker
g++  -o "Vector"  ./src/Vector.o   
Finished building target: Vector
 
18:14:06 **** Incremental Build of configuration Debug for project Vector ****
make all 
Building file: ../src/Vector.cpp
Invoking: GCC C++ Compiler
g++ -O0 -g3 -Wall -c -fmessage-length=0 -MMD -MP -MF"src/Vector.d" -MT"src/Vector.o" -o "src/Vector.o" "../src/Vector.cpp"
../src/Vector.cpp: In function ‘int main()’:
../src/Vector.cpp:74:17: warning: comparison between signed and unsigned integer expressions [-Wsign-compare]
   for(auto i=0;i<vect.size();i++)
                ~^~~~~~~~~~~~
Finished building: ../src/Vector.cpp
 
Building target: Vector
Invoking: GCC C++ Linker
g++  -o "Vector"  ./src/Vector.o   
Finished building target: Vector
 
18:21:14 **** Incremental Build of configuration Debug for project Vector ****
make all 
Building file: ../src/Vector.cpp
Invoking: GCC C++ Compiler
g++ -O0 -g3 -Wall -c -fmessage-length=0 -MMD -MP -MF"src/Vector.d" -MT"src/Vector.o" -o "src/Vector.o" "../src/Vector.cpp"
Finished building: ../src/Vector.cpp
 
Building target: Vector
Invoking: GCC C++ Linker
g++  -o "Vector"  ./src/Vector.o   
Finished building target: Vector
 
18:23:14 **** Incremental Build of configuration Debug for project Vector ****
make all 
Building file: ../src/Vector.cpp
Invoking: GCC C++ Compiler
g++ -O0 -g3 -Wall -c -fmessage-length=0 -MMD -MP -MF"src/Vector.d" -MT"src/Vector.o" -o "src/Vector.o" "../src/Vector.cpp"
Finished building: ../src/Vector.cpp
 
Building target: Vector
Invoking: GCC C++ Linker
g++  -o "Vector"  ./src/Vector.o   
Finished building target: Vector
 
18:24:55 **** Incremental Build of configuration Debug for project Vector ****
make all 
Building file: ../src/Vector.cpp
Invoking: GCC C++ Compiler
g++ -O0 -g3 -Wall -c -fmessage-length=0 -MMD -MP -MF"src/Vector.d" -MT"src/Vector.o" -o "src/Vector.o" "../src/Vector.cpp"
../src/Vector.cpp: In function ‘int main()’:
../src/Vector.cpp:112:1: error: expected ‘;’ before ‘}’ token
 }
 ^
src/subdir.mk:18: recipe for target 'src/Vector.o' failed
make: *** [src/Vector.o] Error 1
"make all" terminated with exit code 2. Build might be incomplete.
18:25:11 **** Incremental Build of configuration Debug for project Vector ****
make all 
Building file: ../src/Vector.cpp
Invoking: GCC C++ Compiler
g++ -O0 -g3 -Wall -c -fmessage-length=0 -MMD -MP -MF"src/Vector.d" -MT"src/Vector.o" -o "src/Vector.o" "../src/Vector.cpp"
Finished building: ../src/Vector.cpp
 
Building target: Vector
Invoking: GCC C++ Linker
g++  -o "Vector"  ./src/Vector.o   
Finished building target: Vector
 
18:25:24 **** Incremental Build of configuration Debug for project Vector ****
make all 
Building file: ../src/Vector.cpp
Invoking: GCC C++ Compiler
g++ -O0 -g3 -Wall -c -fmessage-length=0 -MMD -MP -MF"src/Vector.d" -MT"src/Vector.o" -o "src/Vector.o" "../src/Vector.cpp"
../src/Vector.cpp: In function ‘int main()’:
../src/Vector.cpp:112:1: error: expected ‘;’ before ‘}’ token
 }
 ^
src/subdir.mk:18: recipe for target 'src/Vector.o' failed
make: *** [src/Vector.o] Error 1
"make all" terminated with exit code 2. Build might be incomplete.
18:25:35 **** Incremental Build of configuration Debug for project Vector ****
make all 
Building file: ../src/Vector.cpp
Invoking: GCC C++ Compiler
g++ -O0 -g3 -Wall -c -fmessage-length=0 -MMD -MP -MF"src/Vector.d" -MT"src/Vector.o" -o "src/Vector.o" "../src/Vector.cpp"
Finished building: ../src/Vector.cpp
 
Building target: Vector
Invoking: GCC C++ Linker
g++  -o "Vector"  ./src/Vector.o   
Finished building target: Vector
 
18:25:47 **** Incremental Build of configuration Debug for project Vector ****
make all 
Building file: ../src/Vector.cpp
Invoking: GCC C++ Compiler
g++ -O0 -g3 -Wall -c -fmessage-length=0 -MMD -MP -MF"src/Vector.d" -MT"src/Vector.o" -o "src/Vector.o" "../src/Vector.cpp"
Finished building: ../src/Vector.cpp
 
Building target: Vector
Invoking: GCC C++ Linker
g++  -o "Vector"  ./src/Vector.o   
Finished building target: Vector
 
18:27:00 **** Incremental Build of configuration Debug for project Vector ****
make all 
Building file: ../src/Vector.cpp
Invoking: GCC C++ Compiler
g++ -O0 -g3 -Wall -c -fmessage-length=0 -MMD -MP -MF"src/Vector.d" -MT"src/Vector.o" -o "src/Vector.o" "../src/Vector.cpp"
Finished building: ../src/Vector.cpp
 
Building target: Vector
Invoking: GCC C++ Linker
g++  -o "Vector"  ./src/Vector.o   
Finished building target: Vector
 
18:33:56 **** Incremental Build of configuration Debug for project Vector ****
make all 
Building file: ../src/Vector.cpp
Invoking: GCC C++ Compiler
g++ -O0 -g3 -Wall -c -fmessage-length=0 -MMD -MP -MF"src/Vector.d" -MT"src/Vector.o" -o "src/Vector.o" "../src/Vector.cpp"
Finished building: ../src/Vector.cpp
 
Building target: Vector
Invoking: GCC C++ Linker
g++  -o "Vector"  ./src/Vector.o   
Finished building target: Vector
 
18:34:11 **** Incremental Build of configuration Debug for project Vector ****
make all 
Building file: ../src/Vector.cpp
Invoking: GCC C++ Compiler
g++ -O0 -g3 -Wall -c -fmessage-length=0 -MMD -MP -MF"src/Vector.d" -MT"src/Vector.o" -o "src/Vector.o" "../src/Vector.cpp"
Finished building: ../src/Vector.cpp
 
Building target: Vector
Invoking: GCC C++ Linker
g++  -o "Vector"  ./src/Vector.o   
Finished building target: Vector
 
18:34:16 **** Incremental Build of configuration Debug for project Vector ****
make all 
Building file: ../src/Vector.cpp
Invoking: GCC C++ Compiler
g++ -O0 -g3 -Wall -c -fmessage-length=0 -MMD -MP -MF"src/Vector.d" -MT"src/Vector.o" -o "src/Vector.o" "../src/Vector.cpp"
Finished building: ../src/Vector.cpp
 
Building target: Vector
Invoking: GCC C++ Linker
g++  -o "Vector"  ./src/Vector.o   
Finished building target: Vector
 
18:34:27 **** Incremental Build of configuration Debug for project Vector ****
make all 
Building file: ../src/Vector.cpp
Invoking: GCC C++ Compiler
g++ -O0 -g3 -Wall -c -fmessage-length=0 -MMD -MP -MF"src/Vector.d" -MT"src/Vector.o" -o "src/Vector.o" "../src/Vector.cpp"
Finished building: ../src/Vector.cpp
 
Building target: Vector
Invoking: GCC C++ Linker
g++  -o "Vector"  ./src/Vector.o   
Finished building target: Vector
 
18:36:05 **** Incremental Build of configuration Debug for project Vector ****
make all 
Building file: ../src/Vector.cpp
Invoking: GCC C++ Compiler
g++ -O0 -g3 -Wall -c -fmessage-length=0 -MMD -MP -MF"src/Vector.d" -MT"src/Vector.o" -o "src/Vector.o" "../src/Vector.cpp"
../src/Vector.cpp: In function ‘int main()’:
../src/Vector.cpp:112:2: error: expected ‘;’ before ‘for’
  for (string s : copyVect) {
  ^~~
src/subdir.mk:18: recipe for target 'src/Vector.o' failed
make: *** [src/Vector.o] Error 1
"make all" terminated with exit code 2. Build might be incomplete.
18:36:16 **** Incremental Build of configuration Debug for project Vector ****
make all 
Building file: ../src/Vector.cpp
Invoking: GCC C++ Compiler
g++ -O0 -g3 -Wall -c -fmessage-length=0 -MMD -MP -MF"src/Vector.d" -MT"src/Vector.o" -o "src/Vector.o" "../src/Vector.cpp"
Finished building: ../src/Vector.cpp
 
Building target: Vector
Invoking: GCC C++ Linker
g++  -o "Vector"  ./src/Vector.o   
Finished building target: Vector
 
18:36:32 **** Incremental Build of configuration Debug for project Vector ****
make all 
Building file: ../src/Vector.cpp
Invoking: GCC C++ Compiler
g++ -O0 -g3 -Wall -c -fmessage-length=0 -MMD -MP -MF"src/Vector.d" -MT"src/Vector.o" -o "src/Vector.o" "../src/Vector.cpp"
Finished building: ../src/Vector.cpp
 
Building target: Vector
Invoking: GCC C++ Linker
g++  -o "Vector"  ./src/Vector.o   
Finished building target: Vector
 
18:41:32 **** Incremental Build of configuration Debug for project Vector ****
make all 
Building file: ../src/Vector.cpp
Invoking: GCC C++ Compiler
g++ -O0 -g3 -Wall -c -fmessage-length=0 -MMD -MP -MF"src/Vector.d" -MT"src/Vector.o" -o "src/Vector.o" "../src/Vector.cpp"
Finished building: ../src/Vector.cpp
 
Building target: Vector
Invoking: GCC C++ Linker
g++  -o "Vector"  ./src/Vector.o   
Finished building target: Vector
 
18:43:38 **** Incremental Build of configuration Debug for project Vector ****
make all 
Building file: ../src/Vector.cpp
Invoking: GCC C++ Compiler
g++ -O0 -g3 -Wall -c -fmessage-length=0 -MMD -MP -MF"src/Vector.d" -MT"src/Vector.o" -o "src/Vector.o" "../src/Vector.cpp"
Finished building: ../src/Vector.cpp
 
Building target: Vector
Invoking: GCC C++ Linker
g++  -o "Vector"  ./src/Vector.o   
Finished building target: Vector
 
18:46:27 **** Incremental Build of configuration Debug for project Vector ****
make all 
Building file: ../src/Vector.cpp
Invoking: GCC C++ Compiler
g++ -O0 -g3 -Wall -c -fmessage-length=0 -MMD -MP -MF"src/Vector.d" -MT"src/Vector.o" -o "src/Vector.o" "../src/Vector.cpp"
Finished building: ../src/Vector.cpp
 
Building target: Vector
Invoking: GCC C++ Linker
g++  -o "Vector"  ./src/Vector.o   
Finished building target: Vector
 
18:46:47 **** Incremental Build of configuration Debug for project Vector ****
make all 
Building file: ../src/Vector.cpp
Invoking: GCC C++ Compiler
g++ -O0 -g3 -Wall -c -fmessage-length=0 -MMD -MP -MF"src/Vector.d" -MT"src/Vector.o" -o "src/Vector.o" "../src/Vector.cpp"
../src/Vector.cpp: In function ‘int main()’:
../src/Vector.cpp:131:46: error: cannot convert ‘__gnu_cxx::__normal_iterator<std::__cxx11::basic_string<char>*, std::vector<std::__cxx11::basic_string<char> > >’ to ‘bool’ in initialization
  bool val=find(vect.begin(),vect.end(),"kcun");
                                              ^
make: *** [src/Vector.o] Error 1
src/subdir.mk:18: recipe for target 'src/Vector.o' failed
"make all" terminated with exit code 2. Build might be incomplete.
18:47:13 **** Incremental Build of configuration Debug for project Vector ****
make all 
Building file: ../src/Vector.cpp
Invoking: GCC C++ Compiler
g++ -O0 -g3 -Wall -c -fmessage-length=0 -MMD -MP -MF"src/Vector.d" -MT"src/Vector.o" -o "src/Vector.o" "../src/Vector.cpp"
Finished building: ../src/Vector.cpp
 
Building target: Vector
Invoking: GCC C++ Linker
g++  -o "Vector"  ./src/Vector.o   
Finished building target: Vector
 
18:49:11 **** Incremental Build of configuration Debug for project Vector ****
make all 
Building file: ../src/Vector.cpp
Invoking: GCC C++ Compiler
g++ -O0 -g3 -Wall -c -fmessage-length=0 -MMD -MP -MF"src/Vector.d" -MT"src/Vector.o" -o "src/Vector.o" "../src/Vector.cpp"
Finished building: ../src/Vector.cpp
 
Building target: Vector
Invoking: GCC C++ Linker
g++  -o "Vector"  ./src/Vector.o   
Finished building target: Vector
 
18:50:49 **** Incremental Build of configuration Debug for project Vector ****
make all 
Building file: ../src/Vector.cpp
Invoking: GCC C++ Compiler
g++ -O0 -g3 -Wall -c -fmessage-length=0 -MMD -MP -MF"src/Vector.d" -MT"src/Vector.o" -o "src/Vector.o" "../src/Vector.cpp"
../src/Vector.cpp: In function ‘int main()’:
../src/Vector.cpp:130:7: error: ‘template<class _Tp, class _Alloc> class std::vector’ used without template parameters
  std::vector::iterator it;
       ^~~~~~
../src/Vector.cpp:132:3: error: ‘it’ was not declared in this scope
   it=find(vect.begin(),vect.end(),"xun");
   ^~
../src/Vector.cpp:132:3: note: suggested alternative: ‘int’
   it=find(vect.begin(),vect.end(),"xun");
   ^~
   int
src/subdir.mk:18: recipe for target 'src/Vector.o' failed
make: *** [src/Vector.o] Error 1
"make all" terminated with exit code 2. Build might be incomplete.
18:51:06 **** Incremental Build of configuration Debug for project Vector ****
make all 
Building file: ../src/Vector.cpp
Invoking: GCC C++ Compiler
g++ -O0 -g3 -Wall -c -fmessage-length=0 -MMD -MP -MF"src/Vector.d" -MT"src/Vector.o" -o "src/Vector.o" "../src/Vector.cpp"
Finished building: ../src/Vector.cpp
 
Building target: Vector
Invoking: GCC C++ Linker
g++  -o "Vector"  ./src/Vector.o   
Finished building target: Vector
 
18:55:13 **** Incremental Build of configuration Debug for project Vector ****
make all 
Building file: ../src/Vector.cpp
Invoking: GCC C++ Compiler
g++ -O0 -g3 -Wall -c -fmessage-length=0 -MMD -MP -MF"src/Vector.d" -MT"src/Vector.o" -o "src/Vector.o" "../src/Vector.cpp"
Finished building: ../src/Vector.cpp
 
Building target: Vector
Invoking: GCC C++ Linker
g++  -o "Vector"  ./src/Vector.o   
Finished building target: Vector
 
18:56:34 **** Incremental Build of configuration Debug for project Vector ****
make all 
Building file: ../src/Vector.cpp
Invoking: GCC C++ Compiler
g++ -O0 -g3 -Wall -c -fmessage-length=0 -MMD -MP -MF"src/Vector.d" -MT"src/Vector.o" -o "src/Vector.o" "../src/Vector.cpp"
Finished building: ../src/Vector.cpp
 
Building target: Vector
Invoking: GCC C++ Linker
g++  -o "Vector"  ./src/Vector.o   
Finished building target: Vector
 
18:57:48 **** Incremental Build of configuration Debug for project Vector ****
make all 
Building file: ../src/Vector.cpp
Invoking: GCC C++ Compiler
g++ -O0 -g3 -Wall -c -fmessage-length=0 -MMD -MP -MF"src/Vector.d" -MT"src/Vector.o" -o "src/Vector.o" "../src/Vector.cpp"
Finished building: ../src/Vector.cpp
 
Building target: Vector
Invoking: GCC C++ Linker
g++  -o "Vector"  ./src/Vector.o   
Finished building target: Vector
 
18:58:49 **** Incremental Build of configuration Debug for project Vector ****
make all 
Building file: ../src/Vector.cpp
Invoking: GCC C++ Compiler
g++ -O0 -g3 -Wall -c -fmessage-length=0 -MMD -MP -MF"src/Vector.d" -MT"src/Vector.o" -o "src/Vector.o" "../src/Vector.cpp"
Finished building: ../src/Vector.cpp
 
Building target: Vector
Invoking: GCC C++ Linker
g++  -o "Vector"  ./src/Vector.o   
Finished building target: Vector
 
18:59:01 **** Incremental Build of configuration Debug for project Vector ****
make all 
Building file: ../src/Vector.cpp
Invoking: GCC C++ Compiler
g++ -O0 -g3 -Wall -c -fmessage-length=0 -MMD -MP -MF"src/Vector.d" -MT"src/Vector.o" -o "src/Vector.o" "../src/Vector.cpp"
Finished building: ../src/Vector.cpp
 
Building target: Vector
Invoking: GCC C++ Linker
g++  -o "Vector"  ./src/Vector.o   
Finished building target: Vector
 
19:05:35 **** Incremental Build of configuration Debug for project Vector ****
make all 
Building file: ../src/Vector.cpp
Invoking: GCC C++ Compiler
g++ -O0 -g3 -Wall -c -fmessage-length=0 -MMD -MP -MF"src/Vector.d" -MT"src/Vector.o" -o "src/Vector.o" "../src/Vector.cpp"
Finished building: ../src/Vector.cpp
 
Building target: Vector
Invoking: GCC C++ Linker
g++  -o "Vector"  ./src/Vector.o   
Finished building target: Vector
 
20:13:45 **** Incremental Build of configuration Debug for project Vector ****
make all 
Building file: ../src/Vector.cpp
Invoking: GCC C++ Compiler
g++ -O0 -g3 -Wall -c -fmessage-length=0 -MMD -MP -MF"src/Vector.d" -MT"src/Vector.o" -o "src/Vector.o" "../src/Vector.cpp"
../src/Vector.cpp: In function ‘int main()’:
../src/Vector.cpp:158:57: error: no matching function for call to ‘std::vector<std::vector<std::__cxx11::basic_string<char> > >::vector(int&, std::vector<int>)’
  vector<vector<string>> vectort(rows,vector<int>(cols,0));
                                                         ^
In file included from /usr/include/c++/7/vector:64:0,
                 from ../src/Vector.cpp:10:
/usr/include/c++/7/bits/stl_vector.h:411:2: note: candidate: template<class _InputIterator, class> std::vector<_Tp, _Alloc>::vector(_InputIterator, _InputIterator, const allocator_type&)
  vector(_InputIterator __first, _InputIterator __last,
  ^~~~~~
/usr/include/c++/7/bits/stl_vector.h:411:2: note:   template argument deduction/substitution failed:
../src/Vector.cpp:158:57: note:   deduced conflicting types for parameter ‘_InputIterator’ (‘int’ and ‘std::vector<int>’)
  vector<vector<string>> vectort(rows,vector<int>(cols,0));
                                                         ^
In file included from /usr/include/c++/7/vector:64:0,
                 from ../src/Vector.cpp:10:
/usr/include/c++/7/bits/stl_vector.h:383:7: note: candidate: std::vector<_Tp, _Alloc>::vector(std::initializer_list<_Tp>, const allocator_type&) [with _Tp = std::vector<std::__cxx11::basic_string<char> >; _Alloc = std::allocator<std::vector<std::__cxx11::basic_string<char> > >; std::vector<_Tp, _Alloc>::allocator_type = std::allocator<std::vector<std::__cxx11::basic_string<char> > >]
       vector(initializer_list<value_type> __l,
       ^~~~~~
/usr/include/c++/7/bits/stl_vector.h:383:7: note:   no known conversion for argument 1 from ‘int’ to ‘std::initializer_list<std::vector<std::__cxx11::basic_string<char> > >’
/usr/include/c++/7/bits/stl_vector.h:358:7: note: candidate: std::vector<_Tp, _Alloc>::vector(std::vector<_Tp, _Alloc>&&, const allocator_type&) [with _Tp = std::vector<std::__cxx11::basic_string<char> >; _Alloc = std::allocator<std::vector<std::__cxx11::basic_string<char> > >; std::vector<_Tp, _Alloc>::allocator_type = std::allocator<std::vector<std::__cxx11::basic_string<char> > >]
       vector(vector&& __rv, const allocator_type& __m)
       ^~~~~~
/usr/include/c++/7/bits/stl_vector.h:358:7: note:   no known conversion for argument 1 from ‘int’ to ‘std::vector<std::vector<std::__cxx11::basic_string<char> > >&&’
/usr/include/c++/7/bits/stl_vector.h:348:7: note: candidate: std::vector<_Tp, _Alloc>::vector(const std::vector<_Tp, _Alloc>&, const allocator_type&) [with _Tp = std::vector<std::__cxx11::basic_string<char> >; _Alloc = std::allocator<std::vector<std::__cxx11::basic_string<char> > >; std::vector<_Tp, _Alloc>::allocator_type = std::allocator<std::vector<std::__cxx11::basic_string<char> > >]
       vector(const vector& __x, const allocator_type& __a)
       ^~~~~~
/usr/include/c++/7/bits/stl_vector.h:348:7: note:   no known conversion for argument 1 from ‘int’ to ‘const std::vector<std::vector<std::__cxx11::basic_string<char> > >&’
/usr/include/c++/7/bits/stl_vector.h:344:7: note: candidate: std::vector<_Tp, _Alloc>::vector(std::vector<_Tp, _Alloc>&&) [with _Tp = std::vector<std::__cxx11::basic_string<char> >; _Alloc = std::allocator<std::vector<std::__cxx11::basic_string<char> > >]
       vector(vector&& __x) noexcept
       ^~~~~~
/usr/include/c++/7/bits/stl_vector.h:344:7: note:   candidate expects 1 argument, 2 provided
/usr/include/c++/7/bits/stl_vector.h:326:7: note: candidate: std::vector<_Tp, _Alloc>::vector(const std::vector<_Tp, _Alloc>&) [with _Tp = std::vector<std::__cxx11::basic_string<char> >; _Alloc = std::allocator<std::vector<std::__cxx11::basic_string<char> > >]
       vector(const vector& __x)
       ^~~~~~
/usr/include/c++/7/bits/stl_vector.h:326:7: note:   candidate expects 1 argument, 2 provided
/usr/include/c++/7/bits/stl_vector.h:295:7: note: candidate: std::vector<_Tp, _Alloc>::vector(std::vector<_Tp, _Alloc>::size_type, const value_type&, const allocator_type&) [with _Tp = std::vector<std::__cxx11::basic_string<char> >; _Alloc = std::allocator<std::vector<std::__cxx11::basic_string<char> > >; std::vector<_Tp, _Alloc>::size_type = long unsigned int; std::vector<_Tp, _Alloc>::value_type = std::vector<std::__cxx11::basic_string<char> >; std::vector<_Tp, _Alloc>::allocator_type = std::allocator<std::vector<std::__cxx11::basic_string<char> > >]
       vector(size_type __n, const value_type& __value,
       ^~~~~~
/usr/include/c++/7/bits/stl_vector.h:295:7: note:   no known conversion for argument 2 from ‘std::vector<int>’ to ‘const value_type& {aka const std::vector<std::__cxx11::basic_string<char> >&}’
/usr/include/c++/7/bits/stl_vector.h:283:7: note: candidate: std::vector<_Tp, _Alloc>::vector(std::vector<_Tp, _Alloc>::size_type, const allocator_type&) [with _Tp = std::vector<std::__cxx11::basic_string<char> >; _Alloc = std::allocator<std::vector<std::__cxx11::basic_string<char> > >; std::vector<_Tp, _Alloc>::size_type = long unsigned int; std::vector<_Tp, _Alloc>::allocator_type = std::allocator<std::vector<std::__cxx11::basic_string<char> > >]
       vector(size_type __n, const allocator_type& __a = allocator_type())
       ^~~~~~
/usr/include/c++/7/bits/stl_vector.h:283:7: note:   no known conversion for argument 2 from ‘std::vector<int>’ to ‘const allocator_type& {aka const std::allocator<std::vector<std::__cxx11::basic_string<char> > >&}’
/usr/include/c++/7/bits/stl_vector.h:270:7: note: candidate: std::vector<_Tp, _Alloc>::vector(const allocator_type&) [with _Tp = std::vector<std::__cxx11::basic_string<char> >; _Alloc = std::allocator<std::vector<std::__cxx11::basic_string<char> > >; std::vector<_Tp, _Alloc>::allocator_type = std::allocator<std::vector<std::__cxx11::basic_string<char> > >]
       vector(const allocator_type& __a) _GLIBCXX_NOEXCEPT
       ^~~~~~
/usr/include/c++/7/bits/stl_vector.h:270:7: note:   candidate expects 1 argument, 2 provided
/usr/include/c++/7/bits/stl_vector.h:259:7: note: candidate: std::vector<_Tp, _Alloc>::vector() [with _Tp = std::vector<std::__cxx11::basic_string<char> >; _Alloc = std::allocator<std::vector<std::__cxx11::basic_string<char> > >]
       vector()
       ^~~~~~
/usr/include/c++/7/bits/stl_vector.h:259:7: note:   candidate expects 0 arguments, 2 provided
src/subdir.mk:18: recipe for target 'src/Vector.o' failed
make: *** [src/Vector.o] Error 1
"make all" terminated with exit code 2. Build might be incomplete.
20:26:18 **** Incremental Build of configuration Debug for project Vector ****
make all 
Building file: ../src/Vector.cpp
Invoking: GCC C++ Compiler
g++ -O0 -g3 -Wall -c -fmessage-length=0 -MMD -MP -MF"src/Vector.d" -MT"src/Vector.o" -o "src/Vector.o" "../src/Vector.cpp"
Finished building: ../src/Vector.cpp
 
Building target: Vector
Invoking: GCC C++ Linker
g++  -o "Vector"  ./src/Vector.o   
Finished building target: Vector
 
20:26:55 **** Incremental Build of configuration Debug for project Vector ****
make all 
make: Nothing to be done for 'all'.
20:31:14 **** Incremental Build of configuration Debug for project Vector ****
make all 
Building file: ../src/Vector.cpp
Invoking: GCC C++ Compiler
g++ -O0 -g3 -Wall -c -fmessage-length=0 -MMD -MP -MF"src/Vector.d" -MT"src/Vector.o" -o "src/Vector.o" "../src/Vector.cpp"
../src/Vector.cpp: In function ‘int main()’:
../src/Vector.cpp:160:11: warning: comparison between signed and unsigned integer expressions [-Wsign-compare]
  for(i=0;i<vect.size();i++) {
          ~^~~~~~~~~~~~
../src/Vector.cpp:161:12: warning: comparison between signed and unsigned integer expressions [-Wsign-compare]
   for(j=0;j<vect[i].size();j++) {
           ~^~~~~~~~~~~~~~~
Finished building: ../src/Vector.cpp
 
Building target: Vector
Invoking: GCC C++ Linker
g++  -o "Vector"  ./src/Vector.o   
Finished building target: Vector
 
20:31:35 **** Incremental Build of configuration Debug for project Vector ****
make all 
Building file: ../src/Vector.cpp
Invoking: GCC C++ Compiler
g++ -O0 -g3 -Wall -c -fmessage-length=0 -MMD -MP -MF"src/Vector.d" -MT"src/Vector.o" -o "src/Vector.o" "../src/Vector.cpp"
Finished building: ../src/Vector.cpp
 
Building target: Vector
Invoking: GCC C++ Linker
g++  -o "Vector"  ./src/Vector.o   
Finished building target: Vector
 
20:42:39 **** Incremental Build of configuration Debug for project Vector ****
make all 
Building file: ../src/Vector.cpp
Invoking: GCC C++ Compiler
g++ -O0 -g3 -Wall -c -fmessage-length=0 -MMD -MP -MF"src/Vector.d" -MT"src/Vector.o" -o "src/Vector.o" "../src/Vector.cpp"
../src/Vector.cpp: In function ‘int main()’:
../src/Vector.cpp:194:11: warning: comparison between signed and unsigned integer expressions [-Wsign-compare]
  for(i=0;i<vector2d.size();i++){
          ~^~~~~~~~~~~~~~~~
../src/Vector.cpp:196:31: error: no match for ‘operator=’ (operand types are ‘__gnu_cxx::__alloc_traits<std::allocator<std::vector<std::__cxx11::basic_string<char> > > >::value_type {aka std::vector<std::__cxx11::basic_string<char> >}’ and ‘std::vector<int>’)
   vector2d[i]=vector<int>(cols);
                               ^
In file included from /usr/include/c++/7/vector:69:0,
                 from ../src/Vector.cpp:10:
/usr/include/c++/7/bits/vector.tcc:179:5: note: candidate: std::vector<_Tp, _Alloc>& std::vector<_Tp, _Alloc>::operator=(const std::vector<_Tp, _Alloc>&) [with _Tp = std::__cxx11::basic_string<char>; _Alloc = std::allocator<std::__cxx11::basic_string<char> >]
     vector<_Tp, _Alloc>::
     ^~~~~~~~~~~~~~~~~~~
/usr/include/c++/7/bits/vector.tcc:179:5: note:   no known conversion for argument 1 from ‘std::vector<int>’ to ‘const std::vector<std::__cxx11::basic_string<char> >&’
In file included from /usr/include/c++/7/vector:64:0,
                 from ../src/Vector.cpp:10:
/usr/include/c++/7/bits/stl_vector.h:461:7: note: candidate: std::vector<_Tp, _Alloc>& std::vector<_Tp, _Alloc>::operator=(std::vector<_Tp, _Alloc>&&) [with _Tp = std::__cxx11::basic_string<char>; _Alloc = std::allocator<std::__cxx11::basic_string<char> >]
       operator=(vector&& __x) noexcept(_Alloc_traits::_S_nothrow_move())
       ^~~~~~~~
/usr/include/c++/7/bits/stl_vector.h:461:7: note:   no known conversion for argument 1 from ‘std::vector<int>’ to ‘std::vector<std::__cxx11::basic_string<char> >&&’
/usr/include/c++/7/bits/stl_vector.h:482:7: note: candidate: std::vector<_Tp, _Alloc>& std::vector<_Tp, _Alloc>::operator=(std::initializer_list<_Tp>) [with _Tp = std::__cxx11::basic_string<char>; _Alloc = std::allocator<std::__cxx11::basic_string<char> >]
       operator=(initializer_list<value_type> __l)
       ^~~~~~~~
/usr/include/c++/7/bits/stl_vector.h:482:7: note:   no known conversion for argument 1 from ‘std::vector<int>’ to ‘std::initializer_list<std::__cxx11::basic_string<char> >’
../src/Vector.cpp:199:11: warning: comparison between signed and unsigned integer expressions [-Wsign-compare]
  for(i=0;i<vector2d.size();i++){
          ~^~~~~~~~~~~~~~~~
../src/Vector.cpp:200:12: warning: comparison between signed and unsigned integer expressions [-Wsign-compare]
   for(j=0;j<vector2d[i].size();j++){
           ~^~~~~~~~~~~~~~~~~~~
../src/Vector.cpp:205:11: warning: comparison between signed and unsigned integer expressions [-Wsign-compare]
  for(i=0;i<vector2d.size();i++){
          ~^~~~~~~~~~~~~~~~
../src/Vector.cpp:206:12: warning: comparison between signed and unsigned integer expressions [-Wsign-compare]
   for(j=0;j<vector2d[i].size();j++){
           ~^~~~~~~~~~~~~~~~~~~
src/subdir.mk:18: recipe for target 'src/Vector.o' failed
make: *** [src/Vector.o] Error 1
"make all" terminated with exit code 2. Build might be incomplete.
20:43:54 **** Incremental Build of configuration Debug for project Vector ****
make all 
Building file: ../src/Vector.cpp
Invoking: GCC C++ Compiler
g++ -O0 -g3 -Wall -c -fmessage-length=0 -MMD -MP -MF"src/Vector.d" -MT"src/Vector.o" -o "src/Vector.o" "../src/Vector.cpp"
../src/Vector.cpp: In function ‘int main()’:
../src/Vector.cpp:194:11: warning: comparison between signed and unsigned integer expressions [-Wsign-compare]
  for(i=0;i<vector2d.size();i++){
          ~^~~~~~~~~~~~~~~~
../src/Vector.cpp:196:28: error: no match for ‘operator=’ (operand types are ‘__gnu_cxx::__alloc_traits<std::allocator<std::vector<std::__cxx11::basic_string<char> > > >::value_type {aka std::vector<std::__cxx11::basic_string<char> >}’ and ‘std::vector<int>’)
   vector2d[i]= vector<int>();
                            ^
In file included from /usr/include/c++/7/vector:69:0,
                 from ../src/Vector.cpp:10:
/usr/include/c++/7/bits/vector.tcc:179:5: note: candidate: std::vector<_Tp, _Alloc>& std::vector<_Tp, _Alloc>::operator=(const std::vector<_Tp, _Alloc>&) [with _Tp = std::__cxx11::basic_string<char>; _Alloc = std::allocator<std::__cxx11::basic_string<char> >]
     vector<_Tp, _Alloc>::
     ^~~~~~~~~~~~~~~~~~~
/usr/include/c++/7/bits/vector.tcc:179:5: note:   no known conversion for argument 1 from ‘std::vector<int>’ to ‘const std::vector<std::__cxx11::basic_string<char> >&’
In file included from /usr/include/c++/7/vector:64:0,
                 from ../src/Vector.cpp:10:
/usr/include/c++/7/bits/stl_vector.h:461:7: note: candidate: std::vector<_Tp, _Alloc>& std::vector<_Tp, _Alloc>::operator=(std::vector<_Tp, _Alloc>&&) [with _Tp = std::__cxx11::basic_string<char>; _Alloc = std::allocator<std::__cxx11::basic_string<char> >]
       operator=(vector&& __x) noexcept(_Alloc_traits::_S_nothrow_move())
       ^~~~~~~~
/usr/include/c++/7/bits/stl_vector.h:461:7: note:   no known conversion for argument 1 from ‘std::vector<int>’ to ‘std::vector<std::__cxx11::basic_string<char> >&&’
/usr/include/c++/7/bits/stl_vector.h:482:7: note: candidate: std::vector<_Tp, _Alloc>& std::vector<_Tp, _Alloc>::operator=(std::initializer_list<_Tp>) [with _Tp = std::__cxx11::basic_string<char>; _Alloc = std::allocator<std::__cxx11::basic_string<char> >]
       operator=(initializer_list<value_type> __l)
       ^~~~~~~~
/usr/include/c++/7/bits/stl_vector.h:482:7: note:   no known conversion for argument 1 from ‘std::vector<int>’ to ‘std::initializer_list<std::__cxx11::basic_string<char> >’
../src/Vector.cpp:199:11: warning: comparison between signed and unsigned integer expressions [-Wsign-compare]
  for(i=0;i<vector2d.size();i++){
          ~^~~~~~~~~~~~~~~~
../src/Vector.cpp:200:12: warning: comparison between signed and unsigned integer expressions [-Wsign-compare]
   for(j=0;j<vector2d[i].size();j++){
           ~^~~~~~~~~~~~~~~~~~~
../src/Vector.cpp:205:11: warning: comparison between signed and unsigned integer expressions [-Wsign-compare]
  for(i=0;i<vector2d.size();i++){
          ~^~~~~~~~~~~~~~~~
../src/Vector.cpp:206:12: warning: comparison between signed and unsigned integer expressions [-Wsign-compare]
   for(j=0;j<vector2d[i].size();j++){
           ~^~~~~~~~~~~~~~~~~~~
src/subdir.mk:18: recipe for target 'src/Vector.o' failed
make: *** [src/Vector.o] Error 1
"make all" terminated with exit code 2. Build might be incomplete.
20:44:19 **** Incremental Build of configuration Debug for project Vector ****
make all 
Building file: ../src/Vector.cpp
Invoking: GCC C++ Compiler
g++ -O0 -g3 -Wall -c -fmessage-length=0 -MMD -MP -MF"src/Vector.d" -MT"src/Vector.o" -o "src/Vector.o" "../src/Vector.cpp"
../src/Vector.cpp: In function ‘int main()’:
../src/Vector.cpp:194:11: warning: comparison between signed and unsigned integer expressions [-Wsign-compare]
  for(i=0;i<vector2d.size();i++){
          ~^~~~~~~~~~~~~~~~
../src/Vector.cpp:199:11: warning: comparison between signed and unsigned integer expressions [-Wsign-compare]
  for(i=0;i<vector2d.size();i++){
          ~^~~~~~~~~~~~~~~~
../src/Vector.cpp:200:12: warning: comparison between signed and unsigned integer expressions [-Wsign-compare]
   for(j=0;j<vector2d[i].size();j++){
           ~^~~~~~~~~~~~~~~~~~~
../src/Vector.cpp:205:11: warning: comparison between signed and unsigned integer expressions [-Wsign-compare]
  for(i=0;i<vector2d.size();i++){
          ~^~~~~~~~~~~~~~~~
../src/Vector.cpp:206:12: warning: comparison between signed and unsigned integer expressions [-Wsign-compare]
   for(j=0;j<vector2d[i].size();j++){
           ~^~~~~~~~~~~~~~~~~~~
Finished building: ../src/Vector.cpp
 
Building target: Vector
Invoking: GCC C++ Linker
g++  -o "Vector"  ./src/Vector.o   
Finished building target: Vector
 
20:44:30 **** Incremental Build of configuration Debug for project Vector ****
make all 
Building file: ../src/Vector.cpp
Invoking: GCC C++ Compiler
g++ -O0 -g3 -Wall -c -fmessage-length=0 -MMD -MP -MF"src/Vector.d" -MT"src/Vector.o" -o "src/Vector.o" "../src/Vector.cpp"
../src/Vector.cpp: In function ‘int main()’:
../src/Vector.cpp:194:11: warning: comparison between signed and unsigned integer expressions [-Wsign-compare]
  for(i=0;i<vector2d.size();i++){
          ~^~~~~~~~~~~~~~~~
../src/Vector.cpp:196:28: error: no match for ‘operator=’ (operand types are ‘__gnu_cxx::__alloc_traits<std::allocator<std::vector<std::__cxx11::basic_string<char> > > >::value_type {aka std::vector<std::__cxx11::basic_string<char> >}’ and ‘std::vector<int>’)
   vector2d[i]= vector<int>();
                            ^
In file included from /usr/include/c++/7/vector:69:0,
                 from ../src/Vector.cpp:10:
/usr/include/c++/7/bits/vector.tcc:179:5: note: candidate: std::vector<_Tp, _Alloc>& std::vector<_Tp, _Alloc>::operator=(const std::vector<_Tp, _Alloc>&) [with _Tp = std::__cxx11::basic_string<char>; _Alloc = std::allocator<std::__cxx11::basic_string<char> >]
     vector<_Tp, _Alloc>::
     ^~~~~~~~~~~~~~~~~~~
/usr/include/c++/7/bits/vector.tcc:179:5: note:   no known conversion for argument 1 from ‘std::vector<int>’ to ‘const std::vector<std::__cxx11::basic_string<char> >&’
In file included from /usr/include/c++/7/vector:64:0,
                 from ../src/Vector.cpp:10:
/usr/include/c++/7/bits/stl_vector.h:461:7: note: candidate: std::vector<_Tp, _Alloc>& std::vector<_Tp, _Alloc>::operator=(std::vector<_Tp, _Alloc>&&) [with _Tp = std::__cxx11::basic_string<char>; _Alloc = std::allocator<std::__cxx11::basic_string<char> >]
       operator=(vector&& __x) noexcept(_Alloc_traits::_S_nothrow_move())
       ^~~~~~~~
/usr/include/c++/7/bits/stl_vector.h:461:7: note:   no known conversion for argument 1 from ‘std::vector<int>’ to ‘std::vector<std::__cxx11::basic_string<char> >&&’
/usr/include/c++/7/bits/stl_vector.h:482:7: note: candidate: std::vector<_Tp, _Alloc>& std::vector<_Tp, _Alloc>::operator=(std::initializer_list<_Tp>) [with _Tp = std::__cxx11::basic_string<char>; _Alloc = std::allocator<std::__cxx11::basic_string<char> >]
       operator=(initializer_list<value_type> __l)
       ^~~~~~~~
/usr/include/c++/7/bits/stl_vector.h:482:7: note:   no known conversion for argument 1 from ‘std::vector<int>’ to ‘std::initializer_list<std::__cxx11::basic_string<char> >’
../src/Vector.cpp:199:11: warning: comparison between signed and unsigned integer expressions [-Wsign-compare]
  for(i=0;i<vector2d.size();i++){
          ~^~~~~~~~~~~~~~~~
../src/Vector.cpp:200:12: warning: comparison between signed and unsigned integer expressions [-Wsign-compare]
   for(j=0;j<vector2d[i].size();j++){
           ~^~~~~~~~~~~~~~~~~~~
../src/Vector.cpp:205:11: warning: comparison between signed and unsigned integer expressions [-Wsign-compare]
  for(i=0;i<vector2d.size();i++){
          ~^~~~~~~~~~~~~~~~
../src/Vector.cpp:206:12: warning: comparison between signed and unsigned integer expressions [-Wsign-compare]
   for(j=0;j<vector2d[i].size();j++){
           ~^~~~~~~~~~~~~~~~~~~
make: *** [src/Vector.o] Error 1
src/subdir.mk:18: recipe for target 'src/Vector.o' failed
"make all" terminated with exit code 2. Build might be incomplete.
20:46:21 **** Incremental Build of configuration Debug for project Vector ****
make all 
Building file: ../src/Vector.cpp
Invoking: GCC C++ Compiler
g++ -O0 -g3 -Wall -c -fmessage-length=0 -MMD -MP -MF"src/Vector.d" -MT"src/Vector.o" -o "src/Vector.o" "../src/Vector.cpp"
../src/Vector.cpp: In function ‘int main()’:
../src/Vector.cpp:194:11: warning: comparison between signed and unsigned integer expressions [-Wsign-compare]
  for(i=0;i<vector2d.size();i++){
          ~^~~~~~~~~~~~~~~~
../src/Vector.cpp:199:11: warning: comparison between signed and unsigned integer expressions [-Wsign-compare]
  for(i=0;i<vector2d.size();i++){
          ~^~~~~~~~~~~~~~~~
../src/Vector.cpp:200:12: warning: comparison between signed and unsigned integer expressions [-Wsign-compare]
   for(j=0;j<vector2d[i].size();j++){
           ~^~~~~~~~~~~~~~~~~~~
../src/Vector.cpp:205:11: warning: comparison between signed and unsigned integer expressions [-Wsign-compare]
  for(i=0;i<vector2d.size();i++){
          ~^~~~~~~~~~~~~~~~
../src/Vector.cpp:206:12: warning: comparison between signed and unsigned integer expressions [-Wsign-compare]
   for(j=0;j<vector2d[i].size();j++){
           ~^~~~~~~~~~~~~~~~~~~
Finished building: ../src/Vector.cpp
 
Building target: Vector
Invoking: GCC C++ Linker
g++  -o "Vector"  ./src/Vector.o   
Finished building target: Vector
 
20:58:32 **** Build of configuration Debug for project Array ****
make all 
Building file: ../src/Array.cpp
Invoking: GCC C++ Compiler
g++ -O0 -g3 -Wall -c -fmessage-length=0 -MMD -MP -MF"src/Array.d" -MT"src/Array.o" -o "src/Array.o" "../src/Array.cpp"
../src/Array.cpp: In function ‘int main()’:
../src/Array.cpp:18:12: error: the value of ‘size’ is not usable in a constant expression
  array<int,size> arraylist;
            ^~~~
../src/Array.cpp:16:6: note: ‘int size’ is not const
  int size,i;
      ^~~~
../src/Array.cpp:18:16: error: the value of ‘size’ is not usable in a constant expression
  array<int,size> arraylist;
                ^
../src/Array.cpp:16:6: note: ‘int size’ is not const
  int size,i;
      ^~~~
../src/Array.cpp:18:16: note: in template argument for type ‘long unsigned int’ 
  array<int,size> arraylist;
                ^
../src/Array.cpp:19:23: error: request for member ‘size’ in ‘arraylist’, which is of non-class type ‘int’
  for( i=0;i<arraylist.size();i++){
                       ^~~~
../src/Array.cpp:21:19: error: invalid types ‘int[int]’ for array subscript
   cin>>arraylist[i];
                   ^
../src/Array.cpp:24:12: error: ‘begin’ was not declared in this scope
  for(int e:arraylist){
            ^~~~~~~~~
../src/Array.cpp:24:12: note: suggested alternatives:
In file included from /usr/include/c++/7/string:51:0,
                 from /usr/include/c++/7/bits/locale_classes.h:40,
                 from /usr/include/c++/7/bits/ios_base.h:41,
                 from /usr/include/c++/7/ios:42,
                 from /usr/include/c++/7/ostream:38,
                 from /usr/include/c++/7/iostream:39,
                 from ../src/Array.cpp:9:
/usr/include/c++/7/bits/range_access.h:105:37: note:   ‘std::begin’
   template<typename _Tp> const _Tp* begin(const valarray<_Tp>&);
                                     ^~~~~
/usr/include/c++/7/bits/range_access.h:105:37: note:   ‘std::begin’
../src/Array.cpp:24:12: error: ‘end’ was not declared in this scope
  for(int e:arraylist){
            ^~~~~~~~~
../src/Array.cpp:24:12: note: suggested alternatives:
In file included from /usr/include/c++/7/string:51:0,
                 from /usr/include/c++/7/bits/locale_classes.h:40,
                 from /usr/include/c++/7/bits/ios_base.h:41,
                 from /usr/include/c++/7/ios:42,
                 from /usr/include/c++/7/ostream:38,
                 from /usr/include/c++/7/iostream:39,
                 from ../src/Array.cpp:9:
/usr/include/c++/7/bits/range_access.h:107:37: note:   ‘std::end’
   template<typename _Tp> const _Tp* end(const valarray<_Tp>&);
                                     ^~~
/usr/include/c++/7/bits/range_access.h:107:37: note:   ‘std::end’
make: *** [src/Array.o] Error 1
src/subdir.mk:18: recipe for target 'src/Array.o' failed
"make all" terminated with exit code 2. Build might be incomplete.
20:58:32 **** Incremental Build of configuration Debug for project Pair ****
make all 
Building file: ../src/Pair.cpp
Invoking: GCC C++ Compiler
g++ -O0 -g3 -Wall -c -fmessage-length=0 -MMD -MP -MF"src/Pair.d" -MT"src/Pair.o" -o "src/Pair.o" "../src/Pair.cpp"
Finished building: ../src/Pair.cpp
 
Building target: Pair
Invoking: GCC C++ Linker
g++  -o "Pair"  ./src/Pair.o   
Finished building target: Pair
 
20:58:33 **** Incremental Build of configuration Debug for project String ****
make all 
make: Nothing to be done for 'all'.
20:58:33 **** Incremental Build of configuration Debug for project Vector ****
make all 
Building file: ../src/Vector.cpp
Invoking: GCC C++ Compiler
g++ -O0 -g3 -Wall -c -fmessage-length=0 -MMD -MP -MF"src/Vector.d" -MT"src/Vector.o" -o "src/Vector.o" "../src/Vector.cpp"
Finished building: ../src/Vector.cpp
 
Building target: Vector
Invoking: GCC C++ Linker
g++  -o "Vector"  ./src/Vector.o   
Finished building target: Vector
 
20:59:30 **** Incremental Build of configuration Debug for project Array ****
make all 
Building file: ../src/Array.cpp
Invoking: GCC C++ Compiler
g++ -O0 -g3 -Wall -c -fmessage-length=0 -MMD -MP -MF"src/Array.d" -MT"src/Array.o" -o "src/Array.o" "../src/Array.cpp"
../src/Array.cpp: In function ‘int main()’:
../src/Array.cpp:19:12: warning: comparison between signed and unsigned integer expressions [-Wsign-compare]
  for( i=0;i<arraylist.size();i++){
           ~^~~~~~~~~~~~~~~~~
Finished building: ../src/Array.cpp
 
Building target: Array
Invoking: GCC C++ Linker
g++  -o "Array"  ./src/Array.o   
Finished building target: Array
 
20:59:31 **** Incremental Build of configuration Debug for project Pair ****
make all 
make: Nothing to be done for 'all'.
20:59:31 **** Incremental Build of configuration Debug for project String ****
make all 
make: Nothing to be done for 'all'.
20:59:31 **** Incremental Build of configuration Debug for project Vector ****
make all 
make: Nothing to be done for 'all'.
20:59:43 **** Incremental Build of configuration Debug for project Array ****
make all 
Building file: ../src/Array.cpp
Invoking: GCC C++ Compiler
g++ -O0 -g3 -Wall -c -fmessage-length=0 -MMD -MP -MF"src/Array.d" -MT"src/Array.o" -o "src/Array.o" "../src/Array.cpp"
../src/Array.cpp: In function ‘int main()’:
../src/Array.cpp:19:12: warning: comparison between signed and unsigned integer expressions [-Wsign-compare]
  for( i=0;i<arraylist.size();i++){
           ~^~~~~~~~~~~~~~~~~
Finished building: ../src/Array.cpp
 
Building target: Array
Invoking: GCC C++ Linker
g++  -o "Array"  ./src/Array.o   
Finished building target: Array
 
21:01:28 **** Incremental Build of configuration Debug for project Array ****
make all 
Building file: ../src/Array.cpp
Invoking: GCC C++ Compiler
g++ -O0 -g3 -Wall -c -fmessage-length=0 -MMD -MP -MF"src/Array.d" -MT"src/Array.o" -o "src/Array.o" "../src/Array.cpp"
../src/Array.cpp: In function ‘int main()’:
../src/Array.cpp:20:12: warning: comparison between signed and unsigned integer expressions [-Wsign-compare]
  for( i=0;i<arraylist.size();i++){
           ~^~~~~~~~~~~~~~~~~
Finished building: ../src/Array.cpp
 
Building target: Array
Invoking: GCC C++ Linker
g++  -o "Array"  ./src/Array.o   
Finished building target: Array
 
21:01:29 **** Build of configuration Debug for project ForwardList ****
make all 
Building file: ../src/ForwardList.cpp
Invoking: GCC C++ Compiler
g++ -O0 -g3 -Wall -c -fmessage-length=0 -MMD -MP -MF"src/ForwardList.d" -MT"src/ForwardList.o" -o "src/ForwardList.o" "../src/ForwardList.cpp"
Finished building: ../src/ForwardList.cpp
 
Building target: ForwardList
Invoking: GCC C++ Linker
g++  -o "ForwardList"  ./src/ForwardList.o   
Finished building target: ForwardList
 
21:01:30 **** Incremental Build of configuration Debug for project Pair ****
make all 
make: Nothing to be done for 'all'.
21:01:30 **** Incremental Build of configuration Debug for project String ****
make all 
make: Nothing to be done for 'all'.
21:01:31 **** Incremental Build of configuration Debug for project Vector ****
make all 
make: Nothing to be done for 'all'.
21:11:32 **** Incremental Build of configuration Debug for project ForwardList ****
make all 
Building file: ../src/ForwardList.cpp
Invoking: GCC C++ Compiler
g++ -O0 -g3 -Wall -c -fmessage-length=0 -MMD -MP -MF"src/ForwardList.d" -MT"src/ForwardList.o" -o "src/ForwardList.o" "../src/ForwardList.cpp"
Finished building: ../src/ForwardList.cpp
 
Building target: ForwardList
Invoking: GCC C++ Linker
g++  -o "ForwardList"  ./src/ForwardList.o   
Finished building target: ForwardList
 
21:18:55 **** Incremental Build of configuration Debug for project ForwardList ****
make all 
Building file: ../src/ForwardList.cpp
Invoking: GCC C++ Compiler
g++ -O0 -g3 -Wall -c -fmessage-length=0 -MMD -MP -MF"src/ForwardList.d" -MT"src/ForwardList.o" -o "src/ForwardList.o" "../src/ForwardList.cpp"
Finished building: ../src/ForwardList.cpp
 
Building target: ForwardList
Invoking: GCC C++ Linker
g++  -o "ForwardList"  ./src/ForwardList.o   
Finished building target: ForwardList
 
21:19:02 **** Incremental Build of configuration Debug for project ForwardList ****
make all 
Building file: ../src/ForwardList.cpp
Invoking: GCC C++ Compiler
g++ -O0 -g3 -Wall -c -fmessage-length=0 -MMD -MP -MF"src/ForwardList.d" -MT"src/ForwardList.o" -o "src/ForwardList.o" "../src/ForwardList.cpp"
Finished building: ../src/ForwardList.cpp
 
Building target: ForwardList
Invoking: GCC C++ Linker
g++  -o "ForwardList"  ./src/ForwardList.o   
Finished building target: ForwardList
 
21:19:11 **** Incremental Build of configuration Debug for project ForwardList ****
make all 
Building file: ../src/ForwardList.cpp
Invoking: GCC C++ Compiler
g++ -O0 -g3 -Wall -c -fmessage-length=0 -MMD -MP -MF"src/ForwardList.d" -MT"src/ForwardList.o" -o "src/ForwardList.o" "../src/ForwardList.cpp"
Finished building: ../src/ForwardList.cpp
 
Building target: ForwardList
Invoking: GCC C++ Linker
g++  -o "ForwardList"  ./src/ForwardList.o   
Finished building target: ForwardList
 
21:19:53 **** Incremental Build of configuration Debug for project ForwardList ****
make all 
Building file: ../src/ForwardList.cpp
Invoking: GCC C++ Compiler
g++ -O0 -g3 -Wall -c -fmessage-length=0 -MMD -MP -MF"src/ForwardList.d" -MT"src/ForwardList.o" -o "src/ForwardList.o" "../src/ForwardList.cpp"
Finished building: ../src/ForwardList.cpp
 
Building target: ForwardList
Invoking: GCC C++ Linker
g++  -o "ForwardList"  ./src/ForwardList.o   
Finished building target: ForwardList
 
21:22:27 **** Incremental Build of configuration Debug for project ForwardList ****
make all 
Building file: ../src/ForwardList.cpp
Invoking: GCC C++ Compiler
g++ -O0 -g3 -Wall -c -fmessage-length=0 -MMD -MP -MF"src/ForwardList.d" -MT"src/ForwardList.o" -o "src/ForwardList.o" "../src/ForwardList.cpp"
../src/ForwardList.cpp: In function ‘int main()’:
../src/ForwardList.cpp:52:47: error: expected ‘;’ before ‘)’ token
   flist.splice_after(flist.begin(),secondlist));
                                               ^
src/subdir.mk:18: recipe for target 'src/ForwardList.o' failed
make: *** [src/ForwardList.o] Error 1
"make all" terminated with exit code 2. Build might be incomplete.
21:22:45 **** Incremental Build of configuration Debug for project ForwardList ****
make all 
Building file: ../src/ForwardList.cpp
Invoking: GCC C++ Compiler
g++ -O0 -g3 -Wall -c -fmessage-length=0 -MMD -MP -MF"src/ForwardList.d" -MT"src/ForwardList.o" -o "src/ForwardList.o" "../src/ForwardList.cpp"
Finished building: ../src/ForwardList.cpp
 
Building target: ForwardList
Invoking: GCC C++ Linker
g++  -o "ForwardList"  ./src/ForwardList.o   
Finished building target: ForwardList
 
21:23:31 **** Incremental Build of configuration Debug for project ForwardList ****
make all 
Building file: ../src/ForwardList.cpp
Invoking: GCC C++ Compiler
g++ -O0 -g3 -Wall -c -fmessage-length=0 -MMD -MP -MF"src/ForwardList.d" -MT"src/ForwardList.o" -o "src/ForwardList.o" "../src/ForwardList.cpp"
Finished building: ../src/ForwardList.cpp
 
Building target: ForwardList
Invoking: GCC C++ Linker
g++  -o "ForwardList"  ./src/ForwardList.o   
Finished building target: ForwardList
 
21:23:44 **** Incremental Build of configuration Debug for project ForwardList ****
make all 
Building file: ../src/ForwardList.cpp
Invoking: GCC C++ Compiler
g++ -O0 -g3 -Wall -c -fmessage-length=0 -MMD -MP -MF"src/ForwardList.d" -MT"src/ForwardList.o" -o "src/ForwardList.o" "../src/ForwardList.cpp"
Finished building: ../src/ForwardList.cpp
 
Building target: ForwardList
Invoking: GCC C++ Linker
g++  -o "ForwardList"  ./src/ForwardList.o   
Finished building target: ForwardList
 
21:23:59 **** Incremental Build of configuration Debug for project ForwardList ****
make all 
Building file: ../src/ForwardList.cpp
Invoking: GCC C++ Compiler
g++ -O0 -g3 -Wall -c -fmessage-length=0 -MMD -MP -MF"src/ForwardList.d" -MT"src/ForwardList.o" -o "src/ForwardList.o" "../src/ForwardList.cpp"
../src/ForwardList.cpp: In function ‘int main()’:
../src/ForwardList.cpp:52:43: error: no match for call to ‘(std::forward_list<int>::iterator {aka std::_Fwd_list_iterator<int>}) ()’
   flist.splice_after(flist.before_begin()(),secondlist);
                                           ^
src/subdir.mk:18: recipe for target 'src/ForwardList.o' failed
make: *** [src/ForwardList.o] Error 1
"make all" terminated with exit code 2. Build might be incomplete.
21:24:06 **** Incremental Build of configuration Debug for project ForwardList ****
make all 
Building file: ../src/ForwardList.cpp
Invoking: GCC C++ Compiler
g++ -O0 -g3 -Wall -c -fmessage-length=0 -MMD -MP -MF"src/ForwardList.d" -MT"src/ForwardList.o" -o "src/ForwardList.o" "../src/ForwardList.cpp"
Finished building: ../src/ForwardList.cpp
 
Building target: ForwardList
Invoking: GCC C++ Linker
g++  -o "ForwardList"  ./src/ForwardList.o   
Finished building target: ForwardList
 
21:26:41 **** Incremental Build of configuration Debug for project Array ****
make all 
make: Nothing to be done for 'all'.
21:26:41 **** Incremental Build of configuration Debug for project ForwardList ****
make all 
make: Nothing to be done for 'all'.
21:26:41 **** Build of configuration Debug for project List ****
make all 
Building file: ../src/List.cpp
Invoking: GCC C++ Compiler
g++ -O0 -g3 -Wall -c -fmessage-length=0 -MMD -MP -MF"src/List.d" -MT"src/List.o" -o "src/List.o" "../src/List.cpp"
Finished building: ../src/List.cpp
 
Building target: List
Invoking: GCC C++ Linker
g++  -o "List"  ./src/List.o   
Finished building target: List
 
21:26:42 **** Incremental Build of configuration Debug for project Pair ****
make all 
make: Nothing to be done for 'all'.
21:26:43 **** Incremental Build of configuration Debug for project String ****
make all 
make: Nothing to be done for 'all'.
21:26:43 **** Incremental Build of configuration Debug for project Vector ****
make all 
make: Nothing to be done for 'all'.
21:30:53 **** Incremental Build of configuration Debug for project List ****
make all 
Building file: ../src/List.cpp
Invoking: GCC C++ Compiler
g++ -O0 -g3 -Wall -c -fmessage-length=0 -MMD -MP -MF"src/List.d" -MT"src/List.o" -o "src/List.o" "../src/List.cpp"
Finished building: ../src/List.cpp
 
Building target: List
Invoking: GCC C++ Linker
g++  -o "List"  ./src/List.o   
Finished building target: List
 
21:31:04 **** Incremental Build of configuration Debug for project List ****
make all 
Building file: ../src/List.cpp
Invoking: GCC C++ Compiler
g++ -O0 -g3 -Wall -c -fmessage-length=0 -MMD -MP -MF"src/List.d" -MT"src/List.o" -o "src/List.o" "../src/List.cpp"
Finished building: ../src/List.cpp
 
Building target: List
Invoking: GCC C++ Linker
g++  -o "List"  ./src/List.o   
Finished building target: List
 
22:02:43 **** Incremental Build of configuration Debug for project Array ****
make all 
make: Nothing to be done for 'all'.
22:02:43 **** Incremental Build of configuration Debug for project ForwardList ****
make all 
make: Nothing to be done for 'all'.
22:02:44 **** Incremental Build of configuration Debug for project List ****
make all 
make: Nothing to be done for 'all'.
22:02:44 **** Incremental Build of configuration Debug for project Pair ****
make all 
make: Nothing to be done for 'all'.
22:02:44 **** Build of configuration Debug for project Queue ****
make all 
Building file: ../src/Queue.cpp
Invoking: GCC C++ Compiler
g++ -O0 -g3 -Wall -c -fmessage-length=0 -MMD -MP -MF"src/Queue.d" -MT"src/Queue.o" -o "src/Queue.o" "../src/Queue.cpp"
Finished building: ../src/Queue.cpp
 
Building target: Queue
Invoking: GCC C++ Linker
g++  -o "Queue"  ./src/Queue.o   
Finished building target: Queue
 
22:02:45 **** Incremental Build of configuration Debug for project String ****
make all 
make: Nothing to be done for 'all'.
22:02:45 **** Incremental Build of configuration Debug for project Vector ****
make all 
make: Nothing to be done for 'all'.
22:06:13 **** Incremental Build of configuration Debug for project Queue ****
make all 
Building file: ../src/Queue.cpp
Invoking: GCC C++ Compiler
g++ -O0 -g3 -Wall -c -fmessage-length=0 -MMD -MP -MF"src/Queue.d" -MT"src/Queue.o" -o "src/Queue.o" "../src/Queue.cpp"
Finished building: ../src/Queue.cpp
 
Building target: Queue
Invoking: GCC C++ Linker
g++  -o "Queue"  ./src/Queue.o   
Finished building target: Queue
 
22:15:35 **** Incremental Build of configuration Debug for project Queue ****
make all 
Building file: ../src/Queue.cpp
Invoking: GCC C++ Compiler
g++ -O0 -g3 -Wall -c -fmessage-length=0 -MMD -MP -MF"src/Queue.d" -MT"src/Queue.o" -o "src/Queue.o" "../src/Queue.cpp"
Finished building: ../src/Queue.cpp
 
Building target: Queue
Invoking: GCC C++ Linker
g++  -o "Queue"  ./src/Queue.o   
Finished building target: Queue
 
22:17:45 **** Incremental Build of configuration Debug for project Array ****
make all 
make: Nothing to be done for 'all'.
22:17:45 **** Build of configuration Debug for project Dequeue ****
make all 
Building file: ../src/Dequeue.cpp
Invoking: GCC C++ Compiler
g++ -O0 -g3 -Wall -c -fmessage-length=0 -MMD -MP -MF"src/Dequeue.d" -MT"src/Dequeue.o" -o "src/Dequeue.o" "../src/Dequeue.cpp"
Finished building: ../src/Dequeue.cpp
 
Building target: Dequeue
Invoking: GCC C++ Linker
g++  -o "Dequeue"  ./src/Dequeue.o   
Finished building target: Dequeue
 
22:17:46 **** Incremental Build of configuration Debug for project ForwardList ****
make all 
make: Nothing to be done for 'all'.
22:17:46 **** Incremental Build of configuration Debug for project List ****
make all 
make: Nothing to be done for 'all'.
22:17:47 **** Incremental Build of configuration Debug for project Pair ****
make all 
make: Nothing to be done for 'all'.
22:17:47 **** Incremental Build of configuration Debug for project Queue ****
make all 
make: Nothing to be done for 'all'.
22:17:47 **** Incremental Build of configuration Debug for project String ****
make all 
make: Nothing to be done for 'all'.
22:17:48 **** Incremental Build of configuration Debug for project Vector ****
make all 
make: Nothing to be done for 'all'.
22:21:39 **** Incremental Build of configuration Debug for project Array ****
make all 
make: Nothing to be done for 'all'.
22:21:39 **** Clean-only build of configuration Debug for project Deque ****
make clean 
rm -rf  ./src/Dequeue.o  ./src/Dequeue.d  Dequeue
 
22:21:40 **** Build of configuration Debug for project Deque ****
make all 
Building file: ../src/Deque.cpp
Invoking: GCC C++ Compiler
g++ -O0 -g3 -Wall -c -fmessage-length=0 -MMD -MP -MF"src/Deque.d" -MT"src/Deque.o" -o "src/Deque.o" "../src/Deque.cpp"
Finished building: ../src/Deque.cpp
 
Building target: Deque
Invoking: GCC C++ Linker
g++  -o "Deque"  ./src/Deque.o   
Finished building target: Deque
 
22:21:40 **** Incremental Build of configuration Debug for project ForwardList ****
make all 
make: Nothing to be done for 'all'.
22:21:40 **** Incremental Build of configuration Debug for project List ****
make all 
make: Nothing to be done for 'all'.
22:21:40 **** Incremental Build of configuration Debug for project Pair ****
make all 
make: Nothing to be done for 'all'.
22:21:41 **** Incremental Build of configuration Debug for project Queue ****
make all 
make: Nothing to be done for 'all'.
22:21:41 **** Incremental Build of configuration Debug for project String ****
make all 
make: Nothing to be done for 'all'.
22:21:41 **** Incremental Build of configuration Debug for project Vector ****
make all 
make: Nothing to be done for 'all'.
22:24:01 **** Incremental Build of configuration Debug for project Deque ****
make all 
Building file: ../src/Deque.cpp
Invoking: GCC C++ Compiler
g++ -O0 -g3 -Wall -c -fmessage-length=0 -MMD -MP -MF"src/Deque.d" -MT"src/Deque.o" -o "src/Deque.o" "../src/Deque.cpp"
../src/Deque.cpp: In function ‘int main()’:
../src/Deque.cpp:30:2: error: expected ‘;’ before ‘}’ token
  }
  ^
src/subdir.mk:18: recipe for target 'src/Deque.o' failed
make: *** [src/Deque.o] Error 1
"make all" terminated with exit code 2. Build might be incomplete.
22:24:09 **** Incremental Build of configuration Debug for project Deque ****
make all 
Building file: ../src/Deque.cpp
Invoking: GCC C++ Compiler
g++ -O0 -g3 -Wall -c -fmessage-length=0 -MMD -MP -MF"src/Deque.d" -MT"src/Deque.o" -o "src/Deque.o" "../src/Deque.cpp"
Finished building: ../src/Deque.cpp
 
Building target: Deque
Invoking: GCC C++ Linker
g++  -o "Deque"  ./src/Deque.o   
Finished building target: Deque
 
22:24:18 **** Incremental Build of configuration Debug for project Deque ****
make all 
Building file: ../src/Deque.cpp
Invoking: GCC C++ Compiler
g++ -O0 -g3 -Wall -c -fmessage-length=0 -MMD -MP -MF"src/Deque.d" -MT"src/Deque.o" -o "src/Deque.o" "../src/Deque.cpp"
Finished building: ../src/Deque.cpp
 
Building target: Deque
Invoking: GCC C++ Linker
g++  -o "Deque"  ./src/Deque.o   
Finished building target: Deque
 
22:28:38 **** Incremental Build of configuration Debug for project Array ****
make all 
make: Nothing to be done for 'all'.
22:28:38 **** Incremental Build of configuration Debug for project Deque ****
make all 
make: Nothing to be done for 'all'.
22:28:38 **** Incremental Build of configuration Debug for project ForwardList ****
make all 
make: Nothing to be done for 'all'.
22:28:38 **** Incremental Build of configuration Debug for project List ****
make all 
make: Nothing to be done for 'all'.
22:28:38 **** Incremental Build of configuration Debug for project Pair ****
make all 
make: Nothing to be done for 'all'.
22:28:39 **** Build of configuration Debug for project PriorityQueue ****
make all 
Building file: ../src/PriorityQueue.cpp
Invoking: GCC C++ Compiler
g++ -O0 -g3 -Wall -c -fmessage-length=0 -MMD -MP -MF"src/PriorityQueue.d" -MT"src/PriorityQueue.o" -o "src/PriorityQueue.o" "../src/PriorityQueue.cpp"
Finished building: ../src/PriorityQueue.cpp
 
Building target: PriorityQueue
Invoking: GCC C++ Linker
g++  -o "PriorityQueue"  ./src/PriorityQueue.o   
Finished building target: PriorityQueue
 
22:28:39 **** Incremental Build of configuration Debug for project Queue ****
make all 
make: Nothing to be done for 'all'.
22:28:40 **** Incremental Build of configuration Debug for project String ****
make all 
make: Nothing to be done for 'all'.
22:28:40 **** Incremental Build of configuration Debug for project Vector ****
make all 
make: Nothing to be done for 'all'.
22:33:12 **** Incremental Build of configuration Debug for project PriorityQueue ****
make all 
Building file: ../src/PriorityQueue.cpp
Invoking: GCC C++ Compiler
g++ -O0 -g3 -Wall -c -fmessage-length=0 -MMD -MP -MF"src/PriorityQueue.d" -MT"src/PriorityQueue.o" -o "src/PriorityQueue.o" "../src/PriorityQueue.cpp"
Finished building: ../src/PriorityQueue.cpp
 
Building target: PriorityQueue
Invoking: GCC C++ Linker
g++  -o "PriorityQueue"  ./src/PriorityQueue.o   
Finished building target: PriorityQueue
 
22:39:48 **** Incremental Build of configuration Debug for project PriorityQueue ****
make all 
Building file: ../src/PriorityQueue.cpp
Invoking: GCC C++ Compiler
g++ -O0 -g3 -Wall -c -fmessage-length=0 -MMD -MP -MF"src/PriorityQueue.d" -MT"src/PriorityQueue.o" -o "src/PriorityQueue.o" "../src/PriorityQueue.cpp"
Finished building: ../src/PriorityQueue.cpp
 
Building target: PriorityQueue
Invoking: GCC C++ Linker
g++  -o "PriorityQueue"  ./src/PriorityQueue.o   
Finished building target: PriorityQueue
 
22:39:59 **** Incremental Build of configuration Debug for project PriorityQueue ****
make all 
Building file: ../src/PriorityQueue.cpp
Invoking: GCC C++ Compiler
g++ -O0 -g3 -Wall -c -fmessage-length=0 -MMD -MP -MF"src/PriorityQueue.d" -MT"src/PriorityQueue.o" -o "src/PriorityQueue.o" "../src/PriorityQueue.cpp"
Finished building: ../src/PriorityQueue.cpp
 
Building target: PriorityQueue
Invoking: GCC C++ Linker
g++  -o "PriorityQueue"  ./src/PriorityQueue.o   
Finished building target: PriorityQueue
 
22:47:12 **** Incremental Build of configuration Debug for project PriorityQueue ****
make all 
Building file: ../src/PriorityQueue.cpp
Invoking: GCC C++ Compiler
g++ -O0 -g3 -Wall -c -fmessage-length=0 -MMD -MP -MF"src/PriorityQueue.d" -MT"src/PriorityQueue.o" -o "src/PriorityQueue.o" "../src/PriorityQueue.cpp"
Finished building: ../src/PriorityQueue.cpp
 
Building target: PriorityQueue
Invoking: GCC C++ Linker
g++  -o "PriorityQueue"  ./src/PriorityQueue.o   
Finished building target: PriorityQueue
 
22:51:28 **** Incremental Build of configuration Debug for project Array ****
make all 
make: Nothing to be done for 'all'.
22:51:28 **** Incremental Build of configuration Debug for project Deque ****
make all 
Building file: ../src/Deque.cpp
Invoking: GCC C++ Compiler
g++ -O0 -g3 -Wall -c -fmessage-length=0 -MMD -MP -MF"src/Deque.d" -MT"src/Deque.o" -o "src/Deque.o" "../src/Deque.cpp"
Finished building: ../src/Deque.cpp
 
Building target: Deque
Invoking: GCC C++ Linker
g++  -o "Deque"  ./src/Deque.o   
Finished building target: Deque
 
22:51:30 **** Incremental Build of configuration Debug for project ForwardList ****
make all 
make: Nothing to be done for 'all'.
22:51:30 **** Incremental Build of configuration Debug for project List ****
make all 
make: Nothing to be done for 'all'.
22:51:30 **** Incremental Build of configuration Debug for project Pair ****
make all 
make: Nothing to be done for 'all'.
22:51:30 **** Incremental Build of configuration Debug for project PriorityQueue ****
make all 
make: Nothing to be done for 'all'.
22:51:31 **** Incremental Build of configuration Debug for project Queue ****
make all 
make: Nothing to be done for 'all'.
22:51:31 **** Build of configuration Debug for project Stack ****
make all 
Building file: ../src/Stack.cpp
Invoking: GCC C++ Compiler
g++ -O0 -g3 -Wall -c -fmessage-length=0 -MMD -MP -MF"src/Stack.d" -MT"src/Stack.o" -o "src/Stack.o" "../src/Stack.cpp"
Finished building: ../src/Stack.cpp
 
Building target: Stack
Invoking: GCC C++ Linker
g++  -o "Stack"  ./src/Stack.o   
Finished building target: Stack
 
22:51:32 **** Incremental Build of configuration Debug for project String ****
make all 
make: Nothing to be done for 'all'.
22:51:32 **** Incremental Build of configuration Debug for project Vector ****
make all 
make: Nothing to be done for 'all'.
22:53:26 **** Incremental Build of configuration Debug for project Stack ****
make all 
Building file: ../src/Stack.cpp
Invoking: GCC C++ Compiler
g++ -O0 -g3 -Wall -c -fmessage-length=0 -MMD -MP -MF"src/Stack.d" -MT"src/Stack.o" -o "src/Stack.o" "../src/Stack.cpp"
Finished building: ../src/Stack.cpp
 
Building target: Stack
Invoking: GCC C++ Linker
g++  -o "Stack"  ./src/Stack.o   
Finished building target: Stack
 
22:53:32 **** Incremental Build of configuration Debug for project Stack ****
make all 
Building file: ../src/Stack.cpp
Invoking: GCC C++ Compiler
g++ -O0 -g3 -Wall -c -fmessage-length=0 -MMD -MP -MF"src/Stack.d" -MT"src/Stack.o" -o "src/Stack.o" "../src/Stack.cpp"
Finished building: ../src/Stack.cpp
 
Building target: Stack
Invoking: GCC C++ Linker
g++  -o "Stack"  ./src/Stack.o   
Finished building target: Stack
 
22:53:51 **** Incremental Build of configuration Debug for project Stack ****
make all 
Building file: ../src/Stack.cpp
Invoking: GCC C++ Compiler
g++ -O0 -g3 -Wall -c -fmessage-length=0 -MMD -MP -MF"src/Stack.d" -MT"src/Stack.o" -o "src/Stack.o" "../src/Stack.cpp"
Finished building: ../src/Stack.cpp
 
Building target: Stack
Invoking: GCC C++ Linker
g++  -o "Stack"  ./src/Stack.o   
Finished building target: Stack
 
22:54:43 **** Incremental Build of configuration Debug for project Array ****
make all 
make: Nothing to be done for 'all'.
22:54:44 **** Incremental Build of configuration Debug for project Deque ****
make all 
make: Nothing to be done for 'all'.
22:54:44 **** Incremental Build of configuration Debug for project ForwardList ****
make all 
make: Nothing to be done for 'all'.
22:54:44 **** Incremental Build of configuration Debug for project List ****
make all 
make: Nothing to be done for 'all'.
22:54:45 **** Incremental Build of configuration Debug for project Pair ****
make all 
make: Nothing to be done for 'all'.
22:54:45 **** Incremental Build of configuration Debug for project PriorityQueue ****
make all 
make: Nothing to be done for 'all'.
22:54:45 **** Incremental Build of configuration Debug for project Queue ****
make all 
make: Nothing to be done for 'all'.
22:54:45 **** Build of configuration Debug for project Set ****
make all 
Building file: ../src/Set.cpp
Invoking: GCC C++ Compiler
g++ -O0 -g3 -Wall -c -fmessage-length=0 -MMD -MP -MF"src/Set.d" -MT"src/Set.o" -o "src/Set.o" "../src/Set.cpp"
Finished building: ../src/Set.cpp
 
Building target: Set
Invoking: GCC C++ Linker
g++  -o "Set"  ./src/Set.o   
Finished building target: Set
 
22:54:47 **** Incremental Build of configuration Debug for project Stack ****
make all 
make: Nothing to be done for 'all'.
22:54:47 **** Incremental Build of configuration Debug for project String ****
make all 
make: Nothing to be done for 'all'.
22:54:47 **** Incremental Build of configuration Debug for project Vector ****
make all 
make: Nothing to be done for 'all'.
10:55:43 **** Incremental Build of configuration Debug for project Set ****
make all 
Building file: ../src/Set.cpp
Invoking: GCC C++ Compiler
g++ -O0 -g3 -Wall -c -fmessage-length=0 -MMD -MP -MF"src/Set.d" -MT"src/Set.o" -o "src/Set.o" "../src/Set.cpp"
Finished building: ../src/Set.cpp
 
Building target: Set
Invoking: GCC C++ Linker
g++  -o "Set"  ./src/Set.o   
Finished building target: Set
 
10:56:01 **** Incremental Build of configuration Debug for project Set ****
make all 
Building file: ../src/Set.cpp
Invoking: GCC C++ Compiler
g++ -O0 -g3 -Wall -c -fmessage-length=0 -MMD -MP -MF"src/Set.d" -MT"src/Set.o" -o "src/Set.o" "../src/Set.cpp"
Finished building: ../src/Set.cpp
 
Building target: Set
Invoking: GCC C++ Linker
g++  -o "Set"  ./src/Set.o   
Finished building target: Set
 
10:57:38 **** Incremental Build of configuration Debug for project Set ****
make all 
Building file: ../src/Set.cpp
Invoking: GCC C++ Compiler
g++ -O0 -g3 -Wall -c -fmessage-length=0 -MMD -MP -MF"src/Set.d" -MT"src/Set.o" -o "src/Set.o" "../src/Set.cpp"
Finished building: ../src/Set.cpp
 
Building target: Set
Invoking: GCC C++ Linker
g++  -o "Set"  ./src/Set.o   
Finished building target: Set
 
10:58:15 **** Incremental Build of configuration Debug for project Array ****
make all 
make: Nothing to be done for 'all'.
10:58:16 **** Incremental Build of configuration Debug for project Deque ****
make all 
make: Nothing to be done for 'all'.
10:58:16 **** Incremental Build of configuration Debug for project ForwardList ****
make all 
make: Nothing to be done for 'all'.
10:58:16 **** Incremental Build of configuration Debug for project List ****
make all 
make: Nothing to be done for 'all'.
10:58:17 **** Incremental Build of configuration Debug for project Pair ****
make all 
make: Nothing to be done for 'all'.
10:58:17 **** Incremental Build of configuration Debug for project PriorityQueue ****
make all 
make: Nothing to be done for 'all'.
10:58:17 **** Incremental Build of configuration Debug for project Queue ****
make all 
make: Nothing to be done for 'all'.
10:58:18 **** Incremental Build of configuration Debug for project Set ****
make all 
make: Nothing to be done for 'all'.
10:58:18 **** Incremental Build of configuration Debug for project Stack ****
make all 
make: Nothing to be done for 'all'.
10:58:18 **** Incremental Build of configuration Debug for project String ****
make all 
make: Nothing to be done for 'all'.
10:58:19 **** Build of configuration Debug for project Unordered_set ****
make all 
Building file: ../src/Unordered_set.cpp
Invoking: GCC C++ Compiler
g++ -O0 -g3 -Wall -c -fmessage-length=0 -MMD -MP -MF"src/Unordered_set.d" -MT"src/Unordered_set.o" -o "src/Unordered_set.o" "../src/Unordered_set.cpp"
Finished building: ../src/Unordered_set.cpp
 
Building target: Unordered_set
Invoking: GCC C++ Linker
g++  -o "Unordered_set"  ./src/Unordered_set.o   
Finished building target: Unordered_set
 
10:58:20 **** Incremental Build of configuration Debug for project Vector ****
make all 
make: Nothing to be done for 'all'.
11:13:21 **** Incremental Build of configuration Debug for project Unordered_set ****
make all 
Building file: ../src/Unordered_set.cpp
Invoking: GCC C++ Compiler
g++ -O0 -g3 -Wall -c -fmessage-length=0 -MMD -MP -MF"src/Unordered_set.d" -MT"src/Unordered_set.o" -o "src/Unordered_set.o" "../src/Unordered_set.cpp"
Finished building: ../src/Unordered_set.cpp
 
Building target: Unordered_set
Invoking: GCC C++ Linker
g++  -o "Unordered_set"  ./src/Unordered_set.o   
Finished building target: Unordered_set
 
11:15:02 **** Incremental Build of configuration Debug for project Unordered_set ****
make all 
Building file: ../src/Unordered_set.cpp
Invoking: GCC C++ Compiler
g++ -O0 -g3 -Wall -c -fmessage-length=0 -MMD -MP -MF"src/Unordered_set.d" -MT"src/Unordered_set.o" -o "src/Unordered_set.o" "../src/Unordered_set.cpp"
Finished building: ../src/Unordered_set.cpp
 
Building target: Unordered_set
Invoking: GCC C++ Linker
g++  -o "Unordered_set"  ./src/Unordered_set.o   
Finished building target: Unordered_set
 
11:58:10 **** Incremental Build of configuration Debug for project Array ****
make all 
make: Nothing to be done for 'all'.
11:58:11 **** Incremental Build of configuration Debug for project Deque ****
make all 
make: Nothing to be done for 'all'.
11:58:11 **** Incremental Build of configuration Debug for project ForwardList ****
make all 
make: Nothing to be done for 'all'.
11:58:11 **** Incremental Build of configuration Debug for project List ****
make all 
make: Nothing to be done for 'all'.
11:58:11 **** Build of configuration Debug for project Multiset ****
make all 
Building file: ../src/Multiset.cpp
Invoking: GCC C++ Compiler
g++ -O0 -g3 -Wall -c -fmessage-length=0 -MMD -MP -MF"src/Multiset.d" -MT"src/Multiset.o" -o "src/Multiset.o" "../src/Multiset.cpp"
Finished building: ../src/Multiset.cpp
 
Building target: Multiset
Invoking: GCC C++ Linker
g++  -o "Multiset"  ./src/Multiset.o   
Finished building target: Multiset
 
11:58:12 **** Incremental Build of configuration Debug for project Pair ****
make all 
make: Nothing to be done for 'all'.
11:58:12 **** Incremental Build of configuration Debug for project PriorityQueue ****
make all 
make: Nothing to be done for 'all'.
11:58:12 **** Incremental Build of configuration Debug for project Queue ****
make all 
make: Nothing to be done for 'all'.
11:58:13 **** Incremental Build of configuration Debug for project Set ****
make all 
make: Nothing to be done for 'all'.
11:58:13 **** Incremental Build of configuration Debug for project Stack ****
make all 
make: Nothing to be done for 'all'.
11:58:13 **** Incremental Build of configuration Debug for project String ****
make all 
make: Nothing to be done for 'all'.
11:58:13 **** Incremental Build of configuration Debug for project Unordered_set ****
make all 
make: Nothing to be done for 'all'.
11:58:13 **** Incremental Build of configuration Debug for project Vector ****
make all 
make: Nothing to be done for 'all'.
12:03:28 **** Incremental Build of configuration Debug for project Multiset ****
make all 
Building file: ../src/Multiset.cpp
Invoking: GCC C++ Compiler
g++ -O0 -g3 -Wall -c -fmessage-length=0 -MMD -MP -MF"src/Multiset.d" -MT"src/Multiset.o" -o "src/Multiset.o" "../src/Multiset.cpp"
Finished building: ../src/Multiset.cpp
 
Building target: Multiset
Invoking: GCC C++ Linker
g++  -o "Multiset"  ./src/Multiset.o   
Finished building target: Multiset
 
12:04:12 **** Incremental Build of configuration Debug for project Array ****
make all 
make: Nothing to be done for 'all'.
12:04:12 **** Incremental Build of configuration Debug for project Deque ****
make all 
make: Nothing to be done for 'all'.
12:04:13 **** Incremental Build of configuration Debug for project ForwardList ****
make all 
make: Nothing to be done for 'all'.
12:04:13 **** Incremental Build of configuration Debug for project List ****
make all 
make: Nothing to be done for 'all'.
12:04:13 **** Incremental Build of configuration Debug for project Multiset ****
make all 
make: Nothing to be done for 'all'.
12:04:13 **** Incremental Build of configuration Debug for project Pair ****
make all 
make: Nothing to be done for 'all'.
12:04:14 **** Incremental Build of configuration Debug for project PriorityQueue ****
make all 
make: Nothing to be done for 'all'.
12:04:14 **** Incremental Build of configuration Debug for project Queue ****
make all 
make: Nothing to be done for 'all'.
12:04:14 **** Incremental Build of configuration Debug for project Set ****
make all 
make: Nothing to be done for 'all'.
12:04:14 **** Incremental Build of configuration Debug for project Stack ****
make all 
make: Nothing to be done for 'all'.
12:04:14 **** Incremental Build of configuration Debug for project String ****
make all 
make: Nothing to be done for 'all'.
12:04:14 **** Build of configuration Debug for project UnorderedMultiset ****
make all 
Building file: ../src/UnorderedMultiset.cpp
Invoking: GCC C++ Compiler
g++ -O0 -g3 -Wall -c -fmessage-length=0 -MMD -MP -MF"src/UnorderedMultiset.d" -MT"src/UnorderedMultiset.o" -o "src/UnorderedMultiset.o" "../src/UnorderedMultiset.cpp"
Finished building: ../src/UnorderedMultiset.cpp
 
Building target: UnorderedMultiset
Invoking: GCC C++ Linker
g++  -o "UnorderedMultiset"  ./src/UnorderedMultiset.o   
Finished building target: UnorderedMultiset
 
12:04:15 **** Incremental Build of configuration Debug for project Unordered_set ****
make all 
make: Nothing to be done for 'all'.
12:04:15 **** Incremental Build of configuration Debug for project Vector ****
make all 
make: Nothing to be done for 'all'.
12:06:18 **** Incremental Build of configuration Debug for project UnorderedMultiset ****
make all 
Building file: ../src/UnorderedMultiset.cpp
Invoking: GCC C++ Compiler
g++ -O0 -g3 -Wall -c -fmessage-length=0 -MMD -MP -MF"src/UnorderedMultiset.d" -MT"src/UnorderedMultiset.o" -o "src/UnorderedMultiset.o" "../src/UnorderedMultiset.cpp"
Finished building: ../src/UnorderedMultiset.cpp
 
Building target: UnorderedMultiset
Invoking: GCC C++ Linker
g++  -o "UnorderedMultiset"  ./src/UnorderedMultiset.o   
Finished building target: UnorderedMultiset
 
12:07:21 **** Incremental Build of configuration Debug for project Array ****
make all 
make: Nothing to be done for 'all'.
12:07:21 **** Incremental Build of configuration Debug for project Deque ****
make all 
make: Nothing to be done for 'all'.
12:07:21 **** Incremental Build of configuration Debug for project ForwardList ****
make all 
make: Nothing to be done for 'all'.
12:07:21 **** Incremental Build of configuration Debug for project List ****
make all 
make: Nothing to be done for 'all'.
12:07:22 **** Incremental Build of configuration Debug for project Multiset ****
make all 
Building file: ../src/Multiset.cpp
Invoking: GCC C++ Compiler
g++ -O0 -g3 -Wall -c -fmessage-length=0 -MMD -MP -MF"src/Multiset.d" -MT"src/Multiset.o" -o "src/Multiset.o" "../src/Multiset.cpp"
Finished building: ../src/Multiset.cpp
 
Building target: Multiset
Invoking: GCC C++ Linker
g++  -o "Multiset"  ./src/Multiset.o   
Finished building target: Multiset
 
12:07:22 **** Incremental Build of configuration Debug for project Pair ****
make all 
make: Nothing to be done for 'all'.
12:07:22 **** Incremental Build of configuration Debug for project PriorityQueue ****
make all 
make: Nothing to be done for 'all'.
12:07:23 **** Incremental Build of configuration Debug for project Queue ****
make all 
make: Nothing to be done for 'all'.
12:07:23 **** Incremental Build of configuration Debug for project Set ****
make all 
make: Nothing to be done for 'all'.
12:07:23 **** Incremental Build of configuration Debug for project Stack ****
make all 
make: Nothing to be done for 'all'.
12:07:23 **** Incremental Build of configuration Debug for project String ****
make all 
make: Nothing to be done for 'all'.
12:07:23 **** Incremental Build of configuration Debug for project UnorderedMultiset ****
make all 
make: Nothing to be done for 'all'.
12:07:23 **** Clean-only build of configuration Debug for project UnorderedSet ****
make clean 
rm -rf  ./src/Unordered_set.o  ./src/Unordered_set.d  Unordered_set
 
12:07:23 **** Build of configuration Debug for project UnorderedSet ****
make all 
Building file: ../src/UnorderedSet.cpp
Invoking: GCC C++ Compiler
g++ -O0 -g3 -Wall -c -fmessage-length=0 -MMD -MP -MF"src/UnorderedSet.d" -MT"src/UnorderedSet.o" -o "src/UnorderedSet.o" "../src/UnorderedSet.cpp"
Finished building: ../src/UnorderedSet.cpp
 
Building target: UnorderedSet
Invoking: GCC C++ Linker
g++  -o "UnorderedSet"  ./src/UnorderedSet.o   
Finished building target: UnorderedSet
 
12:07:24 **** Incremental Build of configuration Debug for project Vector ****
make all 
make: Nothing to be done for 'all'.
12:07:26 **** Incremental Build of configuration Debug for project UnorderedMultiset ****
make all 
make: Nothing to be done for 'all'.
12:34:37 **** Incremental Build of configuration Debug for project Array ****
make all 
make: Nothing to be done for 'all'.
12:34:38 **** Incremental Build of configuration Debug for project Deque ****
make all 
make: Nothing to be done for 'all'.
12:34:38 **** Incremental Build of configuration Debug for project ForwardList ****
make all 
make: Nothing to be done for 'all'.
12:34:38 **** Incremental Build of configuration Debug for project List ****
make all 
make: Nothing to be done for 'all'.
12:34:38 **** Build of configuration Debug for project Map ****
make all 
Building file: ../src/Map.cpp
Invoking: GCC C++ Compiler
g++ -O0 -g3 -Wall -c -fmessage-length=0 -MMD -MP -MF"src/Map.d" -MT"src/Map.o" -o "src/Map.o" "../src/Map.cpp"
Finished building: ../src/Map.cpp
 
Building target: Map
Invoking: GCC C++ Linker
g++  -o "Map"  ./src/Map.o   
Finished building target: Map
 
12:34:40 **** Incremental Build of configuration Debug for project Multiset ****
make all 
make: Nothing to be done for 'all'.
12:34:40 **** Incremental Build of configuration Debug for project Pair ****
make all 
make: Nothing to be done for 'all'.
12:34:41 **** Incremental Build of configuration Debug for project PriorityQueue ****
make all 
make: Nothing to be done for 'all'.
12:34:41 **** Incremental Build of configuration Debug for project Queue ****
make all 
make: Nothing to be done for 'all'.
12:34:41 **** Incremental Build of configuration Debug for project Set ****
make all 
make: Nothing to be done for 'all'.
12:34:42 **** Incremental Build of configuration Debug for project Stack ****
make all 
make: Nothing to be done for 'all'.
12:34:42 **** Incremental Build of configuration Debug for project String ****
make all 
make: Nothing to be done for 'all'.
12:34:42 **** Incremental Build of configuration Debug for project UnorderedMultiset ****
make all 
make: Nothing to be done for 'all'.
12:34:42 **** Incremental Build of configuration Debug for project UnorderedSet ****
make all 
make: Nothing to be done for 'all'.
12:34:42 **** Incremental Build of configuration Debug for project Vector ****
make all 
make: Nothing to be done for 'all'.
12:35:30 **** Incremental Build of configuration Debug for project Map ****
make all 
Building file: ../src/Map.cpp
Invoking: GCC C++ Compiler
g++ -O0 -g3 -Wall -c -fmessage-length=0 -MMD -MP -MF"src/Map.d" -MT"src/Map.o" -o "src/Map.o" "../src/Map.cpp"
Finished building: ../src/Map.cpp
 
Building target: Map
Invoking: GCC C++ Linker
g++  -o "Map"  ./src/Map.o   
Finished building target: Map
 
12:37:29 **** Incremental Build of configuration Debug for project Map ****
make all 
Building file: ../src/Map.cpp
Invoking: GCC C++ Compiler
g++ -O0 -g3 -Wall -c -fmessage-length=0 -MMD -MP -MF"src/Map.d" -MT"src/Map.o" -o "src/Map.o" "../src/Map.cpp"
Finished building: ../src/Map.cpp
 
Building target: Map
Invoking: GCC C++ Linker
g++  -o "Map"  ./src/Map.o   
Finished building target: Map
 
12:37:39 **** Incremental Build of configuration Debug for project Map ****
make all 
Building file: ../src/Map.cpp
Invoking: GCC C++ Compiler
g++ -O0 -g3 -Wall -c -fmessage-length=0 -MMD -MP -MF"src/Map.d" -MT"src/Map.o" -o "src/Map.o" "../src/Map.cpp"
../src/Map.cpp: In function ‘int main()’:
../src/Map.cpp:18:33: error: ‘endlo’ was not declared in this scope
   cout<<e.first<<" "<<e.second<<endlo;
                                 ^~~~~
src/subdir.mk:18: recipe for target 'src/Map.o' failed
make: *** [src/Map.o] Error 1
"make all" terminated with exit code 2. Build might be incomplete.
12:37:46 **** Incremental Build of configuration Debug for project Map ****
make all 
Building file: ../src/Map.cpp
Invoking: GCC C++ Compiler
g++ -O0 -g3 -Wall -c -fmessage-length=0 -MMD -MP -MF"src/Map.d" -MT"src/Map.o" -o "src/Map.o" "../src/Map.cpp"
Finished building: ../src/Map.cpp
 
Building target: Map
Invoking: GCC C++ Linker
g++  -o "Map"  ./src/Map.o   
Finished building target: Map
 
12:40:12 **** Incremental Build of configuration Debug for project Map ****
make all 
Building file: ../src/Map.cpp
Invoking: GCC C++ Compiler
g++ -O0 -g3 -Wall -c -fmessage-length=0 -MMD -MP -MF"src/Map.d" -MT"src/Map.o" -o "src/Map.o" "../src/Map.cpp"
Finished building: ../src/Map.cpp
 
Building target: Map
Invoking: GCC C++ Linker
g++  -o "Map"  ./src/Map.o   
Finished building target: Map
 
12:41:06 **** Incremental Build of configuration Debug for project Map ****
make all 
Building file: ../src/Map.cpp
Invoking: GCC C++ Compiler
g++ -O0 -g3 -Wall -c -fmessage-length=0 -MMD -MP -MF"src/Map.d" -MT"src/Map.o" -o "src/Map.o" "../src/Map.cpp"
Finished building: ../src/Map.cpp
 
Building target: Map
Invoking: GCC C++ Linker
g++  -o "Map"  ./src/Map.o   
Finished building target: Map
 
12:44:00 **** Incremental Build of configuration Debug for project Map ****
make all 
Building file: ../src/Map.cpp
Invoking: GCC C++ Compiler
g++ -O0 -g3 -Wall -c -fmessage-length=0 -MMD -MP -MF"src/Map.d" -MT"src/Map.o" -o "src/Map.o" "../src/Map.cpp"
../src/Map.cpp: In function ‘int main()’:
../src/Map.cpp:42:26: error: conversion from ‘std::pair<const int, int>’ to non-scalar type ‘std::pair<std::__cxx11::basic_string<char>, int>’ requested
   for(pair<string,int> e:map){
                          ^~~
make: *** [src/Map.o] Error 1
src/subdir.mk:18: recipe for target 'src/Map.o' failed
"make all" terminated with exit code 2. Build might be incomplete.
12:44:07 **** Incremental Build of configuration Debug for project Map ****
make all 
Building file: ../src/Map.cpp
Invoking: GCC C++ Compiler
g++ -O0 -g3 -Wall -c -fmessage-length=0 -MMD -MP -MF"src/Map.d" -MT"src/Map.o" -o "src/Map.o" "../src/Map.cpp"
Finished building: ../src/Map.cpp
 
Building target: Map
Invoking: GCC C++ Linker
g++  -o "Map"  ./src/Map.o   
Finished building target: Map
 
12:44:17 **** Incremental Build of configuration Debug for project Map ****
make all 
Building file: ../src/Map.cpp
Invoking: GCC C++ Compiler
g++ -O0 -g3 -Wall -c -fmessage-length=0 -MMD -MP -MF"src/Map.d" -MT"src/Map.o" -o "src/Map.o" "../src/Map.cpp"
Finished building: ../src/Map.cpp
 
Building target: Map
Invoking: GCC C++ Linker
g++  -o "Map"  ./src/Map.o   
Finished building target: Map
 
12:45:36 **** Incremental Build of configuration Debug for project Map ****
make all 
Building file: ../src/Map.cpp
Invoking: GCC C++ Compiler
g++ -O0 -g3 -Wall -c -fmessage-length=0 -MMD -MP -MF"src/Map.d" -MT"src/Map.o" -o "src/Map.o" "../src/Map.cpp"
Finished building: ../src/Map.cpp
 
Building target: Map
Invoking: GCC C++ Linker
g++  -o "Map"  ./src/Map.o   
Finished building target: Map
 
12:46:23 **** Incremental Build of configuration Debug for project Map ****
make all 
Building file: ../src/Map.cpp
Invoking: GCC C++ Compiler
g++ -O0 -g3 -Wall -c -fmessage-length=0 -MMD -MP -MF"src/Map.d" -MT"src/Map.o" -o "src/Map.o" "../src/Map.cpp"
Finished building: ../src/Map.cpp
 
Building target: Map
Invoking: GCC C++ Linker
g++  -o "Map"  ./src/Map.o   
Finished building target: Map
 
12:48:24 **** Incremental Build of configuration Debug for project Array ****
make all 
make: Nothing to be done for 'all'.
12:48:24 **** Incremental Build of configuration Debug for project Deque ****
make all 
make: Nothing to be done for 'all'.
12:48:24 **** Incremental Build of configuration Debug for project ForwardList ****
make all 
make: Nothing to be done for 'all'.
12:48:24 **** Incremental Build of configuration Debug for project List ****
make all 
make: Nothing to be done for 'all'.
12:48:25 **** Incremental Build of configuration Debug for project Map ****
make all 
Building file: ../src/Map.cpp
Invoking: GCC C++ Compiler
g++ -O0 -g3 -Wall -c -fmessage-length=0 -MMD -MP -MF"src/Map.d" -MT"src/Map.o" -o "src/Map.o" "../src/Map.cpp"
Finished building: ../src/Map.cpp
 
Building target: Map
Invoking: GCC C++ Linker
g++  -o "Map"  ./src/Map.o   
Finished building target: Map
 
12:48:25 **** Incremental Build of configuration Debug for project Multiset ****
make all 
make: Nothing to be done for 'all'.
12:48:26 **** Incremental Build of configuration Debug for project Pair ****
make all 
make: Nothing to be done for 'all'.
12:48:26 **** Incremental Build of configuration Debug for project PriorityQueue ****
make all 
make: Nothing to be done for 'all'.
12:48:26 **** Incremental Build of configuration Debug for project Queue ****
make all 
make: Nothing to be done for 'all'.
12:48:26 **** Incremental Build of configuration Debug for project Set ****
make all 
make: Nothing to be done for 'all'.
12:48:26 **** Incremental Build of configuration Debug for project Stack ****
make all 
make: Nothing to be done for 'all'.
12:48:26 **** Incremental Build of configuration Debug for project String ****
make all 
make: Nothing to be done for 'all'.
12:48:27 **** Incremental Build of configuration Debug for project UnorderedMultiset ****
make all 
make: Nothing to be done for 'all'.
12:48:27 **** Incremental Build of configuration Debug for project UnorderedSet ****
make all 
make: Nothing to be done for 'all'.
12:48:27 **** Incremental Build of configuration Debug for project Vector ****
make all 
make: Nothing to be done for 'all'.
12:49:20 **** Incremental Build of configuration Debug for project Map ****
make all 
Building file: ../src/Map.cpp
Invoking: GCC C++ Compiler
g++ -O0 -g3 -Wall -c -fmessage-length=0 -MMD -MP -MF"src/Map.d" -MT"src/Map.o" -o "src/Map.o" "../src/Map.cpp"
Finished building: ../src/Map.cpp
 
Building target: Map
Invoking: GCC C++ Linker
g++  -o "Map"  ./src/Map.o   
Finished building target: Map
 
12:50:36 **** Incremental Build of configuration Debug for project Map ****
make all 
Building file: ../src/Map.cpp
Invoking: GCC C++ Compiler
g++ -O0 -g3 -Wall -c -fmessage-length=0 -MMD -MP -MF"src/Map.d" -MT"src/Map.o" -o "src/Map.o" "../src/Map.cpp"
../src/Map.cpp: In function ‘int main()’:
../src/Map.cpp:59:7: error: ‘template<class _Key, class _Tp, class _Compare, class _Alloc> class std::map’ used without template parameters
  std::map::iterator it=map.find(2);
       ^~~
../src/Map.cpp:60:5: error: ‘it’ was not declared in this scope
  if(it!=map.end()){
     ^~
../src/Map.cpp:60:5: note: suggested alternative: ‘int’
  if(it!=map.end()){
     ^~
     int
make: *** [src/Map.o] Error 1
src/subdir.mk:18: recipe for target 'src/Map.o' failed
"make all" terminated with exit code 2. Build might be incomplete.
12:50:58 **** Incremental Build of configuration Debug for project Map ****
make all 
Building file: ../src/Map.cpp
Invoking: GCC C++ Compiler
g++ -O0 -g3 -Wall -c -fmessage-length=0 -MMD -MP -MF"src/Map.d" -MT"src/Map.o" -o "src/Map.o" "../src/Map.cpp"
../src/Map.cpp: In function ‘int main()’:
../src/Map.cpp:61:23: error: no match for ‘operator-’ (operand types are ‘std::map<int, int>::iterator {aka std::_Rb_tree_iterator<std::pair<const int, int> >}’ and ‘std::map<int, int>::iterator {aka std::_Rb_tree_iterator<std::pair<const int, int> >}’)
   cout<<"found at"<<it-map.begin();
                     ~~^~~~~~~~~~~~
In file included from /usr/include/c++/7/bits/stl_algobase.h:67:0,
                 from /usr/include/c++/7/bits/char_traits.h:39,
                 from /usr/include/c++/7/ios:40,
                 from /usr/include/c++/7/ostream:38,
                 from /usr/include/c++/7/iostream:39,
                 from ../src/Map.cpp:9:
/usr/include/c++/7/bits/stl_iterator.h:392:5: note: candidate: template<class _IteratorL, class _IteratorR> decltype ((__y.base() - __x.base())) std::operator-(const std::reverse_iterator<_Iterator>&, const std::reverse_iterator<_IteratorR>&)
     operator-(const reverse_iterator<_IteratorL>& __x,
     ^~~~~~~~
/usr/include/c++/7/bits/stl_iterator.h:392:5: note:   template argument deduction/substitution failed:
../src/Map.cpp:61:34: note:   ‘std::map<int, int>::iterator {aka std::_Rb_tree_iterator<std::pair<const int, int> >}’ is not derived from ‘const std::reverse_iterator<_Iterator>’
   cout<<"found at"<<it-map.begin();
                                  ^
In file included from /usr/include/c++/7/bits/stl_algobase.h:67:0,
                 from /usr/include/c++/7/bits/char_traits.h:39,
                 from /usr/include/c++/7/ios:40,
                 from /usr/include/c++/7/ostream:38,
                 from /usr/include/c++/7/iostream:39,
                 from ../src/Map.cpp:9:
/usr/include/c++/7/bits/stl_iterator.h:1194:5: note: candidate: template<class _IteratorL, class _IteratorR> decltype ((__x.base() - __y.base())) std::operator-(const std::move_iterator<_IteratorL>&, const std::move_iterator<_IteratorR>&)
     operator-(const move_iterator<_IteratorL>& __x,
     ^~~~~~~~
/usr/include/c++/7/bits/stl_iterator.h:1194:5: note:   template argument deduction/substitution failed:
../src/Map.cpp:61:34: note:   ‘std::map<int, int>::iterator {aka std::_Rb_tree_iterator<std::pair<const int, int> >}’ is not derived from ‘const std::move_iterator<_IteratorL>’
   cout<<"found at"<<it-map.begin();
                                  ^
src/subdir.mk:18: recipe for target 'src/Map.o' failed
make: *** [src/Map.o] Error 1
"make all" terminated with exit code 2. Build might be incomplete.
12:51:21 **** Incremental Build of configuration Debug for project Map ****
make all 
Building file: ../src/Map.cpp
Invoking: GCC C++ Compiler
g++ -O0 -g3 -Wall -c -fmessage-length=0 -MMD -MP -MF"src/Map.d" -MT"src/Map.o" -o "src/Map.o" "../src/Map.cpp"
Finished building: ../src/Map.cpp
 
Building target: Map
Invoking: GCC C++ Linker
g++  -o "Map"  ./src/Map.o   
Finished building target: Map
 
12:53:33 **** Incremental Build of configuration Debug for project Map ****
make all 
Building file: ../src/Map.cpp
Invoking: GCC C++ Compiler
g++ -O0 -g3 -Wall -c -fmessage-length=0 -MMD -MP -MF"src/Map.d" -MT"src/Map.o" -o "src/Map.o" "../src/Map.cpp"
Finished building: ../src/Map.cpp
 
Building target: Map
Invoking: GCC C++ Linker
g++  -o "Map"  ./src/Map.o   
Finished building target: Map
 
12:53:41 **** Incremental Build of configuration Debug for project Map ****
make all 
Building file: ../src/Map.cpp
Invoking: GCC C++ Compiler
g++ -O0 -g3 -Wall -c -fmessage-length=0 -MMD -MP -MF"src/Map.d" -MT"src/Map.o" -o "src/Map.o" "../src/Map.cpp"
Finished building: ../src/Map.cpp
 
Building target: Map
Invoking: GCC C++ Linker
g++  -o "Map"  ./src/Map.o   
Finished building target: Map
 
12:54:25 **** Incremental Build of configuration Debug for project Map ****
make all 
Building file: ../src/Map.cpp
Invoking: GCC C++ Compiler
g++ -O0 -g3 -Wall -c -fmessage-length=0 -MMD -MP -MF"src/Map.d" -MT"src/Map.o" -o "src/Map.o" "../src/Map.cpp"
../src/Map.cpp: In function ‘int main()’:
../src/Map.cpp:61:30: error: no match for ‘operator-’ (operand types are ‘std::map<int, int>::iterator {aka std::_Rb_tree_iterator<std::pair<const int, int> >}’ and ‘std::map<int, int>::iterator {aka std::_Rb_tree_iterator<std::pair<const int, int> >}’)
   cout<<"found at"<<map.end()-map.begin();
                     ~~~~~~~~~^~~~~~~~~~~~
In file included from /usr/include/c++/7/bits/stl_algobase.h:67:0,
                 from /usr/include/c++/7/bits/char_traits.h:39,
                 from /usr/include/c++/7/ios:40,
                 from /usr/include/c++/7/ostream:38,
                 from /usr/include/c++/7/iostream:39,
                 from ../src/Map.cpp:9:
/usr/include/c++/7/bits/stl_iterator.h:392:5: note: candidate: template<class _IteratorL, class _IteratorR> decltype ((__y.base() - __x.base())) std::operator-(const std::reverse_iterator<_Iterator>&, const std::reverse_iterator<_IteratorR>&)
     operator-(const reverse_iterator<_IteratorL>& __x,
     ^~~~~~~~
/usr/include/c++/7/bits/stl_iterator.h:392:5: note:   template argument deduction/substitution failed:
../src/Map.cpp:61:41: note:   ‘std::map<int, int>::iterator {aka std::_Rb_tree_iterator<std::pair<const int, int> >}’ is not derived from ‘const std::reverse_iterator<_Iterator>’
   cout<<"found at"<<map.end()-map.begin();
                                         ^
In file included from /usr/include/c++/7/bits/stl_algobase.h:67:0,
                 from /usr/include/c++/7/bits/char_traits.h:39,
                 from /usr/include/c++/7/ios:40,
                 from /usr/include/c++/7/ostream:38,
                 from /usr/include/c++/7/iostream:39,
                 from ../src/Map.cpp:9:
/usr/include/c++/7/bits/stl_iterator.h:1194:5: note: candidate: template<class _IteratorL, class _IteratorR> decltype ((__x.base() - __y.base())) std::operator-(const std::move_iterator<_IteratorL>&, const std::move_iterator<_IteratorR>&)
     operator-(const move_iterator<_IteratorL>& __x,
     ^~~~~~~~
/usr/include/c++/7/bits/stl_iterator.h:1194:5: note:   template argument deduction/substitution failed:
../src/Map.cpp:61:41: note:   ‘std::map<int, int>::iterator {aka std::_Rb_tree_iterator<std::pair<const int, int> >}’ is not derived from ‘const std::move_iterator<_IteratorL>’
   cout<<"found at"<<map.end()-map.begin();
                                         ^
src/subdir.mk:18: recipe for target 'src/Map.o' failed
make: *** [src/Map.o] Error 1
"make all" terminated with exit code 2. Build might be incomplete.
12:55:01 **** Incremental Build of configuration Debug for project Map ****
make all 
Building file: ../src/Map.cpp
Invoking: GCC C++ Compiler
g++ -O0 -g3 -Wall -c -fmessage-length=0 -MMD -MP -MF"src/Map.d" -MT"src/Map.o" -o "src/Map.o" "../src/Map.cpp"
Finished building: ../src/Map.cpp
 
Building target: Map
Invoking: GCC C++ Linker
g++  -o "Map"  ./src/Map.o   
Finished building target: Map
 
12:58:10 **** Incremental Build of configuration Debug for project Map ****
make all 
Building file: ../src/Map.cpp
Invoking: GCC C++ Compiler
g++ -O0 -g3 -Wall -c -fmessage-length=0 -MMD -MP -MF"src/Map.d" -MT"src/Map.o" -o "src/Map.o" "../src/Map.cpp"
../src/Map.cpp: In function ‘int main()’:
../src/Map.cpp:80:2: error: expected ‘,’ or ‘;’ before ‘if’
  if(count){
  ^~
../src/Map.cpp:83:3: error: ‘else’ without a previous ‘if’
  }else{
   ^~~~
../src/Map.cpp:78:6: warning: unused variable ‘count’ [-Wunused-variable]
  int count=map.count(31)
      ^~~~~
src/subdir.mk:18: recipe for target 'src/Map.o' failed
make: *** [src/Map.o] Error 1
"make all" terminated with exit code 2. Build might be incomplete.
12:58:21 **** Incremental Build of configuration Debug for project Map ****
make all 
Building file: ../src/Map.cpp
Invoking: GCC C++ Compiler
g++ -O0 -g3 -Wall -c -fmessage-length=0 -MMD -MP -MF"src/Map.d" -MT"src/Map.o" -o "src/Map.o" "../src/Map.cpp"
Finished building: ../src/Map.cpp
 
Building target: Map
Invoking: GCC C++ Linker
g++  -o "Map"  ./src/Map.o   
Finished building target: Map
 
12:58:31 **** Incremental Build of configuration Debug for project Map ****
make all 
Building file: ../src/Map.cpp
Invoking: GCC C++ Compiler
g++ -O0 -g3 -Wall -c -fmessage-length=0 -MMD -MP -MF"src/Map.d" -MT"src/Map.o" -o "src/Map.o" "../src/Map.cpp"
Finished building: ../src/Map.cpp
 
Building target: Map
Invoking: GCC C++ Linker
g++  -o "Map"  ./src/Map.o   
Finished building target: Map
 
12:58:42 **** Incremental Build of configuration Debug for project Map ****
make all 
Building file: ../src/Map.cpp
Invoking: GCC C++ Compiler
g++ -O0 -g3 -Wall -c -fmessage-length=0 -MMD -MP -MF"src/Map.d" -MT"src/Map.o" -o "src/Map.o" "../src/Map.cpp"
Finished building: ../src/Map.cpp
 
Building target: Map
Invoking: GCC C++ Linker
g++  -o "Map"  ./src/Map.o   
Finished building target: Map
 
13:00:30 **** Incremental Build of configuration Debug for project Map ****
make all 
Building file: ../src/Map.cpp
Invoking: GCC C++ Compiler
g++ -O0 -g3 -Wall -c -fmessage-length=0 -MMD -MP -MF"src/Map.d" -MT"src/Map.o" -o "src/Map.o" "../src/Map.cpp"
Finished building: ../src/Map.cpp
 
Building target: Map
Invoking: GCC C++ Linker
g++  -o "Map"  ./src/Map.o   
Finished building target: Map
 
13:03:01 **** Incremental Build of configuration Debug for project Map ****
make all 
Building file: ../src/Map.cpp
Invoking: GCC C++ Compiler
g++ -O0 -g3 -Wall -c -fmessage-length=0 -MMD -MP -MF"src/Map.d" -MT"src/Map.o" -o "src/Map.o" "../src/Map.cpp"
Finished building: ../src/Map.cpp
 
Building target: Map
Invoking: GCC C++ Linker
g++  -o "Map"  ./src/Map.o   
Finished building target: Map
 
13:03:30 **** Incremental Build of configuration Debug for project Map ****
make all 
Building file: ../src/Map.cpp
Invoking: GCC C++ Compiler
g++ -O0 -g3 -Wall -c -fmessage-length=0 -MMD -MP -MF"src/Map.d" -MT"src/Map.o" -o "src/Map.o" "../src/Map.cpp"
Finished building: ../src/Map.cpp
 
Building target: Map
Invoking: GCC C++ Linker
g++  -o "Map"  ./src/Map.o   
Finished building target: Map
 
13:08:56 **** Incremental Build of configuration Debug for project Array ****
make all 
make: Nothing to be done for 'all'.
13:08:56 **** Incremental Build of configuration Debug for project Deque ****
make all 
make: Nothing to be done for 'all'.
13:08:56 **** Incremental Build of configuration Debug for project ForwardList ****
make all 
make: Nothing to be done for 'all'.
13:08:57 **** Incremental Build of configuration Debug for project List ****
make all 
make: Nothing to be done for 'all'.
13:08:57 **** Incremental Build of configuration Debug for project Map ****
make all 
Building file: ../src/Map.cpp
Invoking: GCC C++ Compiler
g++ -O0 -g3 -Wall -c -fmessage-length=0 -MMD -MP -MF"src/Map.d" -MT"src/Map.o" -o "src/Map.o" "../src/Map.cpp"
Finished building: ../src/Map.cpp
 
Building target: Map
Invoking: GCC C++ Linker
g++  -o "Map"  ./src/Map.o   
Finished building target: Map
 
13:08:58 **** Incremental Build of configuration Debug for project Multiset ****
make all 
make: Nothing to be done for 'all'.
13:08:58 **** Incremental Build of configuration Debug for project Pair ****
make all 
make: Nothing to be done for 'all'.
13:08:59 **** Incremental Build of configuration Debug for project PriorityQueue ****
make all 
make: Nothing to be done for 'all'.
13:08:59 **** Incremental Build of configuration Debug for project Queue ****
make all 
make: Nothing to be done for 'all'.
13:11:50 **** Incremental Build of configuration Debug for project Array ****
make all 
make: Nothing to be done for 'all'.
13:11:50 **** Incremental Build of configuration Debug for project Deque ****
make all 
make: Nothing to be done for 'all'.
13:11:50 **** Incremental Build of configuration Debug for project ForwardList ****
make all 
make: Nothing to be done for 'all'.
13:11:51 **** Incremental Build of configuration Debug for project List ****
make all 
make: Nothing to be done for 'all'.
13:11:51 **** Incremental Build of configuration Debug for project Map ****
make all 
make: Nothing to be done for 'all'.
13:11:51 **** Incremental Build of configuration Debug for project Multiset ****
make all 
make: Nothing to be done for 'all'.
13:11:51 **** Incremental Build of configuration Debug for project Pair ****
make all 
make: Nothing to be done for 'all'.
13:11:51 **** Incremental Build of configuration Debug for project PriorityQueue ****
make all 
make: Nothing to be done for 'all'.
13:11:51 **** Incremental Build of configuration Debug for project Queue ****
make all 
make: Nothing to be done for 'all'.
13:11:51 **** Build of configuration Debug for project Set ****
make all 
make: Nothing to be done for 'all'.
13:11:52 **** Incremental Build of configuration Debug for project Stack ****
make all 
make: Nothing to be done for 'all'.
13:11:52 **** Incremental Build of configuration Debug for project String ****
make all 
make: Nothing to be done for 'all'.
13:11:52 **** Build of configuration Debug for project UnorderedMap ****
make all 
Building file: ../src/UnorderedMap.cpp
Invoking: GCC C++ Compiler
g++ -O0 -g3 -Wall -c -fmessage-length=0 -MMD -MP -MF"src/UnorderedMap.d" -MT"src/UnorderedMap.o" -o "src/UnorderedMap.o" "../src/UnorderedMap.cpp"
Finished building: ../src/UnorderedMap.cpp
 
Building target: UnorderedMap
Invoking: GCC C++ Linker
g++  -o "UnorderedMap"  ./src/UnorderedMap.o   
Finished building target: UnorderedMap
 
13:11:53 **** Incremental Build of configuration Debug for project UnorderedMultiset ****
make all 
make: Nothing to be done for 'all'.
13:11:53 **** Incremental Build of configuration Debug for project UnorderedSet ****
make all 
make: Nothing to be done for 'all'.
13:11:53 **** Incremental Build of configuration Debug for project Vector ****
make all 
make: Nothing to be done for 'all'.
13:11:57 **** Incremental Build of configuration Debug for project UnorderedMap ****
make all 
make: Nothing to be done for 'all'.
13:18:57 **** Incremental Build of configuration Debug for project UnorderedMap ****
make all 
Building file: ../src/UnorderedMap.cpp
Invoking: GCC C++ Compiler
g++ -O0 -g3 -Wall -c -fmessage-length=0 -MMD -MP -MF"src/UnorderedMap.d" -MT"src/UnorderedMap.o" -o "src/UnorderedMap.o" "../src/UnorderedMap.cpp"
Finished building: ../src/UnorderedMap.cpp
 
Building target: UnorderedMap
Invoking: GCC C++ Linker
g++  -o "UnorderedMap"  ./src/UnorderedMap.o   
Finished building target: UnorderedMap
 
13:20:46 **** Incremental Build of configuration Debug for project UnorderedMap ****
make all 
Building file: ../src/UnorderedMap.cpp
Invoking: GCC C++ Compiler
g++ -O0 -g3 -Wall -c -fmessage-length=0 -MMD -MP -MF"src/UnorderedMap.d" -MT"src/UnorderedMap.o" -o "src/UnorderedMap.o" "../src/UnorderedMap.cpp"
Finished building: ../src/UnorderedMap.cpp
 
Building target: UnorderedMap
Invoking: GCC C++ Linker
g++  -o "UnorderedMap"  ./src/UnorderedMap.o   
Finished building target: UnorderedMap
 
13:21:11 **** Incremental Build of configuration Debug for project UnorderedMap ****
make all 
Building file: ../src/UnorderedMap.cpp
Invoking: GCC C++ Compiler
g++ -O0 -g3 -Wall -c -fmessage-length=0 -MMD -MP -MF"src/UnorderedMap.d" -MT"src/UnorderedMap.o" -o "src/UnorderedMap.o" "../src/UnorderedMap.cpp"
Finished building: ../src/UnorderedMap.cpp
 
Building target: UnorderedMap
Invoking: GCC C++ Linker
g++  -o "UnorderedMap"  ./src/UnorderedMap.o   
Finished building target: UnorderedMap
 
13:24:11 **** Incremental Build of configuration Debug for project Array ****
make all 
make: Nothing to be done for 'all'.
13:24:11 **** Incremental Build of configuration Debug for project Deque ****
make all 
make: Nothing to be done for 'all'.
13:24:12 **** Incremental Build of configuration Debug for project ForwardList ****
make all 
make: Nothing to be done for 'all'.
13:24:12 **** Incremental Build of configuration Debug for project List ****
make all 
make: Nothing to be done for 'all'.
13:24:12 **** Incremental Build of configuration Debug for project Map ****
make all 
make: Nothing to be done for 'all'.
13:24:12 **** Build of configuration Debug for project MultiMap ****
make all 
Building file: ../src/MultiMap.cpp
Invoking: GCC C++ Compiler
g++ -O0 -g3 -Wall -c -fmessage-length=0 -MMD -MP -MF"src/MultiMap.d" -MT"src/MultiMap.o" -o "src/MultiMap.o" "../src/MultiMap.cpp"
Finished building: ../src/MultiMap.cpp
 
Building target: MultiMap
Invoking: GCC C++ Linker
g++  -o "MultiMap"  ./src/MultiMap.o   
Finished building target: MultiMap
 
13:24:13 **** Incremental Build of configuration Debug for project Multiset ****
make all 
make: Nothing to be done for 'all'.
13:24:13 **** Incremental Build of configuration Debug for project Pair ****
make all 
make: Nothing to be done for 'all'.
13:24:13 **** Incremental Build of configuration Debug for project PriorityQueue ****
make all 
make: Nothing to be done for 'all'.
13:24:13 **** Incremental Build of configuration Debug for project Queue ****
make all 
make: Nothing to be done for 'all'.
13:24:13 **** Incremental Build of configuration Debug for project Set ****
make all 
make: Nothing to be done for 'all'.
13:24:14 **** Incremental Build of configuration Debug for project Stack ****
make all 
make: Nothing to be done for 'all'.
13:24:14 **** Incremental Build of configuration Debug for project String ****
make all 
make: Nothing to be done for 'all'.
13:24:14 **** Incremental Build of configuration Debug for project UnorderedMap ****
make all 
Building file: ../src/UnorderedMap.cpp
Invoking: GCC C++ Compiler
g++ -O0 -g3 -Wall -c -fmessage-length=0 -MMD -MP -MF"src/UnorderedMap.d" -MT"src/UnorderedMap.o" -o "src/UnorderedMap.o" "../src/UnorderedMap.cpp"
Finished building: ../src/UnorderedMap.cpp
 
Building target: UnorderedMap
Invoking: GCC C++ Linker
g++  -o "UnorderedMap"  ./src/UnorderedMap.o   
Finished building target: UnorderedMap
 
13:24:15 **** Incremental Build of configuration Debug for project UnorderedMultiset ****
make all 
make: Nothing to be done for 'all'.
13:24:15 **** Incremental Build of configuration Debug for project UnorderedSet ****
make all 
make: Nothing to be done for 'all'.
13:24:15 **** Incremental Build of configuration Debug for project Vector ****
make all 
make: Nothing to be done for 'all'.
13:25:42 **** Incremental Build of configuration Debug for project MultiMap ****
make all 
Building file: ../src/MultiMap.cpp
Invoking: GCC C++ Compiler
g++ -O0 -g3 -Wall -c -fmessage-length=0 -MMD -MP -MF"src/MultiMap.d" -MT"src/MultiMap.o" -o "src/MultiMap.o" "../src/MultiMap.cpp"
../src/MultiMap.cpp: In function ‘int main()’:
../src/MultiMap.cpp:24:7: error: no match for ‘operator<<’ (operand types are ‘std::ostream {aka std::basic_ostream<char>}’ and ‘std::pair<int, int>’)
   cout<<e<<endl;
   ~~~~^~~
In file included from /usr/include/c++/7/iostream:39:0,
                 from ../src/MultiMap.cpp:9:
/usr/include/c++/7/ostream:108:7: note: candidate: std::basic_ostream<_CharT, _Traits>::__ostream_type& std::basic_ostream<_CharT, _Traits>::operator<<(std::basic_ostream<_CharT, _Traits>::__ostream_type& (*)(std::basic_ostream<_CharT, _Traits>::__ostream_type&)) [with _CharT = char; _Traits = std::char_traits<char>; std::basic_ostream<_CharT, _Traits>::__ostream_type = std::basic_ostream<char>]
       operator<<(__ostream_type& (*__pf)(__ostream_type&))
       ^~~~~~~~
/usr/include/c++/7/ostream:108:7: note:   no known conversion for argument 1 from ‘std::pair<int, int>’ to ‘std::basic_ostream<char>::__ostream_type& (*)(std::basic_ostream<char>::__ostream_type&) {aka std::basic_ostream<char>& (*)(std::basic_ostream<char>&)}’
/usr/include/c++/7/ostream:117:7: note: candidate: std::basic_ostream<_CharT, _Traits>::__ostream_type& std::basic_ostream<_CharT, _Traits>::operator<<(std::basic_ostream<_CharT, _Traits>::__ios_type& (*)(std::basic_ostream<_CharT, _Traits>::__ios_type&)) [with _CharT = char; _Traits = std::char_traits<char>; std::basic_ostream<_CharT, _Traits>::__ostream_type = std::basic_ostream<char>; std::basic_ostream<_CharT, _Traits>::__ios_type = std::basic_ios<char>]
       operator<<(__ios_type& (*__pf)(__ios_type&))
       ^~~~~~~~
/usr/include/c++/7/ostream:117:7: note:   no known conversion for argument 1 from ‘std::pair<int, int>’ to ‘std::basic_ostream<char>::__ios_type& (*)(std::basic_ostream<char>::__ios_type&) {aka std::basic_ios<char>& (*)(std::basic_ios<char>&)}’
/usr/include/c++/7/ostream:127:7: note: candidate: std::basic_ostream<_CharT, _Traits>::__ostream_type& std::basic_ostream<_CharT, _Traits>::operator<<(std::ios_base& (*)(std::ios_base&)) [with _CharT = char; _Traits = std::char_traits<char>; std::basic_ostream<_CharT, _Traits>::__ostream_type = std::basic_ostream<char>]
       operator<<(ios_base& (*__pf) (ios_base&))
       ^~~~~~~~
/usr/include/c++/7/ostream:127:7: note:   no known conversion for argument 1 from ‘std::pair<int, int>’ to ‘std::ios_base& (*)(std::ios_base&)’
/usr/include/c++/7/ostream:166:7: note: candidate: std::basic_ostream<_CharT, _Traits>::__ostream_type& std::basic_ostream<_CharT, _Traits>::operator<<(long int) [with _CharT = char; _Traits = std::char_traits<char>; std::basic_ostream<_CharT, _Traits>::__ostream_type = std::basic_ostream<char>]
       operator<<(long __n)
       ^~~~~~~~
/usr/include/c++/7/ostream:166:7: note:   no known conversion for argument 1 from ‘std::pair<int, int>’ to ‘long int’
/usr/include/c++/7/ostream:170:7: note: candidate: std::basic_ostream<_CharT, _Traits>::__ostream_type& std::basic_ostream<_CharT, _Traits>::operator<<(long unsigned int) [with _CharT = char; _Traits = std::char_traits<char>; std::basic_ostream<_CharT, _Traits>::__ostream_type = std::basic_ostream<char>]
       operator<<(unsigned long __n)
       ^~~~~~~~
/usr/include/c++/7/ostream:170:7: note:   no known conversion for argument 1 from ‘std::pair<int, int>’ to ‘long unsigned int’
/usr/include/c++/7/ostream:174:7: note: candidate: std::basic_ostream<_CharT, _Traits>::__ostream_type& std::basic_ostream<_CharT, _Traits>::operator<<(bool) [with _CharT = char; _Traits = std::char_traits<char>; std::basic_ostream<_CharT, _Traits>::__ostream_type = std::basic_ostream<char>]
       operator<<(bool __n)
       ^~~~~~~~
/usr/include/c++/7/ostream:174:7: note:   no known conversion for argument 1 from ‘std::pair<int, int>’ to ‘bool’
In file included from /usr/include/c++/7/ostream:693:0,
                 from /usr/include/c++/7/iostream:39,
                 from ../src/MultiMap.cpp:9:
/usr/include/c++/7/bits/ostream.tcc:91:5: note: candidate: std::basic_ostream<_CharT, _Traits>& std::basic_ostream<_CharT, _Traits>::operator<<(short int) [with _CharT = char; _Traits = std::char_traits<char>]
     basic_ostream<_CharT, _Traits>::
     ^~~~~~~~~~~~~~~~~~~~~~~~~~~~~~
/usr/include/c++/7/bits/ostream.tcc:91:5: note:   no known conversion for argument 1 from ‘std::pair<int, int>’ to ‘short int’
In file included from /usr/include/c++/7/iostream:39:0,
                 from ../src/MultiMap.cpp:9:
/usr/include/c++/7/ostream:181:7: note: candidate: std::basic_ostream<_CharT, _Traits>::__ostream_type& std::basic_ostream<_CharT, _Traits>::operator<<(short unsigned int) [with _CharT = char; _Traits = std::char_traits<char>; std::basic_ostream<_CharT, _Traits>::__ostream_type = std::basic_ostream<char>]
       operator<<(unsigned short __n)
       ^~~~~~~~
/usr/include/c++/7/ostream:181:7: note:   no known conversion for argument 1 from ‘std::pair<int, int>’ to ‘short unsigned int’
In file included from /usr/include/c++/7/ostream:693:0,
                 from /usr/include/c++/7/iostream:39,
                 from ../src/MultiMap.cpp:9:
/usr/include/c++/7/bits/ostream.tcc:105:5: note: candidate: std::basic_ostream<_CharT, _Traits>& std::basic_ostream<_CharT, _Traits>::operator<<(int) [with _CharT = char; _Traits = std::char_traits<char>]
     basic_ostream<_CharT, _Traits>::
     ^~~~~~~~~~~~~~~~~~~~~~~~~~~~~~
/usr/include/c++/7/bits/ostream.tcc:105:5: note:   no known conversion for argument 1 from ‘std::pair<int, int>’ to ‘int’
In file included from /usr/include/c++/7/iostream:39:0,
                 from ../src/MultiMap.cpp:9:
/usr/include/c++/7/ostream:192:7: note: candidate: std::basic_ostream<_CharT, _Traits>::__ostream_type& std::basic_ostream<_CharT, _Traits>::operator<<(unsigned int) [with _CharT = char; _Traits = std::char_traits<char>; std::basic_ostream<_CharT, _Traits>::__ostream_type = std::basic_ostream<char>]
       operator<<(unsigned int __n)
       ^~~~~~~~
/usr/include/c++/7/ostream:192:7: note:   no known conversion for argument 1 from ‘std::pair<int, int>’ to ‘unsigned int’
/usr/include/c++/7/ostream:201:7: note: candidate: std::basic_ostream<_CharT, _Traits>::__ostream_type& std::basic_ostream<_CharT, _Traits>::operator<<(long long int) [with _CharT = char; _Traits = std::char_traits<char>; std::basic_ostream<_CharT, _Traits>::__ostream_type = std::basic_ostream<char>]
       operator<<(long long __n)
       ^~~~~~~~
/usr/include/c++/7/ostream:201:7: note:   no known conversion for argument 1 from ‘std::pair<int, int>’ to ‘long long int’
/usr/include/c++/7/ostream:205:7: note: candidate: std::basic_ostream<_CharT, _Traits>::__ostream_type& std::basic_ostream<_CharT, _Traits>::operator<<(long long unsigned int) [with _CharT = char; _Traits = std::char_traits<char>; std::basic_ostream<_CharT, _Traits>::__ostream_type = std::basic_ostream<char>]
       operator<<(unsigned long long __n)
       ^~~~~~~~
/usr/include/c++/7/ostream:205:7: note:   no known conversion for argument 1 from ‘std::pair<int, int>’ to ‘long long unsigned int’
/usr/include/c++/7/ostream:220:7: note: candidate: std::basic_ostream<_CharT, _Traits>::__ostream_type& std::basic_ostream<_CharT, _Traits>::operator<<(double) [with _CharT = char; _Traits = std::char_traits<char>; std::basic_ostream<_CharT, _Traits>::__ostream_type = std::basic_ostream<char>]
       operator<<(double __f)
       ^~~~~~~~
/usr/include/c++/7/ostream:220:7: note:   no known conversion for argument 1 from ‘std::pair<int, int>’ to ‘double’
/usr/include/c++/7/ostream:224:7: note: candidate: std::basic_ostream<_CharT, _Traits>::__ostream_type& std::basic_ostream<_CharT, _Traits>::operator<<(float) [with _CharT = char; _Traits = std::char_traits<char>; std::basic_ostream<_CharT, _Traits>::__ostream_type = std::basic_ostream<char>]
       operator<<(float __f)
       ^~~~~~~~
/usr/include/c++/7/ostream:224:7: note:   no known conversion for argument 1 from ‘std::pair<int, int>’ to ‘float’
/usr/include/c++/7/ostream:232:7: note: candidate: std::basic_ostream<_CharT, _Traits>::__ostream_type& std::basic_ostream<_CharT, _Traits>::operator<<(long double) [with _CharT = char; _Traits = std::char_traits<char>; std::basic_ostream<_CharT, _Traits>::__ostream_type = std::basic_ostream<char>]
       operator<<(long double __f)
       ^~~~~~~~
/usr/include/c++/7/ostream:232:7: note:   no known conversion for argument 1 from ‘std::pair<int, int>’ to ‘long double’
/usr/include/c++/7/ostream:245:7: note: candidate: std::basic_ostream<_CharT, _Traits>::__ostream_type& std::basic_ostream<_CharT, _Traits>::operator<<(const void*) [with _CharT = char; _Traits = std::char_traits<char>; std::basic_ostream<_CharT, _Traits>::__ostream_type = std::basic_ostream<char>]
       operator<<(const void* __p)
       ^~~~~~~~
/usr/include/c++/7/ostream:245:7: note:   no known conversion for argument 1 from ‘std::pair<int, int>’ to ‘const void*’
In file included from /usr/include/c++/7/ostream:693:0,
                 from /usr/include/c++/7/iostream:39,
                 from ../src/MultiMap.cpp:9:
/usr/include/c++/7/bits/ostream.tcc:119:5: note: candidate: std::basic_ostream<_CharT, _Traits>& std::basic_ostream<_CharT, _Traits>::operator<<(std::basic_ostream<_CharT, _Traits>::__streambuf_type*) [with _CharT = char; _Traits = std::char_traits<char>; std::basic_ostream<_CharT, _Traits>::__streambuf_type = std::basic_streambuf<char>]
     basic_ostream<_CharT, _Traits>::
     ^~~~~~~~~~~~~~~~~~~~~~~~~~~~~~
/usr/include/c++/7/bits/ostream.tcc:119:5: note:   no known conversion for argument 1 from ‘std::pair<int, int>’ to ‘std::basic_ostream<char>::__streambuf_type* {aka std::basic_streambuf<char>*}’
In file included from /usr/include/c++/7/string:52:0,
                 from /usr/include/c++/7/bits/locale_classes.h:40,
                 from /usr/include/c++/7/bits/ios_base.h:41,
                 from /usr/include/c++/7/ios:42,
                 from /usr/include/c++/7/ostream:38,
                 from /usr/include/c++/7/iostream:39,
                 from ../src/MultiMap.cpp:9:
/usr/include/c++/7/bits/basic_string.h:6284:5: note: candidate: template<class _CharT, class _Traits, class _Alloc> std::basic_ostream<_CharT, _Traits>& std::operator<<(std::basic_ostream<_CharT, _Traits>&, const std::__cxx11::basic_string<_CharT, _Traits, _Alloc>&)
     operator<<(basic_ostream<_CharT, _Traits>& __os,
     ^~~~~~~~
/usr/include/c++/7/bits/basic_string.h:6284:5: note:   template argument deduction/substitution failed:
../src/MultiMap.cpp:24:9: note:   ‘std::pair<int, int>’ is not derived from ‘const std::__cxx11::basic_string<_CharT, _Traits, _Alloc>’
   cout<<e<<endl;
         ^
In file included from /usr/include/c++/7/bits/ios_base.h:46:0,
                 from /usr/include/c++/7/ios:42,
                 from /usr/include/c++/7/ostream:38,
                 from /usr/include/c++/7/iostream:39,
                 from ../src/MultiMap.cpp:9:
/usr/include/c++/7/system_error:217:5: note: candidate: template<class _CharT, class _Traits> std::basic_ostream<_CharT, _Traits>& std::operator<<(std::basic_ostream<_CharT, _Traits>&, const std::error_code&)
     operator<<(basic_ostream<_CharT, _Traits>& __os, const error_code& __e)
     ^~~~~~~~
/usr/include/c++/7/system_error:217:5: note:   template argument deduction/substitution failed:
../src/MultiMap.cpp:24:9: note:   cannot convert ‘e’ (type ‘std::pair<int, int>’) to type ‘const std::error_code&’
   cout<<e<<endl;
         ^
In file included from /usr/include/c++/7/iostream:39:0,
                 from ../src/MultiMap.cpp:9:
/usr/include/c++/7/ostream:497:5: note: candidate: template<class _CharT, class _Traits> std::basic_ostream<_CharT, _Traits>& std::operator<<(std::basic_ostream<_CharT, _Traits>&, _CharT)
     operator<<(basic_ostream<_CharT, _Traits>& __out, _CharT __c)
     ^~~~~~~~
/usr/include/c++/7/ostream:497:5: note:   template argument deduction/substitution failed:
../src/MultiMap.cpp:24:9: note:   deduced conflicting types for parameter ‘_CharT’ (‘char’ and ‘std::pair<int, int>’)
   cout<<e<<endl;
         ^
In file included from /usr/include/c++/7/iostream:39:0,
                 from ../src/MultiMap.cpp:9:
/usr/include/c++/7/ostream:502:5: note: candidate: template<class _CharT, class _Traits> std::basic_ostream<_CharT, _Traits>& std::operator<<(std::basic_ostream<_CharT, _Traits>&, char)
     operator<<(basic_ostream<_CharT, _Traits>& __out, char __c)
     ^~~~~~~~
/usr/include/c++/7/ostream:502:5: note:   template argument deduction/substitution failed:
../src/MultiMap.cpp:24:9: note:   cannot convert ‘e’ (type ‘std::pair<int, int>’) to type ‘char’
   cout<<e<<endl;
         ^
In file included from /usr/include/c++/7/iostream:39:0,
                 from ../src/MultiMap.cpp:9:
/usr/include/c++/7/ostream:508:5: note: candidate: template<class _Traits> std::basic_ostream<char, _Traits>& std::operator<<(std::basic_ostream<char, _Traits>&, char)
     operator<<(basic_ostream<char, _Traits>& __out, char __c)
     ^~~~~~~~
/usr/include/c++/7/ostream:508:5: note:   template argument deduction/substitution failed:
../src/MultiMap.cpp:24:9: note:   cannot convert ‘e’ (type ‘std::pair<int, int>’) to type ‘char’
   cout<<e<<endl;
         ^
In file included from /usr/include/c++/7/iostream:39:0,
                 from ../src/MultiMap.cpp:9:
/usr/include/c++/7/ostream:514:5: note: candidate: template<class _Traits> std::basic_ostream<char, _Traits>& std::operator<<(std::basic_ostream<char, _Traits>&, signed char)
     operator<<(basic_ostream<char, _Traits>& __out, signed char __c)
     ^~~~~~~~
/usr/include/c++/7/ostream:514:5: note:   template argument deduction/substitution failed:
../src/MultiMap.cpp:24:9: note:   cannot convert ‘e’ (type ‘std::pair<int, int>’) to type ‘signed char’
   cout<<e<<endl;
         ^
In file included from /usr/include/c++/7/iostream:39:0,
                 from ../src/MultiMap.cpp:9:
/usr/include/c++/7/ostream:519:5: note: candidate: template<class _Traits> std::basic_ostream<char, _Traits>& std::operator<<(std::basic_ostream<char, _Traits>&, unsigned char)
     operator<<(basic_ostream<char, _Traits>& __out, unsigned char __c)
     ^~~~~~~~
/usr/include/c++/7/ostream:519:5: note:   template argument deduction/substitution failed:
../src/MultiMap.cpp:24:9: note:   cannot convert ‘e’ (type ‘std::pair<int, int>’) to type ‘unsigned char’
   cout<<e<<endl;
         ^
In file included from /usr/include/c++/7/iostream:39:0,
                 from ../src/MultiMap.cpp:9:
/usr/include/c++/7/ostream:539:5: note: candidate: template<class _CharT, class _Traits> std::basic_ostream<_CharT, _Traits>& std::operator<<(std::basic_ostream<_CharT, _Traits>&, const _CharT*)
     operator<<(basic_ostream<_CharT, _Traits>& __out, const _CharT* __s)
     ^~~~~~~~
/usr/include/c++/7/ostream:539:5: note:   template argument deduction/substitution failed:
../src/MultiMap.cpp:24:9: note:   mismatched types ‘const _CharT*’ and ‘std::pair<int, int>’
   cout<<e<<endl;
         ^
In file included from /usr/include/c++/7/ostream:693:0,
                 from /usr/include/c++/7/iostream:39,
                 from ../src/MultiMap.cpp:9:
/usr/include/c++/7/bits/ostream.tcc:321:5: note: candidate: template<class _CharT, class _Traits> std::basic_ostream<_CharT, _Traits>& std::operator<<(std::basic_ostream<_CharT, _Traits>&, const char*)
     operator<<(basic_ostream<_CharT, _Traits>& __out, const char* __s)
     ^~~~~~~~
/usr/include/c++/7/bits/ostream.tcc:321:5: note:   template argument deduction/substitution failed:
src/subdir.mk:18: recipe for target 'src/MultiMap.o' failed
../src/MultiMap.cpp:24:9: note:   cannot convert ‘e’ (type ‘std::pair<int, int>’) to type ‘const char*’
   cout<<e<<endl;
         ^
In file included from /usr/include/c++/7/iostream:39:0,
                 from ../src/MultiMap.cpp:9:
/usr/include/c++/7/ostream:556:5: note: candidate: template<class _Traits> std::basic_ostream<char, _Traits>& std::operator<<(std::basic_ostream<char, _Traits>&, const char*)
     operator<<(basic_ostream<char, _Traits>& __out, const char* __s)
     ^~~~~~~~
/usr/include/c++/7/ostream:556:5: note:   template argument deduction/substitution failed:
../src/MultiMap.cpp:24:9: note:   cannot convert ‘e’ (type ‘std::pair<int, int>’) to type ‘const char*’
   cout<<e<<endl;
         ^
In file included from /usr/include/c++/7/iostream:39:0,
                 from ../src/MultiMap.cpp:9:
/usr/include/c++/7/ostream:569:5: note: candidate: template<class _Traits> std::basic_ostream<char, _Traits>& std::operator<<(std::basic_ostream<char, _Traits>&, const signed char*)
     operator<<(basic_ostream<char, _Traits>& __out, const signed char* __s)
     ^~~~~~~~
/usr/include/c++/7/ostream:569:5: note:   template argument deduction/substitution failed:
../src/MultiMap.cpp:24:9: note:   cannot convert ‘e’ (type ‘std::pair<int, int>’) to type ‘const signed char*’
   cout<<e<<endl;
         ^
In file included from /usr/include/c++/7/iostream:39:0,
                 from ../src/MultiMap.cpp:9:
/usr/include/c++/7/ostream:574:5: note: candidate: template<class _Traits> std::basic_ostream<char, _Traits>& std::operator<<(std::basic_ostream<char, _Traits>&, const unsigned char*)
     operator<<(basic_ostream<char, _Traits>& __out, const unsigned char* __s)
     ^~~~~~~~
/usr/include/c++/7/ostream:574:5: note:   template argument deduction/substitution failed:
../src/MultiMap.cpp:24:9: note:   cannot convert ‘e’ (type ‘std::pair<int, int>’) to type ‘const unsigned char*’
   cout<<e<<endl;
         ^
In file included from /usr/include/c++/7/iostream:39:0,
                 from ../src/MultiMap.cpp:9:
/usr/include/c++/7/ostream:682:5: note: candidate: template<class _Ostream, class _Tp> typename std::enable_if<std::__and_<std::__not_<std::is_lvalue_reference<_Tp> >, std::__is_convertible_to_basic_ostream<_Ostream>, std::__is_insertable<typename std::__is_convertible_to_basic_ostream<_Tp>::__ostream_type, const _Tp&, void> >::value, typename std::__is_convertible_to_basic_ostream<_Tp>::__ostream_type>::type std::operator<<(_Ostream&&, const _Tp&)
     operator<<(_Ostream&& __os, const _Tp& __x)
     ^~~~~~~~
/usr/include/c++/7/ostream:682:5: note:   template argument deduction/substitution failed:
/usr/include/c++/7/ostream: In substitution of ‘template<class _Ostream, class _Tp> typename std::enable_if<std::__and_<std::__not_<std::is_lvalue_reference<_Tp> >, std::__is_convertible_to_basic_ostream<_Ostream>, std::__is_insertable<typename std::__is_convertible_to_basic_ostream<_Tp>::__ostream_type, const _Tp&, void> >::value, typename std::__is_convertible_to_basic_ostream<_Tp>::__ostream_type>::type std::operator<<(_Ostream&&, const _Tp&) [with _Ostream = std::basic_ostream<char>&; _Tp = std::pair<int, int>]’:
../src/MultiMap.cpp:24:9:   required from here
/usr/include/c++/7/ostream:682:5: error: no type named ‘type’ in ‘struct std::enable_if<false, std::basic_ostream<char>&>’
make: *** [src/MultiMap.o] Error 1
"make all" terminated with exit code 2. Build might be incomplete.
13:26:08 **** Incremental Build of configuration Debug for project MultiMap ****
make all 
Building file: ../src/MultiMap.cpp
Invoking: GCC C++ Compiler
g++ -O0 -g3 -Wall -c -fmessage-length=0 -MMD -MP -MF"src/MultiMap.d" -MT"src/MultiMap.o" -o "src/MultiMap.o" "../src/MultiMap.cpp"
Finished building: ../src/MultiMap.cpp
 
Building target: MultiMap
Invoking: GCC C++ Linker
g++  -o "MultiMap"  ./src/MultiMap.o   
Finished building target: MultiMap
 
13:26:30 **** Incremental Build of configuration Debug for project MultiMap ****
make all 
Building file: ../src/MultiMap.cpp
Invoking: GCC C++ Compiler
g++ -O0 -g3 -Wall -c -fmessage-length=0 -MMD -MP -MF"src/MultiMap.d" -MT"src/MultiMap.o" -o "src/MultiMap.o" "../src/MultiMap.cpp"
Finished building: ../src/MultiMap.cpp
 
Building target: MultiMap
Invoking: GCC C++ Linker
g++  -o "MultiMap"  ./src/MultiMap.o   
Finished building target: MultiMap
 
13:29:13 **** Incremental Build of configuration Debug for project Array ****
make all 
make: Nothing to be done for 'all'.
13:29:13 **** Incremental Build of configuration Debug for project Deque ****
make all 
make: Nothing to be done for 'all'.
13:29:13 **** Incremental Build of configuration Debug for project ForwardList ****
make all 
make: Nothing to be done for 'all'.
13:29:14 **** Incremental Build of configuration Debug for project List ****
make all 
make: Nothing to be done for 'all'.
13:29:14 **** Incremental Build of configuration Debug for project Map ****
make all 
make: Nothing to be done for 'all'.
13:29:14 **** Incremental Build of configuration Debug for project MultiMap ****
make all 
make: Nothing to be done for 'all'.
13:29:14 **** Incremental Build of configuration Debug for project Multiset ****
make all 
make: Nothing to be done for 'all'.
13:29:15 **** Incremental Build of configuration Debug for project Pair ****
make all 
make: Nothing to be done for 'all'.
13:29:15 **** Incremental Build of configuration Debug for project PriorityQueue ****
make all 
make: Nothing to be done for 'all'.
13:29:15 **** Incremental Build of configuration Debug for project Queue ****
make all 
make: Nothing to be done for 'all'.
13:29:15 **** Incremental Build of configuration Debug for project Set ****
make all 
make: Nothing to be done for 'all'.
13:29:15 **** Incremental Build of configuration Debug for project Stack ****
make all 
make: Nothing to be done for 'all'.
13:29:16 **** Incremental Build of configuration Debug for project String ****
make all 
make: Nothing to be done for 'all'.
13:29:16 **** Incremental Build of configuration Debug for project UnorderedMap ****
make all 
make: Nothing to be done for 'all'.
13:29:16 **** Build of configuration Debug for project UnorderedMultimap ****
make all 
Building file: ../src/UnorderedMultimap.cpp
Invoking: GCC C++ Compiler
g++ -O0 -g3 -Wall -c -fmessage-length=0 -MMD -MP -MF"src/UnorderedMultimap.d" -MT"src/UnorderedMultimap.o" -o "src/UnorderedMultimap.o" "../src/UnorderedMultimap.cpp"
Finished building: ../src/UnorderedMultimap.cpp
 
Building target: UnorderedMultimap
Invoking: GCC C++ Linker
g++  -o "UnorderedMultimap"  ./src/UnorderedMultimap.o   
Finished building target: UnorderedMultimap
 
13:29:17 **** Incremental Build of configuration Debug for project UnorderedMultiset ****
make all 
make: Nothing to be done for 'all'.
13:29:17 **** Incremental Build of configuration Debug for project UnorderedSet ****
make all 
make: Nothing to be done for 'all'.
13:29:17 **** Incremental Build of configuration Debug for project Vector ****
make all 
make: Nothing to be done for 'all'.
13:30:08 **** Incremental Build of configuration Debug for project UnorderedMultimap ****
make all 
Building file: ../src/UnorderedMultimap.cpp
Invoking: GCC C++ Compiler
g++ -O0 -g3 -Wall -c -fmessage-length=0 -MMD -MP -MF"src/UnorderedMultimap.d" -MT"src/UnorderedMultimap.o" -o "src/UnorderedMultimap.o" "../src/UnorderedMultimap.cpp"
Finished building: ../src/UnorderedMultimap.cpp
 
Building target: UnorderedMultimap
Invoking: GCC C++ Linker
g++  -o "UnorderedMultimap"  ./src/UnorderedMultimap.o   
Finished building target: UnorderedMultimap
 
14:20:08 **** Incremental Build of configuration Debug for project Array ****
make all 
make: Nothing to be done for 'all'.
14:20:08 **** Incremental Build of configuration Debug for project Deque ****
make all 
make: Nothing to be done for 'all'.
14:20:08 **** Incremental Build of configuration Debug for project ForwardList ****
make all 
make: Nothing to be done for 'all'.
14:20:09 **** Build of configuration Debug for project Heap ****
make all 
Building file: ../src/Heap.cpp
Invoking: GCC C++ Compiler
g++ -O0 -g3 -Wall -c -fmessage-length=0 -MMD -MP -MF"src/Heap.d" -MT"src/Heap.o" -o "src/Heap.o" "../src/Heap.cpp"
Finished building: ../src/Heap.cpp
 
Building target: Heap
Invoking: GCC C++ Linker
g++  -o "Heap"  ./src/Heap.o   
Finished building target: Heap
 
14:20:09 **** Incremental Build of configuration Debug for project List ****
make all 
make: Nothing to be done for 'all'.
14:20:09 **** Incremental Build of configuration Debug for project Map ****
make all 
make: Nothing to be done for 'all'.
14:20:09 **** Incremental Build of configuration Debug for project MultiMap ****
make all 
make: Nothing to be done for 'all'.
14:20:10 **** Incremental Build of configuration Debug for project Multiset ****
make all 
make: Nothing to be done for 'all'.
14:20:10 **** Incremental Build of configuration Debug for project Pair ****
make all 
make: Nothing to be done for 'all'.
14:20:10 **** Incremental Build of configuration Debug for project PriorityQueue ****
make all 
make: Nothing to be done for 'all'.
14:20:10 **** Incremental Build of configuration Debug for project Queue ****
make all 
make: Nothing to be done for 'all'.
14:20:10 **** Incremental Build of configuration Debug for project Set ****
make all 
make: Nothing to be done for 'all'.
14:20:10 **** Incremental Build of configuration Debug for project Stack ****
make all 
make: Nothing to be done for 'all'.
14:20:11 **** Incremental Build of configuration Debug for project String ****
make all 
make: Nothing to be done for 'all'.
14:20:11 **** Incremental Build of configuration Debug for project UnorderedMap ****
make all 
make: Nothing to be done for 'all'.
14:20:11 **** Incremental Build of configuration Debug for project UnorderedMultimap ****
make all 
make: Nothing to be done for 'all'.
14:20:11 **** Incremental Build of configuration Debug for project UnorderedMultiset ****
make all 
make: Nothing to be done for 'all'.
14:20:11 **** Incremental Build of configuration Debug for project UnorderedSet ****
make all 
make: Nothing to be done for 'all'.
14:20:11 **** Incremental Build of configuration Debug for project Vector ****
make all 
make: Nothing to be done for 'all'.
14:23:56 **** Incremental Build of configuration Debug for project Heap ****
make all 
Building file: ../src/Heap.cpp
Invoking: GCC C++ Compiler
g++ -O0 -g3 -Wall -c -fmessage-length=0 -MMD -MP -MF"src/Heap.d" -MT"src/Heap.o" -o "src/Heap.o" "../src/Heap.cpp"
Finished building: ../src/Heap.cpp
 
Building target: Heap
Invoking: GCC C++ Linker
g++  -o "Heap"  ./src/Heap.o   
Finished building target: Heap
 
14:24:52 **** Incremental Build of configuration Debug for project Heap ****
make all 
Building file: ../src/Heap.cpp
Invoking: GCC C++ Compiler
g++ -O0 -g3 -Wall -c -fmessage-length=0 -MMD -MP -MF"src/Heap.d" -MT"src/Heap.o" -o "src/Heap.o" "../src/Heap.cpp"
Finished building: ../src/Heap.cpp
 
Building target: Heap
Invoking: GCC C++ Linker
g++  -o "Heap"  ./src/Heap.o   
Finished building target: Heap
 
14:26:43 **** Incremental Build of configuration Debug for project Heap ****
make all 
Building file: ../src/Heap.cpp
Invoking: GCC C++ Compiler
g++ -O0 -g3 -Wall -c -fmessage-length=0 -MMD -MP -MF"src/Heap.d" -MT"src/Heap.o" -o "src/Heap.o" "../src/Heap.cpp"
Finished building: ../src/Heap.cpp
 
Building target: Heap
Invoking: GCC C++ Linker
g++  -o "Heap"  ./src/Heap.o   
Finished building target: Heap
 
14:27:10 **** Incremental Build of configuration Debug for project Heap ****
make all 
Building file: ../src/Heap.cpp
Invoking: GCC C++ Compiler
g++ -O0 -g3 -Wall -c -fmessage-length=0 -MMD -MP -MF"src/Heap.d" -MT"src/Heap.o" -o "src/Heap.o" "../src/Heap.cpp"
Finished building: ../src/Heap.cpp
 
Building target: Heap
Invoking: GCC C++ Linker
g++  -o "Heap"  ./src/Heap.o   
Finished building target: Heap
 
14:31:37 **** Incremental Build of configuration Debug for project Heap ****
make all 
Building file: ../src/Heap.cpp
Invoking: GCC C++ Compiler
g++ -O0 -g3 -Wall -c -fmessage-length=0 -MMD -MP -MF"src/Heap.d" -MT"src/Heap.o" -o "src/Heap.o" "../src/Heap.cpp"
Finished building: ../src/Heap.cpp
 
Building target: Heap
Invoking: GCC C++ Linker
g++  -o "Heap"  ./src/Heap.o   
Finished building target: Heap
 
14:32:42 **** Incremental Build of configuration Debug for project Heap ****
make all 
Building file: ../src/Heap.cpp
Invoking: GCC C++ Compiler
g++ -O0 -g3 -Wall -c -fmessage-length=0 -MMD -MP -MF"src/Heap.d" -MT"src/Heap.o" -o "src/Heap.o" "../src/Heap.cpp"
Finished building: ../src/Heap.cpp
 
Building target: Heap
Invoking: GCC C++ Linker
g++  -o "Heap"  ./src/Heap.o   
Finished building target: Heap
 
14:32:54 **** Incremental Build of configuration Debug for project Heap ****
make all 
Building file: ../src/Heap.cpp
Invoking: GCC C++ Compiler
g++ -O0 -g3 -Wall -c -fmessage-length=0 -MMD -MP -MF"src/Heap.d" -MT"src/Heap.o" -o "src/Heap.o" "../src/Heap.cpp"
Finished building: ../src/Heap.cpp
 
Building target: Heap
Invoking: GCC C++ Linker
g++  -o "Heap"  ./src/Heap.o   
Finished building target: Heap
 
14:36:37 **** Build of configuration Debug for project Algorithms ****
make all 
Building file: ../src/Algorithms.cpp
Invoking: GCC C++ Compiler
g++ -O0 -g3 -Wall -c -fmessage-length=0 -MMD -MP -MF"src/Algorithms.d" -MT"src/Algorithms.o" -o "src/Algorithms.o" "../src/Algorithms.cpp"
Finished building: ../src/Algorithms.cpp
 
Building target: Algorithms
Invoking: GCC C++ Linker
g++  -o "Algorithms"  ./src/Algorithms.o   
Finished building target: Algorithms
 
14:36:38 **** Incremental Build of configuration Debug for project Array ****
make all 
make: Nothing to be done for 'all'.
14:36:38 **** Incremental Build of configuration Debug for project Deque ****
make all 
make: Nothing to be done for 'all'.
14:36:38 **** Incremental Build of configuration Debug for project ForwardList ****
make all 
make: Nothing to be done for 'all'.
14:36:38 **** Incremental Build of configuration Debug for project Heap ****
make all 
Building file: ../src/Heap.cpp
Invoking: GCC C++ Compiler
g++ -O0 -g3 -Wall -c -fmessage-length=0 -MMD -MP -MF"src/Heap.d" -MT"src/Heap.o" -o "src/Heap.o" "../src/Heap.cpp"
Finished building: ../src/Heap.cpp
 
Building target: Heap
Invoking: GCC C++ Linker
g++  -o "Heap"  ./src/Heap.o   
Finished building target: Heap
 
14:36:39 **** Incremental Build of configuration Debug for project List ****
make all 
make: Nothing to be done for 'all'.
14:36:39 **** Incremental Build of configuration Debug for project Map ****
make all 
make: Nothing to be done for 'all'.
14:36:39 **** Incremental Build of configuration Debug for project MultiMap ****
make all 
make: Nothing to be done for 'all'.
14:36:39 **** Incremental Build of configuration Debug for project Multiset ****
make all 
make: Nothing to be done for 'all'.
14:36:40 **** Incremental Build of configuration Debug for project Pair ****
make all 
make: Nothing to be done for 'all'.
14:36:40 **** Incremental Build of configuration Debug for project PriorityQueue ****
make all 
make: Nothing to be done for 'all'.
14:36:40 **** Incremental Build of configuration Debug for project Queue ****
make all 
make: Nothing to be done for 'all'.
14:36:40 **** Incremental Build of configuration Debug for project Set ****
make all 
make: Nothing to be done for 'all'.
14:36:40 **** Incremental Build of configuration Debug for project Stack ****
make all 
make: Nothing to be done for 'all'.
14:36:40 **** Incremental Build of configuration Debug for project String ****
make all 
make: Nothing to be done for 'all'.
14:36:41 **** Incremental Build of configuration Debug for project UnorderedMap ****
make all 
make: Nothing to be done for 'all'.
14:36:41 **** Incremental Build of configuration Debug for project UnorderedMultimap ****
make all 
make: Nothing to be done for 'all'.
14:36:41 **** Incremental Build of configuration Debug for project UnorderedMultiset ****
make all 
make: Nothing to be done for 'all'.
14:36:41 **** Incremental Build of configuration Debug for project UnorderedSet ****
make all 
make: Nothing to be done for 'all'.
14:36:41 **** Incremental Build of configuration Debug for project Vector ****
make all 
make: Nothing to be done for 'all'.
14:36:46 **** Incremental Build of configuration Debug for project Algorithms ****
make all 
make: Nothing to be done for 'all'.
14:38:36 **** Incremental Build of configuration Debug for project Algorithms ****
make all 
Building file: ../src/Algorithms.cpp
Invoking: GCC C++ Compiler
g++ -O0 -g3 -Wall -c -fmessage-length=0 -MMD -MP -MF"src/Algorithms.d" -MT"src/Algorithms.o" -o "src/Algorithms.o" "../src/Algorithms.cpp"
Finished building: ../src/Algorithms.cpp
 
Building target: Algorithms
Invoking: GCC C++ Linker
g++  -o "Algorithms"  ./src/Algorithms.o   
Finished building target: Algorithms
 
